[0.241s] DEBUG:colcon:Command line arguments: ['/usr/bin/colcon', 'build']
[0.242s] DEBUG:colcon:Parsed command line arguments: Namespace(log_base=None, log_level=None, verb_name='build', build_base='build', install_base='install', merge_install=False, symlink_install=False, test_result_base=None, continue_on_error=False, executor='parallel', parallel_workers=8, event_handlers=None, ignore_user_meta=False, metas=['./colcon.meta'], base_paths=['.'], packages_ignore=None, packages_ignore_regex=None, paths=None, packages_up_to=None, packages_up_to_regex=None, packages_above=None, packages_above_and_dependencies=None, packages_above_depth=None, packages_select_by_dep=None, packages_skip_by_dep=None, packages_skip_up_to=None, packages_select_build_failed=False, packages_skip_build_finished=False, packages_select_test_failures=False, packages_skip_test_passed=False, packages_select=None, packages_skip=None, packages_select_regex=None, packages_skip_regex=None, packages_start=None, packages_end=None, allow_overriding=[], cmake_args=None, cmake_target=None, cmake_target_skip_unavailable=False, cmake_clean_cache=False, cmake_clean_first=False, cmake_force_configure=False, ament_cmake_args=None, catkin_cmake_args=None, catkin_skip_building_tests=False, mixin_files=None, mixin=None, verb_parser=<colcon_mixin.mixin.mixin_argument.MixinArgumentDecorator object at 0x7c7173f7fef0>, verb_extension=<colcon_core.verb.build.BuildVerb object at 0x7c7173f7fbc0>, main=<bound method BuildVerb.main of <colcon_core.verb.build.BuildVerb object at 0x7c7173f7fbc0>>, mixin_verb=('build',))
[0.324s] Level 1:colcon.colcon_core.package_discovery:discover_packages(colcon_meta) check parameters
[0.324s] Level 1:colcon.colcon_core.package_discovery:discover_packages(recursive) check parameters
[0.325s] Level 1:colcon.colcon_core.package_discovery:discover_packages(ignore) check parameters
[0.325s] Level 1:colcon.colcon_core.package_discovery:discover_packages(path) check parameters
[0.325s] Level 1:colcon.colcon_core.package_discovery:discover_packages(colcon_meta) discover
[0.325s] Level 1:colcon.colcon_core.package_discovery:discover_packages(recursive) discover
[0.325s] INFO:colcon.colcon_core.package_discovery:Crawling recursively for packages in '/home/debraj/Documents/MotionPlanning/ros_ws'
[0.325s] Level 1:colcon.colcon_core.package_identification:_identify(.) by extensions ['ignore', 'ignore_ament_install']
[0.326s] Level 1:colcon.colcon_core.package_identification:_identify(.) by extension 'ignore'
[0.326s] Level 1:colcon.colcon_core.package_identification:_identify(.) by extension 'ignore_ament_install'
[0.326s] Level 1:colcon.colcon_core.package_identification:_identify(.) by extensions ['colcon_pkg']
[0.326s] Level 1:colcon.colcon_core.package_identification:_identify(.) by extension 'colcon_pkg'
[0.327s] Level 1:colcon.colcon_core.package_identification:_identify(.) by extensions ['colcon_meta']
[0.327s] Level 1:colcon.colcon_core.package_identification:_identify(.) by extension 'colcon_meta'
[0.327s] Level 1:colcon.colcon_core.package_identification:_identify(.) by extensions ['ros']
[0.327s] Level 1:colcon.colcon_core.package_identification:_identify(.) by extension 'ros'
[0.385s] Level 1:colcon.colcon_core.package_identification:_identify(.) by extensions ['cmake', 'python']
[0.385s] Level 1:colcon.colcon_core.package_identification:_identify(.) by extension 'cmake'
[0.385s] Level 1:colcon.colcon_core.package_identification:_identify(.) by extension 'python'
[0.386s] Level 1:colcon.colcon_core.package_identification:_identify(.) by extensions ['python_setup_py']
[0.386s] Level 1:colcon.colcon_core.package_identification:_identify(.) by extension 'python_setup_py'
[0.386s] Level 1:colcon.colcon_core.package_identification:_identify(build) by extensions ['ignore', 'ignore_ament_install']
[0.386s] Level 1:colcon.colcon_core.package_identification:_identify(build) by extension 'ignore'
[0.386s] Level 1:colcon.colcon_core.package_identification:_identify(build) ignored
[0.386s] Level 1:colcon.colcon_core.package_identification:_identify(install) by extensions ['ignore', 'ignore_ament_install']
[0.387s] Level 1:colcon.colcon_core.package_identification:_identify(install) by extension 'ignore'
[0.387s] Level 1:colcon.colcon_core.package_identification:_identify(install) ignored
[0.387s] Level 1:colcon.colcon_core.package_identification:_identify(log) by extensions ['ignore', 'ignore_ament_install']
[0.387s] Level 1:colcon.colcon_core.package_identification:_identify(log) by extension 'ignore'
[0.387s] Level 1:colcon.colcon_core.package_identification:_identify(log) ignored
[0.387s] Level 1:colcon.colcon_core.package_identification:_identify(src) by extensions ['ignore', 'ignore_ament_install']
[0.387s] Level 1:colcon.colcon_core.package_identification:_identify(src) by extension 'ignore'
[0.387s] Level 1:colcon.colcon_core.package_identification:_identify(src) by extension 'ignore_ament_install'
[0.387s] Level 1:colcon.colcon_core.package_identification:_identify(src) by extensions ['colcon_pkg']
[0.388s] Level 1:colcon.colcon_core.package_identification:_identify(src) by extension 'colcon_pkg'
[0.388s] Level 1:colcon.colcon_core.package_identification:_identify(src) by extensions ['colcon_meta']
[0.388s] Level 1:colcon.colcon_core.package_identification:_identify(src) by extension 'colcon_meta'
[0.388s] Level 1:colcon.colcon_core.package_identification:_identify(src) by extensions ['ros']
[0.388s] Level 1:colcon.colcon_core.package_identification:_identify(src) by extension 'ros'
[0.388s] Level 1:colcon.colcon_core.package_identification:_identify(src) by extensions ['cmake', 'python']
[0.388s] Level 1:colcon.colcon_core.package_identification:_identify(src) by extension 'cmake'
[0.388s] Level 1:colcon.colcon_core.package_identification:_identify(src) by extension 'python'
[0.388s] Level 1:colcon.colcon_core.package_identification:_identify(src) by extensions ['python_setup_py']
[0.388s] Level 1:colcon.colcon_core.package_identification:_identify(src) by extension 'python_setup_py'
[0.388s] Level 1:colcon.colcon_core.package_identification:_identify(src/subscriber_package) by extensions ['ignore', 'ignore_ament_install']
[0.389s] Level 1:colcon.colcon_core.package_identification:_identify(src/subscriber_package) by extension 'ignore'
[0.389s] Level 1:colcon.colcon_core.package_identification:_identify(src/subscriber_package) by extension 'ignore_ament_install'
[0.389s] Level 1:colcon.colcon_core.package_identification:_identify(src/subscriber_package) by extensions ['colcon_pkg']
[0.389s] Level 1:colcon.colcon_core.package_identification:_identify(src/subscriber_package) by extension 'colcon_pkg'
[0.389s] Level 1:colcon.colcon_core.package_identification:_identify(src/subscriber_package) by extensions ['colcon_meta']
[0.389s] Level 1:colcon.colcon_core.package_identification:_identify(src/subscriber_package) by extension 'colcon_meta'
[0.389s] Level 1:colcon.colcon_core.package_identification:_identify(src/subscriber_package) by extensions ['ros']
[0.389s] Level 1:colcon.colcon_core.package_identification:_identify(src/subscriber_package) by extension 'ros'
[0.393s] DEBUG:colcon.colcon_core.package_identification:Package 'src/subscriber_package' with type 'ros.ament_cmake' and name 'subscriber_package'
[0.393s] Level 1:colcon.colcon_core.package_discovery:discover_packages(recursive) using defaults
[0.393s] Level 1:colcon.colcon_core.package_discovery:discover_packages(ignore) discover
[0.393s] Level 1:colcon.colcon_core.package_discovery:discover_packages(ignore) using defaults
[0.393s] Level 1:colcon.colcon_core.package_discovery:discover_packages(path) discover
[0.393s] Level 1:colcon.colcon_core.package_discovery:discover_packages(path) using defaults
[0.423s] Level 1:colcon.colcon_core.package_discovery:discover_packages(prefix_path) check parameters
[0.423s] Level 1:colcon.colcon_core.package_discovery:discover_packages(prefix_path) discover
[0.426s] DEBUG:colcon.colcon_installed_package_information.package_discovery:Found 1 installed packages in /home/debraj/Documents/MotionPlanning/ros_ws/install
[0.429s] DEBUG:colcon.colcon_installed_package_information.package_discovery:Found 318 installed packages in /opt/ros/jazzy
[0.431s] Level 1:colcon.colcon_core.package_discovery:discover_packages(prefix_path) using defaults
[0.526s] Level 5:colcon.colcon_core.verb:set package 'subscriber_package' build argument 'cmake_args' from command line to 'None'
[0.526s] Level 5:colcon.colcon_core.verb:set package 'subscriber_package' build argument 'cmake_target' from command line to 'None'
[0.526s] Level 5:colcon.colcon_core.verb:set package 'subscriber_package' build argument 'cmake_target_skip_unavailable' from command line to 'False'
[0.526s] Level 5:colcon.colcon_core.verb:set package 'subscriber_package' build argument 'cmake_clean_cache' from command line to 'False'
[0.526s] Level 5:colcon.colcon_core.verb:set package 'subscriber_package' build argument 'cmake_clean_first' from command line to 'False'
[0.526s] Level 5:colcon.colcon_core.verb:set package 'subscriber_package' build argument 'cmake_force_configure' from command line to 'False'
[0.527s] Level 5:colcon.colcon_core.verb:set package 'subscriber_package' build argument 'ament_cmake_args' from command line to 'None'
[0.527s] Level 5:colcon.colcon_core.verb:set package 'subscriber_package' build argument 'catkin_cmake_args' from command line to 'None'
[0.527s] Level 5:colcon.colcon_core.verb:set package 'subscriber_package' build argument 'catkin_skip_building_tests' from command line to 'False'
[0.527s] DEBUG:colcon.colcon_core.verb:Building package 'subscriber_package' with the following arguments: {'ament_cmake_args': None, 'build_base': '/home/debraj/Documents/MotionPlanning/ros_ws/build/subscriber_package', 'catkin_cmake_args': None, 'catkin_skip_building_tests': False, 'cmake_args': None, 'cmake_clean_cache': False, 'cmake_clean_first': False, 'cmake_force_configure': False, 'cmake_target': None, 'cmake_target_skip_unavailable': False, 'install_base': '/home/debraj/Documents/MotionPlanning/ros_ws/install/subscriber_package', 'merge_install': False, 'path': '/home/debraj/Documents/MotionPlanning/ros_ws/src/subscriber_package', 'symlink_install': False, 'test_result_base': None}
[0.527s] INFO:colcon.colcon_core.executor:Executing jobs using 'parallel' executor
[0.528s] DEBUG:colcon.colcon_parallel_executor.executor.parallel:run_until_complete
[0.529s] INFO:colcon.colcon_ros.task.ament_cmake.build:Building ROS package in '/home/debraj/Documents/MotionPlanning/ros_ws/src/subscriber_package' with build type 'ament_cmake'
[0.529s] INFO:colcon.colcon_cmake.task.cmake.build:Building CMake package in '/home/debraj/Documents/MotionPlanning/ros_ws/src/subscriber_package'
[0.533s] INFO:colcon.colcon_core.plugin_system:Skipping extension 'colcon_core.shell.bat': Not used on non-Windows systems
[0.533s] INFO:colcon.colcon_core.shell:Skip shell extension 'powershell' for command environment: Not usable outside of PowerShell
[0.533s] DEBUG:colcon.colcon_core.shell:Skip shell extension 'dsv' for command environment
[0.554s] DEBUG:colcon.colcon_core.event_handler.log_command:Invoking command in '/home/debraj/Documents/MotionPlanning/ros_ws/build/subscriber_package': CMAKE_PREFIX_PATH=${CMAKE_PREFIX_PATH}:/opt/ros/jazzy DEBUGINFOD_URLS=https://debuginfod.ubuntu.com /usr/bin/cmake --build /home/debraj/Documents/MotionPlanning/ros_ws/build/subscriber_package -- -j8 -l8
[21.358s] DEBUG:colcon.colcon_core.event_handler.log_command:Invoked command in '/home/debraj/Documents/MotionPlanning/ros_ws/build/subscriber_package' returned '0': CMAKE_PREFIX_PATH=${CMAKE_PREFIX_PATH}:/opt/ros/jazzy DEBUGINFOD_URLS=https://debuginfod.ubuntu.com /usr/bin/cmake --build /home/debraj/Documents/MotionPlanning/ros_ws/build/subscriber_package -- -j8 -l8
[21.410s] DEBUG:colcon.colcon_core.event_handler.log_command:Invoking command in '/home/debraj/Documents/MotionPlanning/ros_ws/build/subscriber_package': CMAKE_PREFIX_PATH=${CMAKE_PREFIX_PATH}:/opt/ros/jazzy DEBUGINFOD_URLS=https://debuginfod.ubuntu.com /usr/bin/cmake --install /home/debraj/Documents/MotionPlanning/ros_ws/build/subscriber_package
[21.431s] Level 1:colcon.colcon_core.environment:create_environment_scripts_only(subscriber_package)
[21.432s] DEBUG:colcon.colcon_core.event_handler.log_command:Invoked command in '/home/debraj/Documents/MotionPlanning/ros_ws/build/subscriber_package' returned '0': CMAKE_PREFIX_PATH=${CMAKE_PREFIX_PATH}:/opt/ros/jazzy DEBUGINFOD_URLS=https://debuginfod.ubuntu.com /usr/bin/cmake --install /home/debraj/Documents/MotionPlanning/ros_ws/build/subscriber_package
[21.434s] Level 1:colcon.colcon_core.environment:checking '/home/debraj/Documents/MotionPlanning/ros_ws/install/subscriber_package' for CMake module files
[21.434s] Level 1:colcon.colcon_core.environment:checking '/home/debraj/Documents/MotionPlanning/ros_ws/install/subscriber_package' for CMake config files
[21.434s] Level 1:colcon.colcon_core.shell:create_environment_hook('subscriber_package', 'cmake_prefix_path')
[21.435s] INFO:colcon.colcon_core.shell:Creating environment hook '/home/debraj/Documents/MotionPlanning/ros_ws/install/subscriber_package/share/subscriber_package/hook/cmake_prefix_path.ps1'
[21.435s] INFO:colcon.colcon_core.shell:Creating environment descriptor '/home/debraj/Documents/MotionPlanning/ros_ws/install/subscriber_package/share/subscriber_package/hook/cmake_prefix_path.dsv'
[21.435s] INFO:colcon.colcon_core.shell:Creating environment hook '/home/debraj/Documents/MotionPlanning/ros_ws/install/subscriber_package/share/subscriber_package/hook/cmake_prefix_path.sh'
[21.436s] Level 1:colcon.colcon_core.environment:checking '/home/debraj/Documents/MotionPlanning/ros_ws/install/subscriber_package/lib'
[21.436s] Level 1:colcon.colcon_core.environment:checking '/home/debraj/Documents/MotionPlanning/ros_ws/install/subscriber_package/bin'
[21.436s] Level 1:colcon.colcon_core.environment:checking '/home/debraj/Documents/MotionPlanning/ros_ws/install/subscriber_package/lib/pkgconfig/subscriber_package.pc'
[21.437s] Level 1:colcon.colcon_core.environment:checking '/home/debraj/Documents/MotionPlanning/ros_ws/install/subscriber_package/lib/python3.12/site-packages'
[21.437s] Level 1:colcon.colcon_core.environment:checking '/home/debraj/Documents/MotionPlanning/ros_ws/install/subscriber_package/bin'
[21.437s] INFO:colcon.colcon_core.shell:Creating package script '/home/debraj/Documents/MotionPlanning/ros_ws/install/subscriber_package/share/subscriber_package/package.ps1'
[21.438s] INFO:colcon.colcon_core.shell:Creating package descriptor '/home/debraj/Documents/MotionPlanning/ros_ws/install/subscriber_package/share/subscriber_package/package.dsv'
[21.438s] INFO:colcon.colcon_core.shell:Creating package script '/home/debraj/Documents/MotionPlanning/ros_ws/install/subscriber_package/share/subscriber_package/package.sh'
[21.439s] INFO:colcon.colcon_core.shell:Creating package script '/home/debraj/Documents/MotionPlanning/ros_ws/install/subscriber_package/share/subscriber_package/package.bash'
[21.439s] INFO:colcon.colcon_core.shell:Creating package script '/home/debraj/Documents/MotionPlanning/ros_ws/install/subscriber_package/share/subscriber_package/package.zsh'
[21.440s] Level 1:colcon.colcon_core.environment:create_file_with_runtime_dependencies(/home/debraj/Documents/MotionPlanning/ros_ws/install/subscriber_package/share/colcon-core/packages/subscriber_package)
[21.492s] Level 1:colcon.colcon_core.environment:create_environment_scripts_only(subscriber_package)
[21.493s] Level 1:colcon.colcon_core.environment:checking '/home/debraj/Documents/MotionPlanning/ros_ws/install/subscriber_package' for CMake module files
[21.493s] Level 1:colcon.colcon_core.environment:checking '/home/debraj/Documents/MotionPlanning/ros_ws/install/subscriber_package' for CMake config files
[21.494s] Level 1:colcon.colcon_core.shell:create_environment_hook('subscriber_package', 'cmake_prefix_path')
[21.494s] INFO:colcon.colcon_core.shell:Creating environment hook '/home/debraj/Documents/MotionPlanning/ros_ws/install/subscriber_package/share/subscriber_package/hook/cmake_prefix_path.ps1'
[21.495s] INFO:colcon.colcon_core.shell:Creating environment descriptor '/home/debraj/Documents/MotionPlanning/ros_ws/install/subscriber_package/share/subscriber_package/hook/cmake_prefix_path.dsv'
[21.497s] INFO:colcon.colcon_core.shell:Creating environment hook '/home/debraj/Documents/MotionPlanning/ros_ws/install/subscriber_package/share/subscriber_package/hook/cmake_prefix_path.sh'
[21.499s] Level 1:colcon.colcon_core.environment:checking '/home/debraj/Documents/MotionPlanning/ros_ws/install/subscriber_package/lib'
[21.499s] Level 1:colcon.colcon_core.environment:checking '/home/debraj/Documents/MotionPlanning/ros_ws/install/subscriber_package/bin'
[21.499s] Level 1:colcon.colcon_core.environment:checking '/home/debraj/Documents/MotionPlanning/ros_ws/install/subscriber_package/lib/pkgconfig/subscriber_package.pc'
[21.499s] Level 1:colcon.colcon_core.environment:checking '/home/debraj/Documents/MotionPlanning/ros_ws/install/subscriber_package/lib/python3.12/site-packages'
[21.499s] Level 1:colcon.colcon_core.environment:checking '/home/debraj/Documents/MotionPlanning/ros_ws/install/subscriber_package/bin'
[21.500s] INFO:colcon.colcon_core.shell:Creating package script '/home/debraj/Documents/MotionPlanning/ros_ws/install/subscriber_package/share/subscriber_package/package.ps1'
[21.500s] INFO:colcon.colcon_core.shell:Creating package descriptor '/home/debraj/Documents/MotionPlanning/ros_ws/install/subscriber_package/share/subscriber_package/package.dsv'
[21.500s] INFO:colcon.colcon_core.shell:Creating package script '/home/debraj/Documents/MotionPlanning/ros_ws/install/subscriber_package/share/subscriber_package/package.sh'
[21.501s] INFO:colcon.colcon_core.shell:Creating package script '/home/debraj/Documents/MotionPlanning/ros_ws/install/subscriber_package/share/subscriber_package/package.bash'
[21.501s] INFO:colcon.colcon_core.shell:Creating package script '/home/debraj/Documents/MotionPlanning/ros_ws/install/subscriber_package/share/subscriber_package/package.zsh'
[21.501s] Level 1:colcon.colcon_core.environment:create_file_with_runtime_dependencies(/home/debraj/Documents/MotionPlanning/ros_ws/install/subscriber_package/share/colcon-core/packages/subscriber_package)
[21.502s] DEBUG:colcon.colcon_parallel_executor.executor.parallel:closing loop
[21.502s] DEBUG:colcon.colcon_parallel_executor.executor.parallel:loop closed
[21.502s] DEBUG:colcon.colcon_parallel_executor.executor.parallel:run_until_complete finished with '0'
[21.502s] DEBUG:colcon.colcon_core.event_reactor:joining thread
[21.508s] INFO:colcon.colcon_core.plugin_system:Skipping extension 'colcon_notification.desktop_notification.terminal_notifier': Not used on non-Darwin systems
[21.508s] INFO:colcon.colcon_core.plugin_system:Skipping extension 'colcon_notification.desktop_notification.win32': Not used on non-Windows systems
[21.509s] INFO:colcon.colcon_notification.desktop_notification:Sending desktop notification using 'notify2'
[21.527s] DEBUG:colcon.colcon_core.event_reactor:joined thread
[21.527s] INFO:colcon.colcon_core.shell:Creating prefix script '/home/debraj/Documents/MotionPlanning/ros_ws/install/local_setup.ps1'
[21.529s] INFO:colcon.colcon_core.shell:Creating prefix util module '/home/debraj/Documents/MotionPlanning/ros_ws/install/_local_setup_util_ps1.py'
[21.531s] INFO:colcon.colcon_core.shell:Creating prefix chain script '/home/debraj/Documents/MotionPlanning/ros_ws/install/setup.ps1'
[21.534s] INFO:colcon.colcon_core.shell:Creating prefix script '/home/debraj/Documents/MotionPlanning/ros_ws/install/local_setup.sh'
[21.534s] INFO:colcon.colcon_core.shell:Creating prefix util module '/home/debraj/Documents/MotionPlanning/ros_ws/install/_local_setup_util_sh.py'
[21.535s] INFO:colcon.colcon_core.shell:Creating prefix chain script '/home/debraj/Documents/MotionPlanning/ros_ws/install/setup.sh'
[21.536s] INFO:colcon.colcon_core.shell:Creating prefix script '/home/debraj/Documents/MotionPlanning/ros_ws/install/local_setup.bash'
[21.536s] INFO:colcon.colcon_core.shell:Creating prefix chain script '/home/debraj/Documents/MotionPlanning/ros_ws/install/setup.bash'
[21.537s] INFO:colcon.colcon_core.shell:Creating prefix script '/home/debraj/Documents/MotionPlanning/ros_ws/install/local_setup.zsh'
[21.537s] INFO:colcon.colcon_core.shell:Creating prefix chain script '/home/debraj/Documents/MotionPlanning/ros_ws/install/setup.zsh'
