[0.219s] DEBUG:colcon:Command line arguments: ['/usr/bin/colcon', 'build']
[0.219s] DEBUG:colcon:Parsed command line arguments: Namespace(log_base=None, log_level=None, verb_name='build', build_base='build', install_base='install', merge_install=False, symlink_install=False, test_result_base=None, continue_on_error=False, executor='parallel', parallel_workers=8, event_handlers=None, ignore_user_meta=False, metas=['./colcon.meta'], base_paths=['.'], packages_ignore=None, packages_ignore_regex=None, paths=None, packages_up_to=None, packages_up_to_regex=None, packages_above=None, packages_above_and_dependencies=None, packages_above_depth=None, packages_select_by_dep=None, packages_skip_by_dep=None, packages_skip_up_to=None, packages_select_build_failed=False, packages_skip_build_finished=False, packages_select_test_failures=False, packages_skip_test_passed=False, packages_select=None, packages_skip=None, packages_select_regex=None, packages_skip_regex=None, packages_start=None, packages_end=None, allow_overriding=[], cmake_args=None, cmake_target=None, cmake_target_skip_unavailable=False, cmake_clean_cache=False, cmake_clean_first=False, cmake_force_configure=False, ament_cmake_args=None, catkin_cmake_args=None, catkin_skip_building_tests=False, mixin_files=None, mixin=None, verb_parser=<colcon_mixin.mixin.mixin_argument.MixinArgumentDecorator object at 0x76bde3cb5460>, verb_extension=<colcon_core.verb.build.BuildVerb object at 0x76bde3cb4bf0>, main=<bound method BuildVerb.main of <colcon_core.verb.build.BuildVerb object at 0x76bde3cb4bf0>>, mixin_verb=('build',))
[0.294s] Level 1:colcon.colcon_core.package_discovery:discover_packages(colcon_meta) check parameters
[0.294s] Level 1:colcon.colcon_core.package_discovery:discover_packages(recursive) check parameters
[0.294s] Level 1:colcon.colcon_core.package_discovery:discover_packages(ignore) check parameters
[0.294s] Level 1:colcon.colcon_core.package_discovery:discover_packages(path) check parameters
[0.294s] Level 1:colcon.colcon_core.package_discovery:discover_packages(colcon_meta) discover
[0.295s] Level 1:colcon.colcon_core.package_discovery:discover_packages(recursive) discover
[0.295s] INFO:colcon.colcon_core.package_discovery:Crawling recursively for packages in '/home/debraj/Documents/MotionPlanning/ros_ws'
[0.295s] Level 1:colcon.colcon_core.package_identification:_identify(.) by extensions ['ignore', 'ignore_ament_install']
[0.295s] Level 1:colcon.colcon_core.package_identification:_identify(.) by extension 'ignore'
[0.295s] Level 1:colcon.colcon_core.package_identification:_identify(.) by extension 'ignore_ament_install'
[0.295s] Level 1:colcon.colcon_core.package_identification:_identify(.) by extensions ['colcon_pkg']
[0.295s] Level 1:colcon.colcon_core.package_identification:_identify(.) by extension 'colcon_pkg'
[0.295s] Level 1:colcon.colcon_core.package_identification:_identify(.) by extensions ['colcon_meta']
[0.295s] Level 1:colcon.colcon_core.package_identification:_identify(.) by extension 'colcon_meta'
[0.295s] Level 1:colcon.colcon_core.package_identification:_identify(.) by extensions ['ros']
[0.295s] Level 1:colcon.colcon_core.package_identification:_identify(.) by extension 'ros'
[0.343s] Level 1:colcon.colcon_core.package_identification:_identify(.) by extensions ['cmake', 'python']
[0.344s] Level 1:colcon.colcon_core.package_identification:_identify(.) by extension 'cmake'
[0.344s] Level 1:colcon.colcon_core.package_identification:_identify(.) by extension 'python'
[0.344s] Level 1:colcon.colcon_core.package_identification:_identify(.) by extensions ['python_setup_py']
[0.344s] Level 1:colcon.colcon_core.package_identification:_identify(.) by extension 'python_setup_py'
[0.344s] Level 1:colcon.colcon_core.package_identification:_identify(build) by extensions ['ignore', 'ignore_ament_install']
[0.344s] Level 1:colcon.colcon_core.package_identification:_identify(build) by extension 'ignore'
[0.344s] Level 1:colcon.colcon_core.package_identification:_identify(build) ignored
[0.345s] Level 1:colcon.colcon_core.package_identification:_identify(install) by extensions ['ignore', 'ignore_ament_install']
[0.345s] Level 1:colcon.colcon_core.package_identification:_identify(install) by extension 'ignore'
[0.345s] Level 1:colcon.colcon_core.package_identification:_identify(install) ignored
[0.345s] Level 1:colcon.colcon_core.package_identification:_identify(log) by extensions ['ignore', 'ignore_ament_install']
[0.345s] Level 1:colcon.colcon_core.package_identification:_identify(log) by extension 'ignore'
[0.345s] Level 1:colcon.colcon_core.package_identification:_identify(log) ignored
[0.345s] Level 1:colcon.colcon_core.package_identification:_identify(src) by extensions ['ignore', 'ignore_ament_install']
[0.345s] Level 1:colcon.colcon_core.package_identification:_identify(src) by extension 'ignore'
[0.346s] Level 1:colcon.colcon_core.package_identification:_identify(src) by extension 'ignore_ament_install'
[0.346s] Level 1:colcon.colcon_core.package_identification:_identify(src) by extensions ['colcon_pkg']
[0.346s] Level 1:colcon.colcon_core.package_identification:_identify(src) by extension 'colcon_pkg'
[0.346s] Level 1:colcon.colcon_core.package_identification:_identify(src) by extensions ['colcon_meta']
[0.346s] Level 1:colcon.colcon_core.package_identification:_identify(src) by extension 'colcon_meta'
[0.346s] Level 1:colcon.colcon_core.package_identification:_identify(src) by extensions ['ros']
[0.346s] Level 1:colcon.colcon_core.package_identification:_identify(src) by extension 'ros'
[0.346s] Level 1:colcon.colcon_core.package_identification:_identify(src) by extensions ['cmake', 'python']
[0.346s] Level 1:colcon.colcon_core.package_identification:_identify(src) by extension 'cmake'
[0.346s] Level 1:colcon.colcon_core.package_identification:_identify(src) by extension 'python'
[0.346s] Level 1:colcon.colcon_core.package_identification:_identify(src) by extensions ['python_setup_py']
[0.346s] Level 1:colcon.colcon_core.package_identification:_identify(src) by extension 'python_setup_py'
[0.347s] Level 1:colcon.colcon_core.package_identification:_identify(src/subscriber_package) by extensions ['ignore', 'ignore_ament_install']
[0.347s] Level 1:colcon.colcon_core.package_identification:_identify(src/subscriber_package) by extension 'ignore'
[0.347s] Level 1:colcon.colcon_core.package_identification:_identify(src/subscriber_package) by extension 'ignore_ament_install'
[0.347s] Level 1:colcon.colcon_core.package_identification:_identify(src/subscriber_package) by extensions ['colcon_pkg']
[0.347s] Level 1:colcon.colcon_core.package_identification:_identify(src/subscriber_package) by extension 'colcon_pkg'
[0.347s] Level 1:colcon.colcon_core.package_identification:_identify(src/subscriber_package) by extensions ['colcon_meta']
[0.347s] Level 1:colcon.colcon_core.package_identification:_identify(src/subscriber_package) by extension 'colcon_meta'
[0.347s] Level 1:colcon.colcon_core.package_identification:_identify(src/subscriber_package) by extensions ['ros']
[0.347s] Level 1:colcon.colcon_core.package_identification:_identify(src/subscriber_package) by extension 'ros'
[0.352s] DEBUG:colcon.colcon_core.package_identification:Package 'src/subscriber_package' with type 'ros.ament_cmake' and name 'subscriber_package'
[0.352s] Level 1:colcon.colcon_core.package_discovery:discover_packages(recursive) using defaults
[0.352s] Level 1:colcon.colcon_core.package_discovery:discover_packages(ignore) discover
[0.352s] Level 1:colcon.colcon_core.package_discovery:discover_packages(ignore) using defaults
[0.352s] Level 1:colcon.colcon_core.package_discovery:discover_packages(path) discover
[0.352s] Level 1:colcon.colcon_core.package_discovery:discover_packages(path) using defaults
[0.383s] Level 1:colcon.colcon_core.package_discovery:discover_packages(prefix_path) check parameters
[0.383s] Level 1:colcon.colcon_core.package_discovery:discover_packages(prefix_path) discover
[0.386s] DEBUG:colcon.colcon_installed_package_information.package_discovery:Found 1 installed packages in /home/debraj/Documents/MotionPlanning/ros_ws/install
[0.390s] DEBUG:colcon.colcon_installed_package_information.package_discovery:Found 378 installed packages in /opt/ros/jazzy
[0.393s] Level 1:colcon.colcon_core.package_discovery:discover_packages(prefix_path) using defaults
[0.491s] Level 5:colcon.colcon_core.verb:set package 'subscriber_package' build argument 'cmake_args' from command line to 'None'
[0.491s] Level 5:colcon.colcon_core.verb:set package 'subscriber_package' build argument 'cmake_target' from command line to 'None'
[0.491s] Level 5:colcon.colcon_core.verb:set package 'subscriber_package' build argument 'cmake_target_skip_unavailable' from command line to 'False'
[0.491s] Level 5:colcon.colcon_core.verb:set package 'subscriber_package' build argument 'cmake_clean_cache' from command line to 'False'
[0.491s] Level 5:colcon.colcon_core.verb:set package 'subscriber_package' build argument 'cmake_clean_first' from command line to 'False'
[0.491s] Level 5:colcon.colcon_core.verb:set package 'subscriber_package' build argument 'cmake_force_configure' from command line to 'False'
[0.491s] Level 5:colcon.colcon_core.verb:set package 'subscriber_package' build argument 'ament_cmake_args' from command line to 'None'
[0.491s] Level 5:colcon.colcon_core.verb:set package 'subscriber_package' build argument 'catkin_cmake_args' from command line to 'None'
[0.491s] Level 5:colcon.colcon_core.verb:set package 'subscriber_package' build argument 'catkin_skip_building_tests' from command line to 'False'
[0.492s] DEBUG:colcon.colcon_core.verb:Building package 'subscriber_package' with the following arguments: {'ament_cmake_args': None, 'build_base': '/home/debraj/Documents/MotionPlanning/ros_ws/build/subscriber_package', 'catkin_cmake_args': None, 'catkin_skip_building_tests': False, 'cmake_args': None, 'cmake_clean_cache': False, 'cmake_clean_first': False, 'cmake_force_configure': False, 'cmake_target': None, 'cmake_target_skip_unavailable': False, 'install_base': '/home/debraj/Documents/MotionPlanning/ros_ws/install/subscriber_package', 'merge_install': False, 'path': '/home/debraj/Documents/MotionPlanning/ros_ws/src/subscriber_package', 'symlink_install': False, 'test_result_base': None}
[0.492s] INFO:colcon.colcon_core.executor:Executing jobs using 'parallel' executor
[0.493s] DEBUG:colcon.colcon_parallel_executor.executor.parallel:run_until_complete
[0.494s] INFO:colcon.colcon_ros.task.ament_cmake.build:Building ROS package in '/home/debraj/Documents/MotionPlanning/ros_ws/src/subscriber_package' with build type 'ament_cmake'
[0.494s] INFO:colcon.colcon_cmake.task.cmake.build:Building CMake package in '/home/debraj/Documents/MotionPlanning/ros_ws/src/subscriber_package'
[0.499s] INFO:colcon.colcon_core.plugin_system:Skipping extension 'colcon_core.shell.bat': Not used on non-Windows systems
[0.499s] INFO:colcon.colcon_core.shell:Skip shell extension 'powershell' for command environment: Not usable outside of PowerShell
[0.499s] DEBUG:colcon.colcon_core.shell:Skip shell extension 'dsv' for command environment
[0.528s] DEBUG:colcon.colcon_core.event_handler.log_command:Invoking command in '/home/debraj/Documents/MotionPlanning/ros_ws/build/subscriber_package': CMAKE_PREFIX_PATH=${CMAKE_PREFIX_PATH}:/opt/ros/jazzy DEBUGINFOD_URLS=https://debuginfod.ubuntu.com /usr/bin/cmake --build /home/debraj/Documents/MotionPlanning/ros_ws/build/subscriber_package -- -j8 -l8
[21.219s] DEBUG:colcon.colcon_core.event_handler.log_command:Invoked command in '/home/debraj/Documents/MotionPlanning/ros_ws/build/subscriber_package' returned '0': CMAKE_PREFIX_PATH=${CMAKE_PREFIX_PATH}:/opt/ros/jazzy DEBUGINFOD_URLS=https://debuginfod.ubuntu.com /usr/bin/cmake --build /home/debraj/Documents/MotionPlanning/ros_ws/build/subscriber_package -- -j8 -l8
[21.281s] DEBUG:colcon.colcon_core.event_handler.log_command:Invoking command in '/home/debraj/Documents/MotionPlanning/ros_ws/build/subscriber_package': CMAKE_PREFIX_PATH=${CMAKE_PREFIX_PATH}:/opt/ros/jazzy DEBUGINFOD_URLS=https://debuginfod.ubuntu.com /usr/bin/cmake --install /home/debraj/Documents/MotionPlanning/ros_ws/build/subscriber_package
[21.304s] Level 1:colcon.colcon_core.environment:create_environment_scripts_only(subscriber_package)
[21.305s] DEBUG:colcon.colcon_core.event_handler.log_command:Invoked command in '/home/debraj/Documents/MotionPlanning/ros_ws/build/subscriber_package' returned '0': CMAKE_PREFIX_PATH=${CMAKE_PREFIX_PATH}:/opt/ros/jazzy DEBUGINFOD_URLS=https://debuginfod.ubuntu.com /usr/bin/cmake --install /home/debraj/Documents/MotionPlanning/ros_ws/build/subscriber_package
[21.307s] Level 1:colcon.colcon_core.environment:checking '/home/debraj/Documents/MotionPlanning/ros_ws/install/subscriber_package' for CMake module files
[21.307s] Level 1:colcon.colcon_core.environment:checking '/home/debraj/Documents/MotionPlanning/ros_ws/install/subscriber_package' for CMake config files
[21.307s] Level 1:colcon.colcon_core.shell:create_environment_hook('subscriber_package', 'cmake_prefix_path')
[21.307s] INFO:colcon.colcon_core.shell:Creating environment hook '/home/debraj/Documents/MotionPlanning/ros_ws/install/subscriber_package/share/subscriber_package/hook/cmake_prefix_path.ps1'
[21.308s] INFO:colcon.colcon_core.shell:Creating environment descriptor '/home/debraj/Documents/MotionPlanning/ros_ws/install/subscriber_package/share/subscriber_package/hook/cmake_prefix_path.dsv'
[21.308s] INFO:colcon.colcon_core.shell:Creating environment hook '/home/debraj/Documents/MotionPlanning/ros_ws/install/subscriber_package/share/subscriber_package/hook/cmake_prefix_path.sh'
[21.309s] Level 1:colcon.colcon_core.environment:checking '/home/debraj/Documents/MotionPlanning/ros_ws/install/subscriber_package/lib'
[21.309s] Level 1:colcon.colcon_core.environment:checking '/home/debraj/Documents/MotionPlanning/ros_ws/install/subscriber_package/bin'
[21.309s] Level 1:colcon.colcon_core.environment:checking '/home/debraj/Documents/MotionPlanning/ros_ws/install/subscriber_package/lib/pkgconfig/subscriber_package.pc'
[21.309s] Level 1:colcon.colcon_core.environment:checking '/home/debraj/Documents/MotionPlanning/ros_ws/install/subscriber_package/lib/python3.12/site-packages'
[21.310s] Level 1:colcon.colcon_core.environment:checking '/home/debraj/Documents/MotionPlanning/ros_ws/install/subscriber_package/bin'
[21.310s] INFO:colcon.colcon_core.shell:Creating package script '/home/debraj/Documents/MotionPlanning/ros_ws/install/subscriber_package/share/subscriber_package/package.ps1'
[21.310s] INFO:colcon.colcon_core.shell:Creating package descriptor '/home/debraj/Documents/MotionPlanning/ros_ws/install/subscriber_package/share/subscriber_package/package.dsv'
[21.311s] INFO:colcon.colcon_core.shell:Creating package script '/home/debraj/Documents/MotionPlanning/ros_ws/install/subscriber_package/share/subscriber_package/package.sh'
[21.311s] INFO:colcon.colcon_core.shell:Creating package script '/home/debraj/Documents/MotionPlanning/ros_ws/install/subscriber_package/share/subscriber_package/package.bash'
[21.312s] INFO:colcon.colcon_core.shell:Creating package script '/home/debraj/Documents/MotionPlanning/ros_ws/install/subscriber_package/share/subscriber_package/package.zsh'
[21.312s] Level 1:colcon.colcon_core.environment:create_file_with_runtime_dependencies(/home/debraj/Documents/MotionPlanning/ros_ws/install/subscriber_package/share/colcon-core/packages/subscriber_package)
[21.358s] Level 1:colcon.colcon_core.environment:create_environment_scripts_only(subscriber_package)
[21.358s] Level 1:colcon.colcon_core.environment:checking '/home/debraj/Documents/MotionPlanning/ros_ws/install/subscriber_package' for CMake module files
[21.359s] Level 1:colcon.colcon_core.environment:checking '/home/debraj/Documents/MotionPlanning/ros_ws/install/subscriber_package' for CMake config files
[21.359s] Level 1:colcon.colcon_core.shell:create_environment_hook('subscriber_package', 'cmake_prefix_path')
[21.359s] INFO:colcon.colcon_core.shell:Creating environment hook '/home/debraj/Documents/MotionPlanning/ros_ws/install/subscriber_package/share/subscriber_package/hook/cmake_prefix_path.ps1'
[21.359s] INFO:colcon.colcon_core.shell:Creating environment descriptor '/home/debraj/Documents/MotionPlanning/ros_ws/install/subscriber_package/share/subscriber_package/hook/cmake_prefix_path.dsv'
[21.360s] INFO:colcon.colcon_core.shell:Creating environment hook '/home/debraj/Documents/MotionPlanning/ros_ws/install/subscriber_package/share/subscriber_package/hook/cmake_prefix_path.sh'
[21.360s] Level 1:colcon.colcon_core.environment:checking '/home/debraj/Documents/MotionPlanning/ros_ws/install/subscriber_package/lib'
[21.360s] Level 1:colcon.colcon_core.environment:checking '/home/debraj/Documents/MotionPlanning/ros_ws/install/subscriber_package/bin'
[21.360s] Level 1:colcon.colcon_core.environment:checking '/home/debraj/Documents/MotionPlanning/ros_ws/install/subscriber_package/lib/pkgconfig/subscriber_package.pc'
[21.360s] Level 1:colcon.colcon_core.environment:checking '/home/debraj/Documents/MotionPlanning/ros_ws/install/subscriber_package/lib/python3.12/site-packages'
[21.361s] Level 1:colcon.colcon_core.environment:checking '/home/debraj/Documents/MotionPlanning/ros_ws/install/subscriber_package/bin'
[21.361s] INFO:colcon.colcon_core.shell:Creating package script '/home/debraj/Documents/MotionPlanning/ros_ws/install/subscriber_package/share/subscriber_package/package.ps1'
[21.361s] INFO:colcon.colcon_core.shell:Creating package descriptor '/home/debraj/Documents/MotionPlanning/ros_ws/install/subscriber_package/share/subscriber_package/package.dsv'
[21.362s] INFO:colcon.colcon_core.shell:Creating package script '/home/debraj/Documents/MotionPlanning/ros_ws/install/subscriber_package/share/subscriber_package/package.sh'
[21.362s] INFO:colcon.colcon_core.shell:Creating package script '/home/debraj/Documents/MotionPlanning/ros_ws/install/subscriber_package/share/subscriber_package/package.bash'
[21.362s] INFO:colcon.colcon_core.shell:Creating package script '/home/debraj/Documents/MotionPlanning/ros_ws/install/subscriber_package/share/subscriber_package/package.zsh'
[21.363s] Level 1:colcon.colcon_core.environment:create_file_with_runtime_dependencies(/home/debraj/Documents/MotionPlanning/ros_ws/install/subscriber_package/share/colcon-core/packages/subscriber_package)
[21.363s] DEBUG:colcon.colcon_parallel_executor.executor.parallel:closing loop
[21.363s] DEBUG:colcon.colcon_parallel_executor.executor.parallel:loop closed
[21.364s] DEBUG:colcon.colcon_parallel_executor.executor.parallel:run_until_complete finished with '0'
[21.364s] DEBUG:colcon.colcon_core.event_reactor:joining thread
[21.371s] INFO:colcon.colcon_core.plugin_system:Skipping extension 'colcon_notification.desktop_notification.terminal_notifier': Not used on non-Darwin systems
[21.371s] INFO:colcon.colcon_core.plugin_system:Skipping extension 'colcon_notification.desktop_notification.win32': Not used on non-Windows systems
[21.371s] INFO:colcon.colcon_notification.desktop_notification:Sending desktop notification using 'notify2'
[21.385s] DEBUG:colcon.colcon_core.event_reactor:joined thread
[21.386s] INFO:colcon.colcon_core.shell:Creating prefix script '/home/debraj/Documents/MotionPlanning/ros_ws/install/local_setup.ps1'
[21.387s] INFO:colcon.colcon_core.shell:Creating prefix util module '/home/debraj/Documents/MotionPlanning/ros_ws/install/_local_setup_util_ps1.py'
[21.388s] INFO:colcon.colcon_core.shell:Creating prefix chain script '/home/debraj/Documents/MotionPlanning/ros_ws/install/setup.ps1'
[21.389s] INFO:colcon.colcon_core.shell:Creating prefix script '/home/debraj/Documents/MotionPlanning/ros_ws/install/local_setup.sh'
[21.389s] INFO:colcon.colcon_core.shell:Creating prefix util module '/home/debraj/Documents/MotionPlanning/ros_ws/install/_local_setup_util_sh.py'
[21.390s] INFO:colcon.colcon_core.shell:Creating prefix chain script '/home/debraj/Documents/MotionPlanning/ros_ws/install/setup.sh'
[21.391s] INFO:colcon.colcon_core.shell:Creating prefix script '/home/debraj/Documents/MotionPlanning/ros_ws/install/local_setup.bash'
[21.391s] INFO:colcon.colcon_core.shell:Creating prefix chain script '/home/debraj/Documents/MotionPlanning/ros_ws/install/setup.bash'
[21.392s] INFO:colcon.colcon_core.shell:Creating prefix script '/home/debraj/Documents/MotionPlanning/ros_ws/install/local_setup.zsh'
[21.393s] INFO:colcon.colcon_core.shell:Creating prefix chain script '/home/debraj/Documents/MotionPlanning/ros_ws/install/setup.zsh'
