[ 33%] [32mBuilding CXX object CMakeFiles/main.dir/src/main.cpp.o[0m
[ 66%] [32m[1mLinking CXX executable main[0m
[100%] Built target main
-- Install configuration: ""
-- Installing: /home/debraj/Documents/MotionPlanning/path_planner/install/path_planner_pkg/lib/path_planner_pkg/main
-- Set non-toolchain portion of runtime path of "/home/debraj/Documents/MotionPlanning/path_planner/install/path_planner_pkg/lib/path_planner_pkg/main" to ""
-- Up-to-date: /home/debraj/Documents/MotionPlanning/path_planner/install/path_planner_pkg/share/ament_index/resource_index/package_run_dependencies/path_planner_pkg
-- Up-to-date: /home/debraj/Documents/MotionPlanning/path_planner/install/path_planner_pkg/share/ament_index/resource_index/parent_prefix_path/path_planner_pkg
-- Up-to-date: /home/debraj/Documents/MotionPlanning/path_planner/install/path_planner_pkg/share/path_planner_pkg/environment/ament_prefix_path.sh
-- Up-to-date: /home/debraj/Documents/MotionPlanning/path_planner/install/path_planner_pkg/share/path_planner_pkg/environment/ament_prefix_path.dsv
-- Up-to-date: /home/debraj/Documents/MotionPlanning/path_planner/install/path_planner_pkg/share/path_planner_pkg/environment/path.sh
-- Up-to-date: /home/debraj/Documents/MotionPlanning/path_planner/install/path_planner_pkg/share/path_planner_pkg/environment/path.dsv
-- Up-to-date: /home/debraj/Documents/MotionPlanning/path_planner/install/path_planner_pkg/share/path_planner_pkg/local_setup.bash
-- Up-to-date: /home/debraj/Documents/MotionPlanning/path_planner/install/path_planner_pkg/share/path_planner_pkg/local_setup.sh
-- Up-to-date: /home/debraj/Documents/MotionPlanning/path_planner/install/path_planner_pkg/share/path_planner_pkg/local_setup.zsh
-- Up-to-date: /home/debraj/Documents/MotionPlanning/path_planner/install/path_planner_pkg/share/path_planner_pkg/local_setup.dsv
-- Installing: /home/debraj/Documents/MotionPlanning/path_planner/install/path_planner_pkg/share/path_planner_pkg/package.dsv
-- Up-to-date: /home/debraj/Documents/MotionPlanning/path_planner/install/path_planner_pkg/share/ament_index/resource_index/packages/path_planner_pkg
-- Up-to-date: /home/debraj/Documents/MotionPlanning/path_planner/install/path_planner_pkg/share/path_planner_pkg/cmake/path_planner_pkgConfig.cmake
-- Up-to-date: /home/debraj/Documents/MotionPlanning/path_planner/install/path_planner_pkg/share/path_planner_pkg/cmake/path_planner_pkgConfig-version.cmake
-- Up-to-date: /home/debraj/Documents/MotionPlanning/path_planner/install/path_planner_pkg/share/path_planner_pkg/package.xml
