[0.019s] Invoking command in '/home/debraj/Documents/MotionPlanning/webots_sim/build/webots_pkg': CMAKE_PREFIX_PATH=${CMAKE_PREFIX_PATH}:/opt/ros/jazzy DEBUGINFOD_URLS=https://debuginfod.ubuntu.com /usr/bin/cmake /home/debraj/Documents/MotionPlanning/webots_sim/src/webots_pkg -DCMAKE_INSTALL_PREFIX=/home/debraj/Documents/MotionPlanning/webots_sim/install/webots_pkg
[0.157s] -- The C compiler identification is GNU 13.3.0
[0.271s] -- The CXX compiler identification is GNU 13.3.0
[0.300s] -- Detecting C compiler ABI info
[0.433s] -- Detecting C compiler ABI info - done
[0.442s] -- Check for working C compiler: /usr/bin/cc - skipped
[0.443s] -- Detecting C compile features
[0.443s] -- Detecting C compile features - done
[0.458s] -- Detecting CXX compiler ABI info
[0.596s] -- Detecting CXX compiler ABI info - done
[0.607s] -- Check for working CXX compiler: /usr/bin/c++ - skipped
[0.607s] -- Detecting CXX compile features
[0.607s] -- Detecting CXX compile features - done
[0.615s] -- Found ament_cmake: 2.5.3 (/opt/ros/jazzy/share/ament_cmake/cmake)
[0.799s] -- Found Python3: /usr/bin/python3 (found version "3.12.3") found components: Interpreter 
[0.969s] -- Found rclcpp: 28.1.6 (/opt/ros/jazzy/share/rclcpp/cmake)
[1.049s] -- Found rosidl_generator_c: 4.6.5 (/opt/ros/jazzy/share/rosidl_generator_c/cmake)
[1.074s] -- Found rosidl_generator_cpp: 4.6.5 (/opt/ros/jazzy/share/rosidl_generator_cpp/cmake)
[1.104s] -- Using all available rosidl_typesupport_c: rosidl_typesupport_fastrtps_c;rosidl_typesupport_introspection_c
[1.137s] -- Using all available rosidl_typesupport_cpp: rosidl_typesupport_fastrtps_cpp;rosidl_typesupport_introspection_cpp
[1.263s] -- Found rmw_implementation_cmake: 7.3.1 (/opt/ros/jazzy/share/rmw_implementation_cmake/cmake)
[1.270s] -- Found rmw_fastrtps_cpp: 8.4.1 (/opt/ros/jazzy/share/rmw_fastrtps_cpp/cmake)
[1.424s] -- Found OpenSSL: /usr/lib/x86_64-linux-gnu/libcrypto.so (found version "3.0.13")  
[1.450s] -- Found FastRTPS: /opt/ros/jazzy/include (Required is at least version "2.13") 
[1.477s] -- Using RMW implementation 'rmw_fastrtps_cpp' as default
[1.592s] -- Found std_msgs: 5.3.5 (/opt/ros/jazzy/share/std_msgs/cmake)
[1.619s] -- Found geometry_msgs: 5.3.5 (/opt/ros/jazzy/share/geometry_msgs/cmake)
[1.643s] -- Found pluginlib: 5.4.2 (/opt/ros/jazzy/share/pluginlib/cmake)
[1.674s] -- Found webots_ros2_driver: 2025.0.0 (/opt/ros/jazzy/share/webots_ros2_driver/cmake)
[1.758s] -- Found eigen3_cmake_module: 0.3.0 (/opt/ros/jazzy/share/eigen3_cmake_module/cmake)
[1.760s] -- Found Eigen3: TRUE (found version "3.4.0") 
[1.760s] -- Ensuring Eigen3 include directory is part of orocos-kdl CMake target
[2.164s] -- Configuring done (2.1s)
[2.240s] -- Generating done (0.1s)
[2.245s] -- Build files have been written to: /home/debraj/Documents/MotionPlanning/webots_sim/build/webots_pkg
[2.259s] Invoked command in '/home/debraj/Documents/MotionPlanning/webots_sim/build/webots_pkg' returned '0': CMAKE_PREFIX_PATH=${CMAKE_PREFIX_PATH}:/opt/ros/jazzy DEBUGINFOD_URLS=https://debuginfod.ubuntu.com /usr/bin/cmake /home/debraj/Documents/MotionPlanning/webots_sim/src/webots_pkg -DCMAKE_INSTALL_PREFIX=/home/debraj/Documents/MotionPlanning/webots_sim/install/webots_pkg
[2.261s] Invoking command in '/home/debraj/Documents/MotionPlanning/webots_sim/build/webots_pkg': CMAKE_PREFIX_PATH=${CMAKE_PREFIX_PATH}:/opt/ros/jazzy DEBUGINFOD_URLS=https://debuginfod.ubuntu.com /usr/bin/cmake --build /home/debraj/Documents/MotionPlanning/webots_sim/build/webots_pkg -- -j8 -l8
[2.345s] [ 58%] [32mBuilding CXX object CMakeFiles/webots_pkg.dir/src/MyRobotDriver_O3.cpp.o[0m
[2.345s] [ 58%] [32mBuilding CXX object CMakeFiles/webots_pkg.dir/src/MyRobotDriver_O5.cpp.o[0m
[2.345s] [ 58%] [32mBuilding CXX object CMakeFiles/webots_pkg.dir/src/MyRobotDriver_O4.cpp.o[0m
[2.345s] [ 58%] [32mBuilding CXX object CMakeFiles/webots_pkg.dir/src/MyRobotDriver_O2.cpp.o[0m
[2.346s] [ 58%] [32mBuilding CXX object CMakeFiles/webots_pkg.dir/src/MyRobotDriver_B1.cpp.o[0m
[2.346s] [ 58%] [32mBuilding CXX object CMakeFiles/webots_pkg.dir/src/MyRobotDriver_B2.cpp.o[0m
[2.346s] [ 58%] [32mBuilding CXX object CMakeFiles/webots_pkg.dir/src/MyRobotDriver_O1.cpp.o[0m
[2.348s] [ 66%] [32mBuilding CXX object CMakeFiles/webots_pkg.dir/src/MyRobotDriver_B3.cpp.o[0m
[22.200s] [ 83%] [32mBuilding CXX object CMakeFiles/webots_pkg.dir/src/MyRobotDriver_B4.cpp.o[0m
[22.213s] [ 83%] [32mBuilding CXX object CMakeFiles/webots_pkg.dir/src/MyRobotDriver_B5.cpp.o[0m
[22.216s] [ 91%] [32mBuilding CXX object CMakeFiles/webots_pkg.dir/src/ball_driver.cpp.o[0m
[32.277s] [100%] [32m[1mLinking CXX shared library libwebots_pkg.so[0m
[33.738s] [100%] Built target webots_pkg
[33.823s] Invoked command in '/home/debraj/Documents/MotionPlanning/webots_sim/build/webots_pkg' returned '0': CMAKE_PREFIX_PATH=${CMAKE_PREFIX_PATH}:/opt/ros/jazzy DEBUGINFOD_URLS=https://debuginfod.ubuntu.com /usr/bin/cmake --build /home/debraj/Documents/MotionPlanning/webots_sim/build/webots_pkg -- -j8 -l8
[33.882s] Invoking command in '/home/debraj/Documents/MotionPlanning/webots_sim/build/webots_pkg': CMAKE_PREFIX_PATH=${CMAKE_PREFIX_PATH}:/opt/ros/jazzy DEBUGINFOD_URLS=https://debuginfod.ubuntu.com /usr/bin/cmake --install /home/debraj/Documents/MotionPlanning/webots_sim/build/webots_pkg
[33.892s] -- Install configuration: ""
[33.893s] -- Installing: /home/debraj/Documents/MotionPlanning/webots_sim/install/webots_pkg/share/webots_pkg/my_robot_driver.xml
[33.894s] -- Installing: /home/debraj/Documents/MotionPlanning/webots_sim/install/webots_pkg/lib/libwebots_pkg.so
[33.902s] -- Set non-toolchain portion of runtime path of "/home/debraj/Documents/MotionPlanning/webots_sim/install/webots_pkg/lib/libwebots_pkg.so" to ""
[33.903s] -- Installing: /home/debraj/Documents/MotionPlanning/webots_sim/install/webots_pkg/share/webots_pkg//launch
[33.903s] -- Installing: /home/debraj/Documents/MotionPlanning/webots_sim/install/webots_pkg/share/webots_pkg//launch/robot_launch.py
[33.903s] -- Installing: /home/debraj/Documents/MotionPlanning/webots_sim/install/webots_pkg/share/webots_pkg//resource
[33.904s] -- Installing: /home/debraj/Documents/MotionPlanning/webots_sim/install/webots_pkg/share/webots_pkg//resource/my_robot_O2.urdf
[33.904s] -- Installing: /home/debraj/Documents/MotionPlanning/webots_sim/install/webots_pkg/share/webots_pkg//resource/my_robot_B1.urdf
[33.904s] -- Installing: /home/debraj/Documents/MotionPlanning/webots_sim/install/webots_pkg/share/webots_pkg//resource/my_robot_B5.urdf
[33.904s] -- Installing: /home/debraj/Documents/MotionPlanning/webots_sim/install/webots_pkg/share/webots_pkg//resource/my_robot_O3.urdf
[33.905s] -- Installing: /home/debraj/Documents/MotionPlanning/webots_sim/install/webots_pkg/share/webots_pkg//resource/ball.urdf
[33.905s] -- Installing: /home/debraj/Documents/MotionPlanning/webots_sim/install/webots_pkg/share/webots_pkg//resource/my_robot_O1.urdf
[33.905s] -- Installing: /home/debraj/Documents/MotionPlanning/webots_sim/install/webots_pkg/share/webots_pkg//resource/my_robot_B4.urdf
[33.905s] -- Installing: /home/debraj/Documents/MotionPlanning/webots_sim/install/webots_pkg/share/webots_pkg//resource/my_robot_O4.urdf
[33.905s] -- Installing: /home/debraj/Documents/MotionPlanning/webots_sim/install/webots_pkg/share/webots_pkg//resource/my_robot_B2.urdf
[33.906s] -- Installing: /home/debraj/Documents/MotionPlanning/webots_sim/install/webots_pkg/share/webots_pkg//resource/my_robot_O5.urdf
[33.906s] -- Installing: /home/debraj/Documents/MotionPlanning/webots_sim/install/webots_pkg/share/webots_pkg//resource/my_robot_B3.urdf
[33.906s] -- Installing: /home/debraj/Documents/MotionPlanning/webots_sim/install/webots_pkg/share/webots_pkg//worlds
[33.906s] -- Installing: /home/debraj/Documents/MotionPlanning/webots_sim/install/webots_pkg/share/webots_pkg//worlds/.RoboCupMSL.wbproj
[33.907s] -- Installing: /home/debraj/Documents/MotionPlanning/webots_sim/install/webots_pkg/share/webots_pkg//worlds/RobocupSoccerField.proto
[33.907s] -- Installing: /home/debraj/Documents/MotionPlanning/webots_sim/install/webots_pkg/share/webots_pkg//worlds/BluePlayer.proto
[33.907s] -- Installing: /home/debraj/Documents/MotionPlanning/webots_sim/install/webots_pkg/share/webots_pkg//worlds/OrangePlayer.proto
[33.908s] -- Installing: /home/debraj/Documents/MotionPlanning/webots_sim/install/webots_pkg/share/webots_pkg//worlds/.RoboCupMSL.jpg
[33.908s] -- Installing: /home/debraj/Documents/MotionPlanning/webots_sim/install/webots_pkg/share/webots_pkg//worlds/sphereball.proto
[33.908s] -- Installing: /home/debraj/Documents/MotionPlanning/webots_sim/install/webots_pkg/share/webots_pkg//worlds/RoboCupMSL.wbt
[33.909s] -- Installing: /home/debraj/Documents/MotionPlanning/webots_sim/install/webots_pkg/share/webots_pkg//worlds/RobocupSoccerBall.proto
[33.910s] -- Installing: /home/debraj/Documents/MotionPlanning/webots_sim/install/webots_pkg/share/webots_pkg/environment/library_path.sh
[33.911s] -- Installing: /home/debraj/Documents/MotionPlanning/webots_sim/install/webots_pkg/share/webots_pkg/environment/library_path.dsv
[33.912s] -- Installing: /home/debraj/Documents/MotionPlanning/webots_sim/install/webots_pkg/share/ament_index/resource_index/package_run_dependencies/webots_pkg
[33.913s] -- Installing: /home/debraj/Documents/MotionPlanning/webots_sim/install/webots_pkg/share/ament_index/resource_index/parent_prefix_path/webots_pkg
[33.914s] -- Installing: /home/debraj/Documents/MotionPlanning/webots_sim/install/webots_pkg/share/webots_pkg/environment/ament_prefix_path.sh
[33.915s] -- Installing: /home/debraj/Documents/MotionPlanning/webots_sim/install/webots_pkg/share/webots_pkg/environment/ament_prefix_path.dsv
[33.916s] -- Installing: /home/debraj/Documents/MotionPlanning/webots_sim/install/webots_pkg/share/webots_pkg/environment/path.sh
[33.916s] -- Installing: /home/debraj/Documents/MotionPlanning/webots_sim/install/webots_pkg/share/webots_pkg/environment/path.dsv
[33.916s] -- Installing: /home/debraj/Documents/MotionPlanning/webots_sim/install/webots_pkg/share/webots_pkg/local_setup.bash
[33.916s] -- Installing: /home/debraj/Documents/MotionPlanning/webots_sim/install/webots_pkg/share/webots_pkg/local_setup.sh
[33.917s] -- Installing: /home/debraj/Documents/MotionPlanning/webots_sim/install/webots_pkg/share/webots_pkg/local_setup.zsh
[33.917s] -- Installing: /home/debraj/Documents/MotionPlanning/webots_sim/install/webots_pkg/share/webots_pkg/local_setup.dsv
[33.917s] -- Installing: /home/debraj/Documents/MotionPlanning/webots_sim/install/webots_pkg/share/webots_pkg/package.dsv
[33.918s] -- Installing: /home/debraj/Documents/MotionPlanning/webots_sim/install/webots_pkg/share/ament_index/resource_index/packages/webots_pkg
[33.918s] -- Installing: /home/debraj/Documents/MotionPlanning/webots_sim/install/webots_pkg/share/ament_index/resource_index/webots_ros2_driver__pluginlib__plugin/webots_pkg
[33.919s] -- Installing: /home/debraj/Documents/MotionPlanning/webots_sim/install/webots_pkg/share/webots_pkg/cmake/ament_cmake_export_include_directories-extras.cmake
[33.919s] -- Installing: /home/debraj/Documents/MotionPlanning/webots_sim/install/webots_pkg/share/webots_pkg/cmake/ament_cmake_export_libraries-extras.cmake
[33.920s] -- Installing: /home/debraj/Documents/MotionPlanning/webots_sim/install/webots_pkg/share/webots_pkg/cmake/webots_pkgConfig.cmake
[33.920s] -- Installing: /home/debraj/Documents/MotionPlanning/webots_sim/install/webots_pkg/share/webots_pkg/cmake/webots_pkgConfig-version.cmake
[33.920s] -- Installing: /home/debraj/Documents/MotionPlanning/webots_sim/install/webots_pkg/share/webots_pkg/package.xml
[33.933s] Invoked command in '/home/debraj/Documents/MotionPlanning/webots_sim/build/webots_pkg' returned '0': CMAKE_PREFIX_PATH=${CMAKE_PREFIX_PATH}:/opt/ros/jazzy DEBUGINFOD_URLS=https://debuginfod.ubuntu.com /usr/bin/cmake --install /home/debraj/Documents/MotionPlanning/webots_sim/build/webots_pkg
