[0.026s] Invoking command in '/home/debraj/Documents/MotionPlanning/controller/build/controller_pkg': CMAKE_PREFIX_PATH=${CMAKE_PREFIX_PATH}:/opt/ros/jazzy DEBUGINFOD_URLS=https://debuginfod.ubuntu.com /usr/bin/cmake --build /home/debraj/Documents/MotionPlanning/controller/build/controller_pkg -- -j8 -l8
[0.199s] [ 50%] [32mBuilding CXX object CMakeFiles/controller.dir/src/controller.cpp.o[0m
[13.272s] [100%] [32m[1mLinking CXX executable controller[0m
[14.140s] [100%] Built target controller
[14.158s] Invoked command in '/home/debraj/Documents/MotionPlanning/controller/build/controller_pkg' returned '0': CMAKE_PREFIX_PATH=${CMAKE_PREFIX_PATH}:/opt/ros/jazzy DEBUGINFOD_URLS=https://debuginfod.ubuntu.com /usr/bin/cmake --build /home/debraj/Documents/MotionPlanning/controller/build/controller_pkg -- -j8 -l8
[14.173s] Invoking command in '/home/debraj/Documents/MotionPlanning/controller/build/controller_pkg': CMAKE_PREFIX_PATH=${CMAKE_PREFIX_PATH}:/opt/ros/jazzy DEBUGINFOD_URLS=https://debuginfod.ubuntu.com /usr/bin/cmake --install /home/debraj/Documents/MotionPlanning/controller/build/controller_pkg
[14.187s] -- Install configuration: ""
[14.187s] -- Installing: /home/debraj/Documents/MotionPlanning/controller/install/controller_pkg/lib/controller_pkg/controller
[14.194s] -- Set non-toolchain portion of runtime path of "/home/debraj/Documents/MotionPlanning/controller/install/controller_pkg/lib/controller_pkg/controller" to ""
[14.194s] -- Up-to-date: /home/debraj/Documents/MotionPlanning/controller/install/controller_pkg/share/ament_index/resource_index/package_run_dependencies/controller_pkg
[14.195s] -- Up-to-date: /home/debraj/Documents/MotionPlanning/controller/install/controller_pkg/share/ament_index/resource_index/parent_prefix_path/controller_pkg
[14.195s] -- Up-to-date: /home/debraj/Documents/MotionPlanning/controller/install/controller_pkg/share/controller_pkg/environment/ament_prefix_path.sh
[14.195s] -- Up-to-date: /home/debraj/Documents/MotionPlanning/controller/install/controller_pkg/share/controller_pkg/environment/ament_prefix_path.dsv
[14.195s] -- Up-to-date: /home/debraj/Documents/MotionPlanning/controller/install/controller_pkg/share/controller_pkg/environment/path.sh
[14.195s] -- Up-to-date: /home/debraj/Documents/MotionPlanning/controller/install/controller_pkg/share/controller_pkg/environment/path.dsv
[14.195s] -- Up-to-date: /home/debraj/Documents/MotionPlanning/controller/install/controller_pkg/share/controller_pkg/local_setup.bash
[14.195s] -- Up-to-date: /home/debraj/Documents/MotionPlanning/controller/install/controller_pkg/share/controller_pkg/local_setup.sh
[14.195s] -- Up-to-date: /home/debraj/Documents/MotionPlanning/controller/install/controller_pkg/share/controller_pkg/local_setup.zsh
[14.195s] -- Up-to-date: /home/debraj/Documents/MotionPlanning/controller/install/controller_pkg/share/controller_pkg/local_setup.dsv
[14.196s] -- Installing: /home/debraj/Documents/MotionPlanning/controller/install/controller_pkg/share/controller_pkg/package.dsv
[14.196s] -- Up-to-date: /home/debraj/Documents/MotionPlanning/controller/install/controller_pkg/share/ament_index/resource_index/packages/controller_pkg
[14.196s] -- Up-to-date: /home/debraj/Documents/MotionPlanning/controller/install/controller_pkg/share/controller_pkg/cmake/controller_pkgConfig.cmake
[14.196s] -- Up-to-date: /home/debraj/Documents/MotionPlanning/controller/install/controller_pkg/share/controller_pkg/cmake/controller_pkgConfig-version.cmake
[14.196s] -- Up-to-date: /home/debraj/Documents/MotionPlanning/controller/install/controller_pkg/share/controller_pkg/package.xml
[14.198s] Invoked command in '/home/debraj/Documents/MotionPlanning/controller/build/controller_pkg' returned '0': CMAKE_PREFIX_PATH=${CMAKE_PREFIX_PATH}:/opt/ros/jazzy DEBUGINFOD_URLS=https://debuginfod.ubuntu.com /usr/bin/cmake --install /home/debraj/Documents/MotionPlanning/controller/build/controller_pkg
