[0.033s] Invoking command in '/home/debraj/Documents/MotionPlanning/controller/build/controller_pkg': CMAKE_PREFIX_PATH=${CMAKE_PREFIX_PATH}:/opt/ros/jazzy DEBUGINFOD_URLS=https://debuginfod.ubuntu.com /usr/bin/cmake --build /home/debraj/Documents/MotionPlanning/controller/build/controller_pkg -- -j8 -l8
[0.188s] [ 50%] [32mBuilding CXX object CMakeFiles/controller.dir/src/controller.cpp.o[0m
[6.117s] [01m[K/home/debraj/Documents/MotionPlanning/controller/src/controller_pkg/src/controller.cpp:[m[K In member function ‘[01m[Kvoid MyRobotNode::[01;32m[Kcallback_1[m[K(std_msgs::msg::Float32MultiArray_<std::allocator<void> >::SharedPtr)[m[K’:
[6.117s] [01m[K/home/debraj/Documents/MotionPlanning/controller/src/controller_pkg/src/controller.cpp:75:16:[m[K [01;35m[Kwarning: [m[Kunused variable ‘[01m[KQ_vel[m[K’ [[01;35m[K]8;;https://gcc.gnu.org/onlinedocs/gcc/Warning-Options.html#index-Wunused-variable-Wunused-variable]8;;[m[K]
[6.117s]    75 |         double [01;35m[KQ_vel[m[K = 1.0;
[6.118s]       |                [01;35m[K^~~~~[m[K
[6.118s] [01m[K/home/debraj/Documents/MotionPlanning/controller/src/controller_pkg/src/controller.cpp:76:16:[m[K [01;35m[Kwarning: [m[Kunused variable ‘[01m[Kmax_vel[m[K’ [[01;35m[K]8;;https://gcc.gnu.org/onlinedocs/gcc/Warning-Options.html#index-Wunused-variable-Wunused-variable]8;;[m[K]
[6.118s]    76 |         double [01;35m[Kmax_vel[m[K = 4;
[6.118s]       |                [01;35m[K^~~~~~~[m[K
[20.126s] [100%] [32m[1mLinking CXX executable controller[0m
[22.594s] [100%] Built target controller
[22.641s] Invoked command in '/home/debraj/Documents/MotionPlanning/controller/build/controller_pkg' returned '0': CMAKE_PREFIX_PATH=${CMAKE_PREFIX_PATH}:/opt/ros/jazzy DEBUGINFOD_URLS=https://debuginfod.ubuntu.com /usr/bin/cmake --build /home/debraj/Documents/MotionPlanning/controller/build/controller_pkg -- -j8 -l8
[22.665s] Invoking command in '/home/debraj/Documents/MotionPlanning/controller/build/controller_pkg': CMAKE_PREFIX_PATH=${CMAKE_PREFIX_PATH}:/opt/ros/jazzy DEBUGINFOD_URLS=https://debuginfod.ubuntu.com /usr/bin/cmake --install /home/debraj/Documents/MotionPlanning/controller/build/controller_pkg
[22.683s] -- Install configuration: ""
[22.684s] -- Installing: /home/debraj/Documents/MotionPlanning/controller/install/controller_pkg/lib/controller_pkg/controller
[22.695s] -- Set non-toolchain portion of runtime path of "/home/debraj/Documents/MotionPlanning/controller/install/controller_pkg/lib/controller_pkg/controller" to ""
[22.696s] -- Up-to-date: /home/debraj/Documents/MotionPlanning/controller/install/controller_pkg/share/ament_index/resource_index/package_run_dependencies/controller_pkg
[22.696s] -- Up-to-date: /home/debraj/Documents/MotionPlanning/controller/install/controller_pkg/share/ament_index/resource_index/parent_prefix_path/controller_pkg
[22.696s] -- Up-to-date: /home/debraj/Documents/MotionPlanning/controller/install/controller_pkg/share/controller_pkg/environment/ament_prefix_path.sh
[22.696s] -- Up-to-date: /home/debraj/Documents/MotionPlanning/controller/install/controller_pkg/share/controller_pkg/environment/ament_prefix_path.dsv
[22.696s] -- Up-to-date: /home/debraj/Documents/MotionPlanning/controller/install/controller_pkg/share/controller_pkg/environment/path.sh
[22.696s] -- Up-to-date: /home/debraj/Documents/MotionPlanning/controller/install/controller_pkg/share/controller_pkg/environment/path.dsv
[22.696s] -- Up-to-date: /home/debraj/Documents/MotionPlanning/controller/install/controller_pkg/share/controller_pkg/local_setup.bash
[22.696s] -- Up-to-date: /home/debraj/Documents/MotionPlanning/controller/install/controller_pkg/share/controller_pkg/local_setup.sh
[22.696s] -- Up-to-date: /home/debraj/Documents/MotionPlanning/controller/install/controller_pkg/share/controller_pkg/local_setup.zsh
[22.697s] -- Up-to-date: /home/debraj/Documents/MotionPlanning/controller/install/controller_pkg/share/controller_pkg/local_setup.dsv
[22.697s] -- Installing: /home/debraj/Documents/MotionPlanning/controller/install/controller_pkg/share/controller_pkg/package.dsv
[22.697s] -- Up-to-date: /home/debraj/Documents/MotionPlanning/controller/install/controller_pkg/share/ament_index/resource_index/packages/controller_pkg
[22.697s] -- Up-to-date: /home/debraj/Documents/MotionPlanning/controller/install/controller_pkg/share/controller_pkg/cmake/controller_pkgConfig.cmake
[22.697s] -- Up-to-date: /home/debraj/Documents/MotionPlanning/controller/install/controller_pkg/share/controller_pkg/cmake/controller_pkgConfig-version.cmake
[22.697s] -- Up-to-date: /home/debraj/Documents/MotionPlanning/controller/install/controller_pkg/share/controller_pkg/package.xml
[22.701s] Invoked command in '/home/debraj/Documents/MotionPlanning/controller/build/controller_pkg' returned '0': CMAKE_PREFIX_PATH=${CMAKE_PREFIX_PATH}:/opt/ros/jazzy DEBUGINFOD_URLS=https://debuginfod.ubuntu.com /usr/bin/cmake --install /home/debraj/Documents/MotionPlanning/controller/build/controller_pkg
