[0.250s] DEBUG:colcon:Command line arguments: ['/usr/bin/colcon', 'build']
[0.251s] DEBUG:colcon:Parsed command line arguments: Namespace(log_base=None, log_level=None, verb_name='build', build_base='build', install_base='install', merge_install=False, symlink_install=False, test_result_base=None, continue_on_error=False, executor='parallel', parallel_workers=8, event_handlers=None, ignore_user_meta=False, metas=['./colcon.meta'], base_paths=['.'], packages_ignore=None, packages_ignore_regex=None, paths=None, packages_up_to=None, packages_up_to_regex=None, packages_above=None, packages_above_and_dependencies=None, packages_above_depth=None, packages_select_by_dep=None, packages_skip_by_dep=None, packages_skip_up_to=None, packages_select_build_failed=False, packages_skip_build_finished=False, packages_select_test_failures=False, packages_skip_test_passed=False, packages_select=None, packages_skip=None, packages_select_regex=None, packages_skip_regex=None, packages_start=None, packages_end=None, allow_overriding=[], cmake_args=None, cmake_target=None, cmake_target_skip_unavailable=False, cmake_clean_cache=False, cmake_clean_first=False, cmake_force_configure=False, ament_cmake_args=None, catkin_cmake_args=None, catkin_skip_building_tests=False, mixin_files=None, mixin=None, verb_parser=<colcon_mixin.mixin.mixin_argument.MixinArgumentDecorator object at 0x7e7370cb2ab0>, verb_extension=<colcon_core.verb.build.BuildVerb object at 0x7e7370cb2240>, main=<bound method BuildVerb.main of <colcon_core.verb.build.BuildVerb object at 0x7e7370cb2240>>, mixin_verb=('build',))
[0.336s] Level 1:colcon.colcon_core.package_discovery:discover_packages(colcon_meta) check parameters
[0.336s] Level 1:colcon.colcon_core.package_discovery:discover_packages(recursive) check parameters
[0.336s] Level 1:colcon.colcon_core.package_discovery:discover_packages(ignore) check parameters
[0.336s] Level 1:colcon.colcon_core.package_discovery:discover_packages(path) check parameters
[0.336s] Level 1:colcon.colcon_core.package_discovery:discover_packages(colcon_meta) discover
[0.336s] Level 1:colcon.colcon_core.package_discovery:discover_packages(recursive) discover
[0.336s] INFO:colcon.colcon_core.package_discovery:Crawling recursively for packages in '/home/debraj/Documents/MotionPlanning/path_planner'
[0.336s] Level 1:colcon.colcon_core.package_identification:_identify(.) by extensions ['ignore', 'ignore_ament_install']
[0.337s] Level 1:colcon.colcon_core.package_identification:_identify(.) by extension 'ignore'
[0.337s] Level 1:colcon.colcon_core.package_identification:_identify(.) by extension 'ignore_ament_install'
[0.337s] Level 1:colcon.colcon_core.package_identification:_identify(.) by extensions ['colcon_pkg']
[0.337s] Level 1:colcon.colcon_core.package_identification:_identify(.) by extension 'colcon_pkg'
[0.337s] Level 1:colcon.colcon_core.package_identification:_identify(.) by extensions ['colcon_meta']
[0.337s] Level 1:colcon.colcon_core.package_identification:_identify(.) by extension 'colcon_meta'
[0.337s] Level 1:colcon.colcon_core.package_identification:_identify(.) by extensions ['ros']
[0.337s] Level 1:colcon.colcon_core.package_identification:_identify(.) by extension 'ros'
[0.390s] Level 1:colcon.colcon_core.package_identification:_identify(.) by extensions ['cmake', 'python']
[0.391s] Level 1:colcon.colcon_core.package_identification:_identify(.) by extension 'cmake'
[0.391s] Level 1:colcon.colcon_core.package_identification:_identify(.) by extension 'python'
[0.391s] Level 1:colcon.colcon_core.package_identification:_identify(.) by extensions ['python_setup_py']
[0.391s] Level 1:colcon.colcon_core.package_identification:_identify(.) by extension 'python_setup_py'
[0.399s] Level 1:colcon.colcon_core.package_identification:_identify(build) by extensions ['ignore', 'ignore_ament_install']
[0.400s] Level 1:colcon.colcon_core.package_identification:_identify(build) by extension 'ignore'
[0.400s] Level 1:colcon.colcon_core.package_identification:_identify(build) ignored
[0.400s] Level 1:colcon.colcon_core.package_identification:_identify(install) by extensions ['ignore', 'ignore_ament_install']
[0.400s] Level 1:colcon.colcon_core.package_identification:_identify(install) by extension 'ignore'
[0.401s] Level 1:colcon.colcon_core.package_identification:_identify(install) ignored
[0.401s] Level 1:colcon.colcon_core.package_identification:_identify(log) by extensions ['ignore', 'ignore_ament_install']
[0.401s] Level 1:colcon.colcon_core.package_identification:_identify(log) by extension 'ignore'
[0.401s] Level 1:colcon.colcon_core.package_identification:_identify(log) ignored
[0.401s] Level 1:colcon.colcon_core.package_identification:_identify(src) by extensions ['ignore', 'ignore_ament_install']
[0.401s] Level 1:colcon.colcon_core.package_identification:_identify(src) by extension 'ignore'
[0.401s] Level 1:colcon.colcon_core.package_identification:_identify(src) by extension 'ignore_ament_install'
[0.401s] Level 1:colcon.colcon_core.package_identification:_identify(src) by extensions ['colcon_pkg']
[0.401s] Level 1:colcon.colcon_core.package_identification:_identify(src) by extension 'colcon_pkg'
[0.401s] Level 1:colcon.colcon_core.package_identification:_identify(src) by extensions ['colcon_meta']
[0.401s] Level 1:colcon.colcon_core.package_identification:_identify(src) by extension 'colcon_meta'
[0.402s] Level 1:colcon.colcon_core.package_identification:_identify(src) by extensions ['ros']
[0.402s] Level 1:colcon.colcon_core.package_identification:_identify(src) by extension 'ros'
[0.402s] Level 1:colcon.colcon_core.package_identification:_identify(src) by extensions ['cmake', 'python']
[0.402s] Level 1:colcon.colcon_core.package_identification:_identify(src) by extension 'cmake'
[0.402s] Level 1:colcon.colcon_core.package_identification:_identify(src) by extension 'python'
[0.402s] Level 1:colcon.colcon_core.package_identification:_identify(src) by extensions ['python_setup_py']
[0.402s] Level 1:colcon.colcon_core.package_identification:_identify(src) by extension 'python_setup_py'
[0.402s] Level 1:colcon.colcon_core.package_identification:_identify(src/path_planner_pkg) by extensions ['ignore', 'ignore_ament_install']
[0.402s] Level 1:colcon.colcon_core.package_identification:_identify(src/path_planner_pkg) by extension 'ignore'
[0.402s] Level 1:colcon.colcon_core.package_identification:_identify(src/path_planner_pkg) by extension 'ignore_ament_install'
[0.402s] Level 1:colcon.colcon_core.package_identification:_identify(src/path_planner_pkg) by extensions ['colcon_pkg']
[0.402s] Level 1:colcon.colcon_core.package_identification:_identify(src/path_planner_pkg) by extension 'colcon_pkg'
[0.402s] Level 1:colcon.colcon_core.package_identification:_identify(src/path_planner_pkg) by extensions ['colcon_meta']
[0.402s] Level 1:colcon.colcon_core.package_identification:_identify(src/path_planner_pkg) by extension 'colcon_meta'
[0.403s] Level 1:colcon.colcon_core.package_identification:_identify(src/path_planner_pkg) by extensions ['ros']
[0.403s] Level 1:colcon.colcon_core.package_identification:_identify(src/path_planner_pkg) by extension 'ros'
[0.407s] DEBUG:colcon.colcon_core.package_identification:Package 'src/path_planner_pkg' with type 'ros.ament_cmake' and name 'path_planner_pkg'
[0.407s] Level 1:colcon.colcon_core.package_discovery:discover_packages(recursive) using defaults
[0.407s] Level 1:colcon.colcon_core.package_discovery:discover_packages(ignore) discover
[0.407s] Level 1:colcon.colcon_core.package_discovery:discover_packages(ignore) using defaults
[0.407s] Level 1:colcon.colcon_core.package_discovery:discover_packages(path) discover
[0.407s] Level 1:colcon.colcon_core.package_discovery:discover_packages(path) using defaults
[0.442s] Level 1:colcon.colcon_core.package_discovery:discover_packages(prefix_path) check parameters
[0.442s] Level 1:colcon.colcon_core.package_discovery:discover_packages(prefix_path) discover
[0.446s] DEBUG:colcon.colcon_installed_package_information.package_discovery:Found 1 installed packages in /home/debraj/Documents/MotionPlanning/path_planner/install
[0.450s] DEBUG:colcon.colcon_installed_package_information.package_discovery:Found 388 installed packages in /opt/ros/jazzy
[0.456s] Level 1:colcon.colcon_core.package_discovery:discover_packages(prefix_path) using defaults
[0.555s] Level 5:colcon.colcon_core.verb:set package 'path_planner_pkg' build argument 'cmake_args' from command line to 'None'
[0.555s] Level 5:colcon.colcon_core.verb:set package 'path_planner_pkg' build argument 'cmake_target' from command line to 'None'
[0.555s] Level 5:colcon.colcon_core.verb:set package 'path_planner_pkg' build argument 'cmake_target_skip_unavailable' from command line to 'False'
[0.555s] Level 5:colcon.colcon_core.verb:set package 'path_planner_pkg' build argument 'cmake_clean_cache' from command line to 'False'
[0.555s] Level 5:colcon.colcon_core.verb:set package 'path_planner_pkg' build argument 'cmake_clean_first' from command line to 'False'
[0.555s] Level 5:colcon.colcon_core.verb:set package 'path_planner_pkg' build argument 'cmake_force_configure' from command line to 'False'
[0.555s] Level 5:colcon.colcon_core.verb:set package 'path_planner_pkg' build argument 'ament_cmake_args' from command line to 'None'
[0.555s] Level 5:colcon.colcon_core.verb:set package 'path_planner_pkg' build argument 'catkin_cmake_args' from command line to 'None'
[0.555s] Level 5:colcon.colcon_core.verb:set package 'path_planner_pkg' build argument 'catkin_skip_building_tests' from command line to 'False'
[0.555s] DEBUG:colcon.colcon_core.verb:Building package 'path_planner_pkg' with the following arguments: {'ament_cmake_args': None, 'build_base': '/home/debraj/Documents/MotionPlanning/path_planner/build/path_planner_pkg', 'catkin_cmake_args': None, 'catkin_skip_building_tests': False, 'cmake_args': None, 'cmake_clean_cache': False, 'cmake_clean_first': False, 'cmake_force_configure': False, 'cmake_target': None, 'cmake_target_skip_unavailable': False, 'install_base': '/home/debraj/Documents/MotionPlanning/path_planner/install/path_planner_pkg', 'merge_install': False, 'path': '/home/debraj/Documents/MotionPlanning/path_planner/src/path_planner_pkg', 'symlink_install': False, 'test_result_base': None}
[0.556s] INFO:colcon.colcon_core.executor:Executing jobs using 'parallel' executor
[0.557s] DEBUG:colcon.colcon_parallel_executor.executor.parallel:run_until_complete
[0.558s] INFO:colcon.colcon_ros.task.ament_cmake.build:Building ROS package in '/home/debraj/Documents/MotionPlanning/path_planner/src/path_planner_pkg' with build type 'ament_cmake'
[0.558s] INFO:colcon.colcon_cmake.task.cmake.build:Building CMake package in '/home/debraj/Documents/MotionPlanning/path_planner/src/path_planner_pkg'
[0.572s] INFO:colcon.colcon_core.plugin_system:Skipping extension 'colcon_core.shell.bat': Not used on non-Windows systems
[0.575s] INFO:colcon.colcon_core.shell:Skip shell extension 'powershell' for command environment: Not usable outside of PowerShell
[0.575s] DEBUG:colcon.colcon_core.shell:Skip shell extension 'dsv' for command environment
[0.609s] DEBUG:colcon.colcon_core.event_handler.log_command:Invoking command in '/home/debraj/Documents/MotionPlanning/path_planner/build/path_planner_pkg': CMAKE_PREFIX_PATH=${CMAKE_PREFIX_PATH}:/opt/ros/jazzy DEBUGINFOD_URLS=https://debuginfod.ubuntu.com /usr/bin/cmake --build /home/debraj/Documents/MotionPlanning/path_planner/build/path_planner_pkg -- -j8 -l8
[30.667s] DEBUG:colcon.colcon_core.event_handler.log_command:Invoked command in '/home/debraj/Documents/MotionPlanning/path_planner/build/path_planner_pkg' returned '0': CMAKE_PREFIX_PATH=${CMAKE_PREFIX_PATH}:/opt/ros/jazzy DEBUGINFOD_URLS=https://debuginfod.ubuntu.com /usr/bin/cmake --build /home/debraj/Documents/MotionPlanning/path_planner/build/path_planner_pkg -- -j8 -l8
[30.691s] DEBUG:colcon.colcon_core.event_handler.log_command:Invoking command in '/home/debraj/Documents/MotionPlanning/path_planner/build/path_planner_pkg': CMAKE_PREFIX_PATH=${CMAKE_PREFIX_PATH}:/opt/ros/jazzy DEBUGINFOD_URLS=https://debuginfod.ubuntu.com /usr/bin/cmake --install /home/debraj/Documents/MotionPlanning/path_planner/build/path_planner_pkg
[30.726s] Level 1:colcon.colcon_core.environment:create_environment_scripts_only(path_planner_pkg)
[30.727s] DEBUG:colcon.colcon_core.event_handler.log_command:Invoked command in '/home/debraj/Documents/MotionPlanning/path_planner/build/path_planner_pkg' returned '0': CMAKE_PREFIX_PATH=${CMAKE_PREFIX_PATH}:/opt/ros/jazzy DEBUGINFOD_URLS=https://debuginfod.ubuntu.com /usr/bin/cmake --install /home/debraj/Documents/MotionPlanning/path_planner/build/path_planner_pkg
[30.730s] Level 1:colcon.colcon_core.environment:checking '/home/debraj/Documents/MotionPlanning/path_planner/install/path_planner_pkg' for CMake module files
[30.731s] Level 1:colcon.colcon_core.environment:checking '/home/debraj/Documents/MotionPlanning/path_planner/install/path_planner_pkg' for CMake config files
[30.731s] Level 1:colcon.colcon_core.shell:create_environment_hook('path_planner_pkg', 'cmake_prefix_path')
[30.731s] INFO:colcon.colcon_core.shell:Creating environment hook '/home/debraj/Documents/MotionPlanning/path_planner/install/path_planner_pkg/share/path_planner_pkg/hook/cmake_prefix_path.ps1'
[30.732s] INFO:colcon.colcon_core.shell:Creating environment descriptor '/home/debraj/Documents/MotionPlanning/path_planner/install/path_planner_pkg/share/path_planner_pkg/hook/cmake_prefix_path.dsv'
[30.732s] INFO:colcon.colcon_core.shell:Creating environment hook '/home/debraj/Documents/MotionPlanning/path_planner/install/path_planner_pkg/share/path_planner_pkg/hook/cmake_prefix_path.sh'
[30.734s] Level 1:colcon.colcon_core.environment:checking '/home/debraj/Documents/MotionPlanning/path_planner/install/path_planner_pkg/lib'
[30.734s] Level 1:colcon.colcon_core.environment:checking '/home/debraj/Documents/MotionPlanning/path_planner/install/path_planner_pkg/bin'
[30.734s] Level 1:colcon.colcon_core.environment:checking '/home/debraj/Documents/MotionPlanning/path_planner/install/path_planner_pkg/lib/pkgconfig/path_planner_pkg.pc'
[30.734s] Level 1:colcon.colcon_core.environment:checking '/home/debraj/Documents/MotionPlanning/path_planner/install/path_planner_pkg/lib/python3.12/site-packages'
[30.735s] Level 1:colcon.colcon_core.environment:checking '/home/debraj/Documents/MotionPlanning/path_planner/install/path_planner_pkg/bin'
[30.735s] INFO:colcon.colcon_core.shell:Creating package script '/home/debraj/Documents/MotionPlanning/path_planner/install/path_planner_pkg/share/path_planner_pkg/package.ps1'
[30.737s] INFO:colcon.colcon_core.shell:Creating package descriptor '/home/debraj/Documents/MotionPlanning/path_planner/install/path_planner_pkg/share/path_planner_pkg/package.dsv'
[30.737s] INFO:colcon.colcon_core.shell:Creating package script '/home/debraj/Documents/MotionPlanning/path_planner/install/path_planner_pkg/share/path_planner_pkg/package.sh'
[30.738s] INFO:colcon.colcon_core.shell:Creating package script '/home/debraj/Documents/MotionPlanning/path_planner/install/path_planner_pkg/share/path_planner_pkg/package.bash'
[30.739s] INFO:colcon.colcon_core.shell:Creating package script '/home/debraj/Documents/MotionPlanning/path_planner/install/path_planner_pkg/share/path_planner_pkg/package.zsh'
[30.739s] Level 1:colcon.colcon_core.environment:create_file_with_runtime_dependencies(/home/debraj/Documents/MotionPlanning/path_planner/install/path_planner_pkg/share/colcon-core/packages/path_planner_pkg)
[30.740s] Level 1:colcon.colcon_core.environment:create_environment_scripts_only(path_planner_pkg)
[30.740s] Level 1:colcon.colcon_core.environment:checking '/home/debraj/Documents/MotionPlanning/path_planner/install/path_planner_pkg' for CMake module files
[30.741s] Level 1:colcon.colcon_core.environment:checking '/home/debraj/Documents/MotionPlanning/path_planner/install/path_planner_pkg' for CMake config files
[30.741s] Level 1:colcon.colcon_core.shell:create_environment_hook('path_planner_pkg', 'cmake_prefix_path')
[30.741s] INFO:colcon.colcon_core.shell:Creating environment hook '/home/debraj/Documents/MotionPlanning/path_planner/install/path_planner_pkg/share/path_planner_pkg/hook/cmake_prefix_path.ps1'
[30.742s] INFO:colcon.colcon_core.shell:Creating environment descriptor '/home/debraj/Documents/MotionPlanning/path_planner/install/path_planner_pkg/share/path_planner_pkg/hook/cmake_prefix_path.dsv'
[30.742s] INFO:colcon.colcon_core.shell:Creating environment hook '/home/debraj/Documents/MotionPlanning/path_planner/install/path_planner_pkg/share/path_planner_pkg/hook/cmake_prefix_path.sh'
[30.743s] Level 1:colcon.colcon_core.environment:checking '/home/debraj/Documents/MotionPlanning/path_planner/install/path_planner_pkg/lib'
[30.743s] Level 1:colcon.colcon_core.environment:checking '/home/debraj/Documents/MotionPlanning/path_planner/install/path_planner_pkg/bin'
[30.743s] Level 1:colcon.colcon_core.environment:checking '/home/debraj/Documents/MotionPlanning/path_planner/install/path_planner_pkg/lib/pkgconfig/path_planner_pkg.pc'
[30.743s] Level 1:colcon.colcon_core.environment:checking '/home/debraj/Documents/MotionPlanning/path_planner/install/path_planner_pkg/lib/python3.12/site-packages'
[30.744s] Level 1:colcon.colcon_core.environment:checking '/home/debraj/Documents/MotionPlanning/path_planner/install/path_planner_pkg/bin'
[30.744s] INFO:colcon.colcon_core.shell:Creating package script '/home/debraj/Documents/MotionPlanning/path_planner/install/path_planner_pkg/share/path_planner_pkg/package.ps1'
[30.745s] INFO:colcon.colcon_core.shell:Creating package descriptor '/home/debraj/Documents/MotionPlanning/path_planner/install/path_planner_pkg/share/path_planner_pkg/package.dsv'
[30.746s] INFO:colcon.colcon_core.shell:Creating package script '/home/debraj/Documents/MotionPlanning/path_planner/install/path_planner_pkg/share/path_planner_pkg/package.sh'
[30.746s] INFO:colcon.colcon_core.shell:Creating package script '/home/debraj/Documents/MotionPlanning/path_planner/install/path_planner_pkg/share/path_planner_pkg/package.bash'
[30.747s] INFO:colcon.colcon_core.shell:Creating package script '/home/debraj/Documents/MotionPlanning/path_planner/install/path_planner_pkg/share/path_planner_pkg/package.zsh'
[30.747s] Level 1:colcon.colcon_core.environment:create_file_with_runtime_dependencies(/home/debraj/Documents/MotionPlanning/path_planner/install/path_planner_pkg/share/colcon-core/packages/path_planner_pkg)
[30.749s] DEBUG:colcon.colcon_parallel_executor.executor.parallel:closing loop
[30.750s] DEBUG:colcon.colcon_parallel_executor.executor.parallel:loop closed
[30.750s] DEBUG:colcon.colcon_parallel_executor.executor.parallel:run_until_complete finished with '0'
[30.750s] DEBUG:colcon.colcon_core.event_reactor:joining thread
[30.759s] INFO:colcon.colcon_core.plugin_system:Skipping extension 'colcon_notification.desktop_notification.terminal_notifier': Not used on non-Darwin systems
[30.760s] INFO:colcon.colcon_core.plugin_system:Skipping extension 'colcon_notification.desktop_notification.win32': Not used on non-Windows systems
[30.760s] INFO:colcon.colcon_notification.desktop_notification:Sending desktop notification using 'notify2'
[30.782s] DEBUG:colcon.colcon_core.event_reactor:joined thread
[30.783s] INFO:colcon.colcon_core.shell:Creating prefix script '/home/debraj/Documents/MotionPlanning/path_planner/install/local_setup.ps1'
[30.785s] INFO:colcon.colcon_core.shell:Creating prefix util module '/home/debraj/Documents/MotionPlanning/path_planner/install/_local_setup_util_ps1.py'
[30.788s] INFO:colcon.colcon_core.shell:Creating prefix chain script '/home/debraj/Documents/MotionPlanning/path_planner/install/setup.ps1'
[30.790s] INFO:colcon.colcon_core.shell:Creating prefix script '/home/debraj/Documents/MotionPlanning/path_planner/install/local_setup.sh'
[30.791s] INFO:colcon.colcon_core.shell:Creating prefix util module '/home/debraj/Documents/MotionPlanning/path_planner/install/_local_setup_util_sh.py'
[30.791s] INFO:colcon.colcon_core.shell:Creating prefix chain script '/home/debraj/Documents/MotionPlanning/path_planner/install/setup.sh'
[30.793s] INFO:colcon.colcon_core.shell:Creating prefix script '/home/debraj/Documents/MotionPlanning/path_planner/install/local_setup.bash'
[30.794s] INFO:colcon.colcon_core.shell:Creating prefix chain script '/home/debraj/Documents/MotionPlanning/path_planner/install/setup.bash'
[30.796s] INFO:colcon.colcon_core.shell:Creating prefix script '/home/debraj/Documents/MotionPlanning/path_planner/install/local_setup.zsh'
[30.797s] INFO:colcon.colcon_core.shell:Creating prefix chain script '/home/debraj/Documents/MotionPlanning/path_planner/install/setup.zsh'
