[0.185s] DEBUG:colcon:Command line arguments: ['/usr/bin/colcon', 'build']
[0.185s] DEBUG:colcon:Parsed command line arguments: Namespace(log_base=None, log_level=None, verb_name='build', build_base='build', install_base='install', merge_install=False, symlink_install=False, test_result_base=None, continue_on_error=False, executor='parallel', parallel_workers=8, event_handlers=None, ignore_user_meta=False, metas=['./colcon.meta'], base_paths=['.'], packages_ignore=None, packages_ignore_regex=None, paths=None, packages_up_to=None, packages_up_to_regex=None, packages_above=None, packages_above_and_dependencies=None, packages_above_depth=None, packages_select_by_dep=None, packages_skip_by_dep=None, packages_skip_up_to=None, packages_select_build_failed=False, packages_skip_build_finished=False, packages_select_test_failures=False, packages_skip_test_passed=False, packages_select=None, packages_skip=None, packages_select_regex=None, packages_skip_regex=None, packages_start=None, packages_end=None, allow_overriding=[], cmake_args=None, cmake_target=None, cmake_target_skip_unavailable=False, cmake_clean_cache=False, cmake_clean_first=False, cmake_force_configure=False, ament_cmake_args=None, catkin_cmake_args=None, catkin_skip_building_tests=False, mixin_files=None, mixin=None, verb_parser=<colcon_mixin.mixin.mixin_argument.MixinArgumentDecorator object at 0x77aa7f1829c0>, verb_extension=<colcon_core.verb.build.BuildVerb object at 0x77aa7f182210>, main=<bound method BuildVerb.main of <colcon_core.verb.build.BuildVerb object at 0x77aa7f182210>>, mixin_verb=('build',))
[0.242s] Level 1:colcon.colcon_core.package_discovery:discover_packages(colcon_meta) check parameters
[0.242s] Level 1:colcon.colcon_core.package_discovery:discover_packages(recursive) check parameters
[0.243s] Level 1:colcon.colcon_core.package_discovery:discover_packages(ignore) check parameters
[0.243s] Level 1:colcon.colcon_core.package_discovery:discover_packages(path) check parameters
[0.243s] Level 1:colcon.colcon_core.package_discovery:discover_packages(colcon_meta) discover
[0.243s] Level 1:colcon.colcon_core.package_discovery:discover_packages(recursive) discover
[0.243s] INFO:colcon.colcon_core.package_discovery:Crawling recursively for packages in '/home/debraj/Documents/MotionPlanning/webots_sim'
[0.243s] Level 1:colcon.colcon_core.package_identification:_identify(.) by extensions ['ignore', 'ignore_ament_install']
[0.243s] Level 1:colcon.colcon_core.package_identification:_identify(.) by extension 'ignore'
[0.243s] Level 1:colcon.colcon_core.package_identification:_identify(.) by extension 'ignore_ament_install'
[0.243s] Level 1:colcon.colcon_core.package_identification:_identify(.) by extensions ['colcon_pkg']
[0.243s] Level 1:colcon.colcon_core.package_identification:_identify(.) by extension 'colcon_pkg'
[0.243s] Level 1:colcon.colcon_core.package_identification:_identify(.) by extensions ['colcon_meta']
[0.243s] Level 1:colcon.colcon_core.package_identification:_identify(.) by extension 'colcon_meta'
[0.243s] Level 1:colcon.colcon_core.package_identification:_identify(.) by extensions ['ros']
[0.243s] Level 1:colcon.colcon_core.package_identification:_identify(.) by extension 'ros'
[0.275s] Level 1:colcon.colcon_core.package_identification:_identify(.) by extensions ['cmake', 'python']
[0.275s] Level 1:colcon.colcon_core.package_identification:_identify(.) by extension 'cmake'
[0.275s] Level 1:colcon.colcon_core.package_identification:_identify(.) by extension 'python'
[0.275s] Level 1:colcon.colcon_core.package_identification:_identify(.) by extensions ['python_setup_py']
[0.275s] Level 1:colcon.colcon_core.package_identification:_identify(.) by extension 'python_setup_py'
[0.275s] Level 1:colcon.colcon_core.package_identification:_identify(build) by extensions ['ignore', 'ignore_ament_install']
[0.275s] Level 1:colcon.colcon_core.package_identification:_identify(build) by extension 'ignore'
[0.276s] Level 1:colcon.colcon_core.package_identification:_identify(build) ignored
[0.276s] Level 1:colcon.colcon_core.package_identification:_identify(install) by extensions ['ignore', 'ignore_ament_install']
[0.276s] Level 1:colcon.colcon_core.package_identification:_identify(install) by extension 'ignore'
[0.276s] Level 1:colcon.colcon_core.package_identification:_identify(install) ignored
[0.276s] Level 1:colcon.colcon_core.package_identification:_identify(log) by extensions ['ignore', 'ignore_ament_install']
[0.276s] Level 1:colcon.colcon_core.package_identification:_identify(log) by extension 'ignore'
[0.276s] Level 1:colcon.colcon_core.package_identification:_identify(log) ignored
[0.276s] Level 1:colcon.colcon_core.package_identification:_identify(src) by extensions ['ignore', 'ignore_ament_install']
[0.276s] Level 1:colcon.colcon_core.package_identification:_identify(src) by extension 'ignore'
[0.276s] Level 1:colcon.colcon_core.package_identification:_identify(src) by extension 'ignore_ament_install'
[0.276s] Level 1:colcon.colcon_core.package_identification:_identify(src) by extensions ['colcon_pkg']
[0.276s] Level 1:colcon.colcon_core.package_identification:_identify(src) by extension 'colcon_pkg'
[0.276s] Level 1:colcon.colcon_core.package_identification:_identify(src) by extensions ['colcon_meta']
[0.276s] Level 1:colcon.colcon_core.package_identification:_identify(src) by extension 'colcon_meta'
[0.276s] Level 1:colcon.colcon_core.package_identification:_identify(src) by extensions ['ros']
[0.276s] Level 1:colcon.colcon_core.package_identification:_identify(src) by extension 'ros'
[0.276s] Level 1:colcon.colcon_core.package_identification:_identify(src) by extensions ['cmake', 'python']
[0.276s] Level 1:colcon.colcon_core.package_identification:_identify(src) by extension 'cmake'
[0.276s] Level 1:colcon.colcon_core.package_identification:_identify(src) by extension 'python'
[0.276s] Level 1:colcon.colcon_core.package_identification:_identify(src) by extensions ['python_setup_py']
[0.277s] Level 1:colcon.colcon_core.package_identification:_identify(src) by extension 'python_setup_py'
[0.277s] Level 1:colcon.colcon_core.package_identification:_identify(src/webots_pkg) by extensions ['ignore', 'ignore_ament_install']
[0.277s] Level 1:colcon.colcon_core.package_identification:_identify(src/webots_pkg) by extension 'ignore'
[0.277s] Level 1:colcon.colcon_core.package_identification:_identify(src/webots_pkg) by extension 'ignore_ament_install'
[0.277s] Level 1:colcon.colcon_core.package_identification:_identify(src/webots_pkg) by extensions ['colcon_pkg']
[0.277s] Level 1:colcon.colcon_core.package_identification:_identify(src/webots_pkg) by extension 'colcon_pkg'
[0.277s] Level 1:colcon.colcon_core.package_identification:_identify(src/webots_pkg) by extensions ['colcon_meta']
[0.277s] Level 1:colcon.colcon_core.package_identification:_identify(src/webots_pkg) by extension 'colcon_meta'
[0.277s] Level 1:colcon.colcon_core.package_identification:_identify(src/webots_pkg) by extensions ['ros']
[0.277s] Level 1:colcon.colcon_core.package_identification:_identify(src/webots_pkg) by extension 'ros'
[0.280s] DEBUG:colcon.colcon_core.package_identification:Package 'src/webots_pkg' with type 'ros.ament_cmake' and name 'webots_pkg'
[0.280s] Level 1:colcon.colcon_core.package_discovery:discover_packages(recursive) using defaults
[0.280s] Level 1:colcon.colcon_core.package_discovery:discover_packages(ignore) discover
[0.280s] Level 1:colcon.colcon_core.package_discovery:discover_packages(ignore) using defaults
[0.280s] Level 1:colcon.colcon_core.package_discovery:discover_packages(path) discover
[0.280s] Level 1:colcon.colcon_core.package_discovery:discover_packages(path) using defaults
[0.303s] Level 1:colcon.colcon_core.package_discovery:discover_packages(prefix_path) check parameters
[0.303s] Level 1:colcon.colcon_core.package_discovery:discover_packages(prefix_path) discover
[0.307s] DEBUG:colcon.colcon_installed_package_information.package_discovery:Found 388 installed packages in /opt/ros/jazzy
[0.309s] Level 1:colcon.colcon_core.package_discovery:discover_packages(prefix_path) using defaults
[0.362s] Level 5:colcon.colcon_core.verb:set package 'webots_pkg' build argument 'cmake_args' from command line to 'None'
[0.362s] Level 5:colcon.colcon_core.verb:set package 'webots_pkg' build argument 'cmake_target' from command line to 'None'
[0.362s] Level 5:colcon.colcon_core.verb:set package 'webots_pkg' build argument 'cmake_target_skip_unavailable' from command line to 'False'
[0.362s] Level 5:colcon.colcon_core.verb:set package 'webots_pkg' build argument 'cmake_clean_cache' from command line to 'False'
[0.362s] Level 5:colcon.colcon_core.verb:set package 'webots_pkg' build argument 'cmake_clean_first' from command line to 'False'
[0.362s] Level 5:colcon.colcon_core.verb:set package 'webots_pkg' build argument 'cmake_force_configure' from command line to 'False'
[0.362s] Level 5:colcon.colcon_core.verb:set package 'webots_pkg' build argument 'ament_cmake_args' from command line to 'None'
[0.362s] Level 5:colcon.colcon_core.verb:set package 'webots_pkg' build argument 'catkin_cmake_args' from command line to 'None'
[0.362s] Level 5:colcon.colcon_core.verb:set package 'webots_pkg' build argument 'catkin_skip_building_tests' from command line to 'False'
[0.362s] DEBUG:colcon.colcon_core.verb:Building package 'webots_pkg' with the following arguments: {'ament_cmake_args': None, 'build_base': '/home/debraj/Documents/MotionPlanning/webots_sim/build/webots_pkg', 'catkin_cmake_args': None, 'catkin_skip_building_tests': False, 'cmake_args': None, 'cmake_clean_cache': False, 'cmake_clean_first': False, 'cmake_force_configure': False, 'cmake_target': None, 'cmake_target_skip_unavailable': False, 'install_base': '/home/debraj/Documents/MotionPlanning/webots_sim/install/webots_pkg', 'merge_install': False, 'path': '/home/debraj/Documents/MotionPlanning/webots_sim/src/webots_pkg', 'symlink_install': False, 'test_result_base': None}
[0.362s] INFO:colcon.colcon_core.executor:Executing jobs using 'parallel' executor
[0.363s] DEBUG:colcon.colcon_parallel_executor.executor.parallel:run_until_complete
[0.364s] INFO:colcon.colcon_ros.task.ament_cmake.build:Building ROS package in '/home/debraj/Documents/MotionPlanning/webots_sim/src/webots_pkg' with build type 'ament_cmake'
[0.364s] INFO:colcon.colcon_cmake.task.cmake.build:Building CMake package in '/home/debraj/Documents/MotionPlanning/webots_sim/src/webots_pkg'
[0.373s] INFO:colcon.colcon_core.plugin_system:Skipping extension 'colcon_core.shell.bat': Not used on non-Windows systems
[0.373s] INFO:colcon.colcon_core.shell:Skip shell extension 'powershell' for command environment: Not usable outside of PowerShell
[0.373s] DEBUG:colcon.colcon_core.shell:Skip shell extension 'dsv' for command environment
[0.383s] DEBUG:colcon.colcon_core.event_handler.log_command:Invoking command in '/home/debraj/Documents/MotionPlanning/webots_sim/build/webots_pkg': CMAKE_PREFIX_PATH=${CMAKE_PREFIX_PATH}:/opt/ros/jazzy DEBUGINFOD_URLS=https://debuginfod.ubuntu.com /usr/bin/cmake /home/debraj/Documents/MotionPlanning/webots_sim/src/webots_pkg -DCMAKE_INSTALL_PREFIX=/home/debraj/Documents/MotionPlanning/webots_sim/install/webots_pkg
[2.623s] DEBUG:colcon.colcon_core.event_handler.log_command:Invoked command in '/home/debraj/Documents/MotionPlanning/webots_sim/build/webots_pkg' returned '0': CMAKE_PREFIX_PATH=${CMAKE_PREFIX_PATH}:/opt/ros/jazzy DEBUGINFOD_URLS=https://debuginfod.ubuntu.com /usr/bin/cmake /home/debraj/Documents/MotionPlanning/webots_sim/src/webots_pkg -DCMAKE_INSTALL_PREFIX=/home/debraj/Documents/MotionPlanning/webots_sim/install/webots_pkg
[2.625s] DEBUG:colcon.colcon_core.event_handler.log_command:Invoking command in '/home/debraj/Documents/MotionPlanning/webots_sim/build/webots_pkg': CMAKE_PREFIX_PATH=${CMAKE_PREFIX_PATH}:/opt/ros/jazzy DEBUGINFOD_URLS=https://debuginfod.ubuntu.com /usr/bin/cmake --build /home/debraj/Documents/MotionPlanning/webots_sim/build/webots_pkg -- -j8 -l8
[34.192s] DEBUG:colcon.colcon_core.event_handler.log_command:Invoked command in '/home/debraj/Documents/MotionPlanning/webots_sim/build/webots_pkg' returned '0': CMAKE_PREFIX_PATH=${CMAKE_PREFIX_PATH}:/opt/ros/jazzy DEBUGINFOD_URLS=https://debuginfod.ubuntu.com /usr/bin/cmake --build /home/debraj/Documents/MotionPlanning/webots_sim/build/webots_pkg -- -j8 -l8
[34.246s] DEBUG:colcon.colcon_core.event_handler.log_command:Invoking command in '/home/debraj/Documents/MotionPlanning/webots_sim/build/webots_pkg': CMAKE_PREFIX_PATH=${CMAKE_PREFIX_PATH}:/opt/ros/jazzy DEBUGINFOD_URLS=https://debuginfod.ubuntu.com /usr/bin/cmake --install /home/debraj/Documents/MotionPlanning/webots_sim/build/webots_pkg
[34.289s] Level 1:colcon.colcon_core.environment:create_environment_scripts_only(webots_pkg)
[34.298s] DEBUG:colcon.colcon_core.event_handler.log_command:Invoked command in '/home/debraj/Documents/MotionPlanning/webots_sim/build/webots_pkg' returned '0': CMAKE_PREFIX_PATH=${CMAKE_PREFIX_PATH}:/opt/ros/jazzy DEBUGINFOD_URLS=https://debuginfod.ubuntu.com /usr/bin/cmake --install /home/debraj/Documents/MotionPlanning/webots_sim/build/webots_pkg
[34.325s] Level 1:colcon.colcon_core.environment:checking '/home/debraj/Documents/MotionPlanning/webots_sim/install/webots_pkg' for CMake module files
[34.326s] Level 1:colcon.colcon_core.environment:checking '/home/debraj/Documents/MotionPlanning/webots_sim/install/webots_pkg' for CMake config files
[34.327s] Level 1:colcon.colcon_core.shell:create_environment_hook('webots_pkg', 'cmake_prefix_path')
[34.329s] INFO:colcon.colcon_core.shell:Creating environment hook '/home/debraj/Documents/MotionPlanning/webots_sim/install/webots_pkg/share/webots_pkg/hook/cmake_prefix_path.ps1'
[34.344s] INFO:colcon.colcon_core.shell:Creating environment descriptor '/home/debraj/Documents/MotionPlanning/webots_sim/install/webots_pkg/share/webots_pkg/hook/cmake_prefix_path.dsv'
[34.347s] INFO:colcon.colcon_core.shell:Creating environment hook '/home/debraj/Documents/MotionPlanning/webots_sim/install/webots_pkg/share/webots_pkg/hook/cmake_prefix_path.sh'
[34.351s] Level 1:colcon.colcon_core.environment:checking '/home/debraj/Documents/MotionPlanning/webots_sim/install/webots_pkg/lib'
[34.351s] Level 1:colcon.colcon_core.shell:create_environment_hook('webots_pkg', 'ld_library_path_lib')
[34.352s] INFO:colcon.colcon_core.shell:Creating environment hook '/home/debraj/Documents/MotionPlanning/webots_sim/install/webots_pkg/share/webots_pkg/hook/ld_library_path_lib.ps1'
[34.353s] INFO:colcon.colcon_core.shell:Creating environment descriptor '/home/debraj/Documents/MotionPlanning/webots_sim/install/webots_pkg/share/webots_pkg/hook/ld_library_path_lib.dsv'
[34.353s] INFO:colcon.colcon_core.shell:Creating environment hook '/home/debraj/Documents/MotionPlanning/webots_sim/install/webots_pkg/share/webots_pkg/hook/ld_library_path_lib.sh'
[34.354s] Level 1:colcon.colcon_core.environment:checking '/home/debraj/Documents/MotionPlanning/webots_sim/install/webots_pkg/bin'
[34.354s] Level 1:colcon.colcon_core.environment:checking '/home/debraj/Documents/MotionPlanning/webots_sim/install/webots_pkg/lib/pkgconfig/webots_pkg.pc'
[34.359s] Level 1:colcon.colcon_core.environment:checking '/home/debraj/Documents/MotionPlanning/webots_sim/install/webots_pkg/lib/python3.12/site-packages'
[34.359s] Level 1:colcon.colcon_core.environment:checking '/home/debraj/Documents/MotionPlanning/webots_sim/install/webots_pkg/bin'
[34.360s] INFO:colcon.colcon_core.shell:Creating package script '/home/debraj/Documents/MotionPlanning/webots_sim/install/webots_pkg/share/webots_pkg/package.ps1'
[34.362s] INFO:colcon.colcon_core.shell:Creating package descriptor '/home/debraj/Documents/MotionPlanning/webots_sim/install/webots_pkg/share/webots_pkg/package.dsv'
[34.364s] INFO:colcon.colcon_core.shell:Creating package script '/home/debraj/Documents/MotionPlanning/webots_sim/install/webots_pkg/share/webots_pkg/package.sh'
[34.365s] INFO:colcon.colcon_core.shell:Creating package script '/home/debraj/Documents/MotionPlanning/webots_sim/install/webots_pkg/share/webots_pkg/package.bash'
[34.368s] INFO:colcon.colcon_core.shell:Creating package script '/home/debraj/Documents/MotionPlanning/webots_sim/install/webots_pkg/share/webots_pkg/package.zsh'
[34.370s] Level 1:colcon.colcon_core.environment:create_file_with_runtime_dependencies(/home/debraj/Documents/MotionPlanning/webots_sim/install/webots_pkg/share/colcon-core/packages/webots_pkg)
[34.376s] Level 1:colcon.colcon_core.environment:create_environment_scripts_only(webots_pkg)
[34.377s] Level 1:colcon.colcon_core.environment:checking '/home/debraj/Documents/MotionPlanning/webots_sim/install/webots_pkg' for CMake module files
[34.377s] Level 1:colcon.colcon_core.environment:checking '/home/debraj/Documents/MotionPlanning/webots_sim/install/webots_pkg' for CMake config files
[34.378s] Level 1:colcon.colcon_core.shell:create_environment_hook('webots_pkg', 'cmake_prefix_path')
[34.378s] INFO:colcon.colcon_core.shell:Creating environment hook '/home/debraj/Documents/MotionPlanning/webots_sim/install/webots_pkg/share/webots_pkg/hook/cmake_prefix_path.ps1'
[34.378s] INFO:colcon.colcon_core.shell:Creating environment descriptor '/home/debraj/Documents/MotionPlanning/webots_sim/install/webots_pkg/share/webots_pkg/hook/cmake_prefix_path.dsv'
[34.379s] INFO:colcon.colcon_core.shell:Creating environment hook '/home/debraj/Documents/MotionPlanning/webots_sim/install/webots_pkg/share/webots_pkg/hook/cmake_prefix_path.sh'
[34.380s] Level 1:colcon.colcon_core.environment:checking '/home/debraj/Documents/MotionPlanning/webots_sim/install/webots_pkg/lib'
[34.380s] Level 1:colcon.colcon_core.shell:create_environment_hook('webots_pkg', 'ld_library_path_lib')
[34.380s] INFO:colcon.colcon_core.shell:Creating environment hook '/home/debraj/Documents/MotionPlanning/webots_sim/install/webots_pkg/share/webots_pkg/hook/ld_library_path_lib.ps1'
[34.381s] INFO:colcon.colcon_core.shell:Creating environment descriptor '/home/debraj/Documents/MotionPlanning/webots_sim/install/webots_pkg/share/webots_pkg/hook/ld_library_path_lib.dsv'
[34.381s] INFO:colcon.colcon_core.shell:Creating environment hook '/home/debraj/Documents/MotionPlanning/webots_sim/install/webots_pkg/share/webots_pkg/hook/ld_library_path_lib.sh'
[34.382s] Level 1:colcon.colcon_core.environment:checking '/home/debraj/Documents/MotionPlanning/webots_sim/install/webots_pkg/bin'
[34.382s] Level 1:colcon.colcon_core.environment:checking '/home/debraj/Documents/MotionPlanning/webots_sim/install/webots_pkg/lib/pkgconfig/webots_pkg.pc'
[34.382s] Level 1:colcon.colcon_core.environment:checking '/home/debraj/Documents/MotionPlanning/webots_sim/install/webots_pkg/lib/python3.12/site-packages'
[34.382s] Level 1:colcon.colcon_core.environment:checking '/home/debraj/Documents/MotionPlanning/webots_sim/install/webots_pkg/bin'
[34.382s] INFO:colcon.colcon_core.shell:Creating package script '/home/debraj/Documents/MotionPlanning/webots_sim/install/webots_pkg/share/webots_pkg/package.ps1'
[34.383s] INFO:colcon.colcon_core.shell:Creating package descriptor '/home/debraj/Documents/MotionPlanning/webots_sim/install/webots_pkg/share/webots_pkg/package.dsv'
[34.384s] INFO:colcon.colcon_core.shell:Creating package script '/home/debraj/Documents/MotionPlanning/webots_sim/install/webots_pkg/share/webots_pkg/package.sh'
[34.385s] INFO:colcon.colcon_core.shell:Creating package script '/home/debraj/Documents/MotionPlanning/webots_sim/install/webots_pkg/share/webots_pkg/package.bash'
[34.385s] INFO:colcon.colcon_core.shell:Creating package script '/home/debraj/Documents/MotionPlanning/webots_sim/install/webots_pkg/share/webots_pkg/package.zsh'
[34.386s] Level 1:colcon.colcon_core.environment:create_file_with_runtime_dependencies(/home/debraj/Documents/MotionPlanning/webots_sim/install/webots_pkg/share/colcon-core/packages/webots_pkg)
[34.388s] DEBUG:colcon.colcon_parallel_executor.executor.parallel:closing loop
[34.390s] DEBUG:colcon.colcon_parallel_executor.executor.parallel:loop closed
[34.391s] DEBUG:colcon.colcon_parallel_executor.executor.parallel:run_until_complete finished with '0'
[34.391s] DEBUG:colcon.colcon_core.event_reactor:joining thread
[34.437s] INFO:colcon.colcon_core.plugin_system:Skipping extension 'colcon_notification.desktop_notification.terminal_notifier': Not used on non-Darwin systems
[34.437s] INFO:colcon.colcon_core.plugin_system:Skipping extension 'colcon_notification.desktop_notification.win32': Not used on non-Windows systems
[34.438s] INFO:colcon.colcon_notification.desktop_notification:Sending desktop notification using 'notify2'
[34.624s] DEBUG:colcon.colcon_core.event_reactor:joined thread
[34.626s] INFO:colcon.colcon_core.shell:Creating prefix script '/home/debraj/Documents/MotionPlanning/webots_sim/install/local_setup.ps1'
[34.627s] INFO:colcon.colcon_core.shell:Creating prefix util module '/home/debraj/Documents/MotionPlanning/webots_sim/install/_local_setup_util_ps1.py'
[34.629s] INFO:colcon.colcon_core.shell:Creating prefix chain script '/home/debraj/Documents/MotionPlanning/webots_sim/install/setup.ps1'
[34.632s] INFO:colcon.colcon_core.shell:Creating prefix script '/home/debraj/Documents/MotionPlanning/webots_sim/install/local_setup.sh'
[34.633s] INFO:colcon.colcon_core.shell:Creating prefix util module '/home/debraj/Documents/MotionPlanning/webots_sim/install/_local_setup_util_sh.py'
[34.634s] INFO:colcon.colcon_core.shell:Creating prefix chain script '/home/debraj/Documents/MotionPlanning/webots_sim/install/setup.sh'
[34.636s] INFO:colcon.colcon_core.shell:Creating prefix script '/home/debraj/Documents/MotionPlanning/webots_sim/install/local_setup.bash'
[34.636s] INFO:colcon.colcon_core.shell:Creating prefix chain script '/home/debraj/Documents/MotionPlanning/webots_sim/install/setup.bash'
[34.638s] INFO:colcon.colcon_core.shell:Creating prefix script '/home/debraj/Documents/MotionPlanning/webots_sim/install/local_setup.zsh'
[34.638s] INFO:colcon.colcon_core.shell:Creating prefix chain script '/home/debraj/Documents/MotionPlanning/webots_sim/install/setup.zsh'
