[ 50%] [32mBuilding CXX object CMakeFiles/controller.dir/src/controller.cpp.o[0m
[01m[K/home/debraj/Documents/MotionPlanning/controller/src/controller_pkg/src/controller.cpp:[m[K In constructor ‘[01m[KMyRobotNode::[01;32m[KMyRobotNode[m[K()[m[K’:
[01m[K/home/debraj/Documents/MotionPlanning/controller/src/controller_pkg/src/controller.cpp:50:11:[m[K [01;31m[Kerror: [m[Kno match for ‘[01m[Koperator<<[m[K’ (operand types are ‘[01m[KACADO::DifferentialEquation()[m[K’ and ‘[01m[KACADO::Expression[m[K’)
   50 |         [32m[Kf[m[K [01;31m[K<<[m[K [34m[Kdot(x)[m[K == vx;
      |         [32m[K~[m[K [01;31m[K^~[m[K [34m[K~~~~~~[m[K
      |         [32m[K|[m[K       [34m[K|[m[K
      |         [32m[K|[m[K       [34m[KACADO::Expression[m[K
      |         [32m[KACADO::DifferentialEquation()[m[K
In file included from [01m[K/usr/local/include/acado/symbolic_expression/acado_syntax.hpp:37[m[K,
                 from [01m[K/usr/local/include/acado/function/function.hpp:39[m[K,
                 from [01m[K/usr/local/include/acado/curve/curve.hpp:37[m[K,
                 from [01m[K/usr/local/include/acado/acado_integrators.hpp:37[m[K,
                 from [01m[K/usr/local/include/acado/acado_optimal_control.hpp:35[m[K,
                 from [01m[K/usr/local/include/acado/acado_toolkit.hpp:35[m[K,
                 from [01m[K/home/debraj/Documents/MotionPlanning/controller/src/controller_pkg/src/controller.cpp:1[m[K:
[01m[K/usr/local/include/acado/symbolic_expression/expression.hpp:148:30:[m[K [01;36m[Knote: [m[Kcandidate: ‘[01m[Kstd::ostream& ACADO::[01;32m[Koperator<<[m[K(std::ostream&, const Expression&)[m[K’
  148 |         friend std::ostream& [01;36m[Koperator[m[K<<( std::ostream& stream, const Expression &arg );
      |                              [01;36m[K^~~~~~~~[m[K
[01m[K/usr/local/include/acado/symbolic_expression/expression.hpp:148:56:[m[K [01;36m[Knote: [m[K  no known conversion for argument 1 from ‘[01m[KACADO::DifferentialEquation()[m[K’ to ‘[01m[Kstd::ostream&[m[K’ {aka ‘[01m[Kstd::basic_ostream<char>&[m[K’}
  148 |         friend std::ostream& operator<<( [01;36m[Kstd::ostream& stream[m[K, const Expression &arg );
      |                                          [01;36m[K~~~~~~~~~~~~~~^~~~~~[m[K
In file included from [01m[K/usr/local/include/acado/function/t_evaluation_point.hpp:168[m[K,
                 from [01m[K/usr/local/include/acado/function/function.hpp:43[m[K:
[01m[K/usr/local/include/acado/function/function_.hpp:444:26:[m[K [01;36m[Knote: [m[Kcandidate: ‘[01m[Kstd::ostream& ACADO::[01;32m[Koperator<<[m[K(std::ostream&, const Function&)[m[K’
  444 |     friend std::ostream& [01;36m[Koperator[m[K<<( std::ostream& stream, const Function &arg);
      |                          [01;36m[K^~~~~~~~[m[K
[01m[K/usr/local/include/acado/function/function_.hpp:444:52:[m[K [01;36m[Knote: [m[K  no known conversion for argument 1 from ‘[01m[KACADO::DifferentialEquation()[m[K’ to ‘[01m[Kstd::ostream&[m[K’ {aka ‘[01m[Kstd::basic_ostream<char>&[m[K’}
  444 |     friend std::ostream& operator<<( [01;36m[Kstd::ostream& stream[m[K, const Function &arg);
      |                                      [01;36m[K~~~~~~~~~~~~~~^~~~~~[m[K
In file included from [01m[K/usr/local/include/acado/matrix_vector/matrix_vector.hpp:37[m[K,
                 from [01m[K/usr/local/include/acado/variables_grid/grid.hpp:38[m[K,
                 from [01m[K/usr/local/include/acado/variables_grid/matrix_variables_grid.hpp:36[m[K,
                 from [01m[K/usr/local/include/acado/variables_grid/variables_grid.hpp:36[m[K,
                 from [01m[K/usr/local/include/acado/curve/curve.hpp:36[m[K:
[01m[K/usr/local/include/acado/matrix_vector/vector.hpp:306:15:[m[K [01;36m[Knote: [m[Kcandidate: ‘[01m[Ktemplate<class T> std::ostream& ACADO::[01;32m[Koperator<<[m[K(std::ostream&, const GenericVector<T>&)[m[K’
  306 | std::ostream& [01;36m[Koperator[m[K<<(       std::ostream& _stream,
      |               [01;36m[K^~~~~~~~[m[K
[01m[K/usr/local/include/acado/matrix_vector/vector.hpp:306:15:[m[K [01;36m[Knote: [m[K  template argument deduction/substitution failed:
[01m[K/home/debraj/Documents/MotionPlanning/controller/src/controller_pkg/src/controller.cpp:50:19:[m[K [01;36m[Knote: [m[K  ‘[01m[KACADO::Expression[m[K’ is not derived from ‘[01m[Kconst ACADO::GenericVector<T>[m[K’
   50 |         f << dot(x[01;36m[K)[m[K == vx;
      |                   [01;36m[K^[m[K
In file included from [01m[K/usr/local/include/acado/matrix_vector/matrix_vector.hpp:38[m[K:
[01m[K/usr/local/include/acado/matrix_vector/matrix.hpp:414:15:[m[K [01;36m[Knote: [m[Kcandidate: ‘[01m[Ktemplate<class T> std::ostream& ACADO::[01;32m[Koperator<<[m[K(std::ostream&, const GenericMatrix<T>&)[m[K’
  414 | std::ostream& [01;36m[Koperator[m[K<<(       std::ostream& _stream,
      |               [01;36m[K^~~~~~~~[m[K
[01m[K/usr/local/include/acado/matrix_vector/matrix.hpp:414:15:[m[K [01;36m[Knote: [m[K  template argument deduction/substitution failed:
[01m[K/home/debraj/Documents/MotionPlanning/controller/src/controller_pkg/src/controller.cpp:50:19:[m[K [01;36m[Knote: [m[K  ‘[01m[KACADO::Expression[m[K’ is not derived from ‘[01m[Kconst ACADO::GenericMatrix<T>[m[K’
   50 |         f << dot(x[01;36m[K)[m[K == vx;
      |                   [01;36m[K^[m[K
In file included from [01m[K/usr/local/include/acado/matrix_vector/matrix_vector.hpp:41[m[K:
[01m[K/usr/local/include/acado/matrix_vector/t_matrix.hpp:578:1:[m[K [01;36m[Knote: [m[Kcandidate: ‘[01m[Ktemplate<class T> std::ostream& ACADO::[01;32m[Koperator<<[m[K(std::ostream&, const Tmatrix<T>&)[m[K’
  578 | [01;36m[Koperator[m[K<<
      | [01;36m[K^~~~~~~~[m[K
[01m[K/usr/local/include/acado/matrix_vector/t_matrix.hpp:578:1:[m[K [01;36m[Knote: [m[K  template argument deduction/substitution failed:
[01m[K/home/debraj/Documents/MotionPlanning/controller/src/controller_pkg/src/controller.cpp:50:19:[m[K [01;36m[Knote: [m[K  ‘[01m[KACADO::Expression[m[K’ is not derived from ‘[01m[Kconst ACADO::Tmatrix<T>[m[K’
   50 |         f << dot(x[01;36m[K)[m[K == vx;
      |                   [01;36m[K^[m[K
[01m[K/home/debraj/Documents/MotionPlanning/controller/src/controller_pkg/src/controller.cpp:51:11:[m[K [01;31m[Kerror: [m[Kno match for ‘[01m[Koperator<<[m[K’ (operand types are ‘[01m[KACADO::DifferentialEquation()[m[K’ and ‘[01m[KACADO::Expression[m[K’)
   51 |         [32m[Kf[m[K [01;31m[K<<[m[K [34m[Kdot(y)[m[K == vy;
      |         [32m[K~[m[K [01;31m[K^~[m[K [34m[K~~~~~~[m[K
      |         [32m[K|[m[K       [34m[K|[m[K
      |         [32m[K|[m[K       [34m[KACADO::Expression[m[K
      |         [32m[KACADO::DifferentialEquation()[m[K
[01m[K/usr/local/include/acado/symbolic_expression/expression.hpp:148:30:[m[K [01;36m[Knote: [m[Kcandidate: ‘[01m[Kstd::ostream& ACADO::[01;32m[Koperator<<[m[K(std::ostream&, const Expression&)[m[K’
  148 |         friend std::ostream& [01;36m[Koperator[m[K<<( std::ostream& stream, const Expression &arg );
      |                              [01;36m[K^~~~~~~~[m[K
[01m[K/usr/local/include/acado/symbolic_expression/expression.hpp:148:56:[m[K [01;36m[Knote: [m[K  no known conversion for argument 1 from ‘[01m[KACADO::DifferentialEquation()[m[K’ to ‘[01m[Kstd::ostream&[m[K’ {aka ‘[01m[Kstd::basic_ostream<char>&[m[K’}
  148 |         friend std::ostream& operator<<( [01;36m[Kstd::ostream& stream[m[K, const Expression &arg );
      |                                          [01;36m[K~~~~~~~~~~~~~~^~~~~~[m[K
[01m[K/usr/local/include/acado/function/function_.hpp:444:26:[m[K [01;36m[Knote: [m[Kcandidate: ‘[01m[Kstd::ostream& ACADO::[01;32m[Koperator<<[m[K(std::ostream&, const Function&)[m[K’
  444 |     friend std::ostream& [01;36m[Koperator[m[K<<( std::ostream& stream, const Function &arg);
      |                          [01;36m[K^~~~~~~~[m[K
[01m[K/usr/local/include/acado/function/function_.hpp:444:52:[m[K [01;36m[Knote: [m[K  no known conversion for argument 1 from ‘[01m[KACADO::DifferentialEquation()[m[K’ to ‘[01m[Kstd::ostream&[m[K’ {aka ‘[01m[Kstd::basic_ostream<char>&[m[K’}
  444 |     friend std::ostream& operator<<( [01;36m[Kstd::ostream& stream[m[K, const Function &arg);
      |                                      [01;36m[K~~~~~~~~~~~~~~^~~~~~[m[K
[01m[K/usr/local/include/acado/matrix_vector/vector.hpp:306:15:[m[K [01;36m[Knote: [m[Kcandidate: ‘[01m[Ktemplate<class T> std::ostream& ACADO::[01;32m[Koperator<<[m[K(std::ostream&, const GenericVector<T>&)[m[K’
  306 | std::ostream& [01;36m[Koperator[m[K<<(       std::ostream& _stream,
      |               [01;36m[K^~~~~~~~[m[K
[01m[K/usr/local/include/acado/matrix_vector/vector.hpp:306:15:[m[K [01;36m[Knote: [m[K  template argument deduction/substitution failed:
[01m[K/home/debraj/Documents/MotionPlanning/controller/src/controller_pkg/src/controller.cpp:51:19:[m[K [01;36m[Knote: [m[K  ‘[01m[KACADO::Expression[m[K’ is not derived from ‘[01m[Kconst ACADO::GenericVector<T>[m[K’
   51 |         f << dot(y[01;36m[K)[m[K == vy;
      |                   [01;36m[K^[m[K
[01m[K/usr/local/include/acado/matrix_vector/matrix.hpp:414:15:[m[K [01;36m[Knote: [m[Kcandidate: ‘[01m[Ktemplate<class T> std::ostream& ACADO::[01;32m[Koperator<<[m[K(std::ostream&, const GenericMatrix<T>&)[m[K’
  414 | std::ostream& [01;36m[Koperator[m[K<<(       std::ostream& _stream,
      |               [01;36m[K^~~~~~~~[m[K
[01m[K/usr/local/include/acado/matrix_vector/matrix.hpp:414:15:[m[K [01;36m[Knote: [m[K  template argument deduction/substitution failed:
[01m[K/home/debraj/Documents/MotionPlanning/controller/src/controller_pkg/src/controller.cpp:51:19:[m[K [01;36m[Knote: [m[K  ‘[01m[KACADO::Expression[m[K’ is not derived from ‘[01m[Kconst ACADO::GenericMatrix<T>[m[K’
   51 |         f << dot(y[01;36m[K)[m[K == vy;
      |                   [01;36m[K^[m[K
[01m[K/usr/local/include/acado/matrix_vector/t_matrix.hpp:578:1:[m[K [01;36m[Knote: [m[Kcandidate: ‘[01m[Ktemplate<class T> std::ostream& ACADO::[01;32m[Koperator<<[m[K(std::ostream&, const Tmatrix<T>&)[m[K’
  578 | [01;36m[Koperator[m[K<<
      | [01;36m[K^~~~~~~~[m[K
[01m[K/usr/local/include/acado/matrix_vector/t_matrix.hpp:578:1:[m[K [01;36m[Knote: [m[K  template argument deduction/substitution failed:
[01m[K/home/debraj/Documents/MotionPlanning/controller/src/controller_pkg/src/controller.cpp:51:19:[m[K [01;36m[Knote: [m[K  ‘[01m[KACADO::Expression[m[K’ is not derived from ‘[01m[Kconst ACADO::Tmatrix<T>[m[K’
   51 |         f << dot(y[01;36m[K)[m[K == vy;
      |                   [01;36m[K^[m[K
[01m[K/home/debraj/Documents/MotionPlanning/controller/src/controller_pkg/src/controller.cpp:52:11:[m[K [01;31m[Kerror: [m[Kno match for ‘[01m[Koperator<<[m[K’ (operand types are ‘[01m[KACADO::DifferentialEquation()[m[K’ and ‘[01m[KACADO::Expression[m[K’)
   52 |         [32m[Kf[m[K [01;31m[K<<[m[K [34m[Kdot(theta)[m[K == omega;
      |         [32m[K~[m[K [01;31m[K^~[m[K [34m[K~~~~~~~~~~[m[K
      |         [32m[K|[m[K       [34m[K|[m[K
      |         [32m[K|[m[K       [34m[KACADO::Expression[m[K
      |         [32m[KACADO::DifferentialEquation()[m[K
[01m[K/usr/local/include/acado/symbolic_expression/expression.hpp:148:30:[m[K [01;36m[Knote: [m[Kcandidate: ‘[01m[Kstd::ostream& ACADO::[01;32m[Koperator<<[m[K(std::ostream&, const Expression&)[m[K’
  148 |         friend std::ostream& [01;36m[Koperator[m[K<<( std::ostream& stream, const Expression &arg );
      |                              [01;36m[K^~~~~~~~[m[K
[01m[K/usr/local/include/acado/symbolic_expression/expression.hpp:148:56:[m[K [01;36m[Knote: [m[K  no known conversion for argument 1 from ‘[01m[KACADO::DifferentialEquation()[m[K’ to ‘[01m[Kstd::ostream&[m[K’ {aka ‘[01m[Kstd::basic_ostream<char>&[m[K’}
  148 |         friend std::ostream& operator<<( [01;36m[Kstd::ostream& stream[m[K, const Expression &arg );
      |                                          [01;36m[K~~~~~~~~~~~~~~^~~~~~[m[K
[01m[K/usr/local/include/acado/function/function_.hpp:444:26:[m[K [01;36m[Knote: [m[Kcandidate: ‘[01m[Kstd::ostream& ACADO::[01;32m[Koperator<<[m[K(std::ostream&, const Function&)[m[K’
  444 |     friend std::ostream& [01;36m[Koperator[m[K<<( std::ostream& stream, const Function &arg);
      |                          [01;36m[K^~~~~~~~[m[K
[01m[K/usr/local/include/acado/function/function_.hpp:444:52:[m[K [01;36m[Knote: [m[K  no known conversion for argument 1 from ‘[01m[KACADO::DifferentialEquation()[m[K’ to ‘[01m[Kstd::ostream&[m[K’ {aka ‘[01m[Kstd::basic_ostream<char>&[m[K’}
  444 |     friend std::ostream& operator<<( [01;36m[Kstd::ostream& stream[m[K, const Function &arg);
      |                                      [01;36m[K~~~~~~~~~~~~~~^~~~~~[m[K
[01m[K/usr/local/include/acado/matrix_vector/vector.hpp:306:15:[m[K [01;36m[Knote: [m[Kcandidate: ‘[01m[Ktemplate<class T> std::ostream& ACADO::[01;32m[Koperator<<[m[K(std::ostream&, const GenericVector<T>&)[m[K’
  306 | std::ostream& [01;36m[Koperator[m[K<<(       std::ostream& _stream,
      |               [01;36m[K^~~~~~~~[m[K
[01m[K/usr/local/include/acado/matrix_vector/vector.hpp:306:15:[m[K [01;36m[Knote: [m[K  template argument deduction/substitution failed:
[01m[K/home/debraj/Documents/MotionPlanning/controller/src/controller_pkg/src/controller.cpp:52:23:[m[K [01;36m[Knote: [m[K  ‘[01m[KACADO::Expression[m[K’ is not derived from ‘[01m[Kconst ACADO::GenericVector<T>[m[K’
   52 |         f << dot(theta[01;36m[K)[m[K == omega;
      |                       [01;36m[K^[m[K
[01m[K/usr/local/include/acado/matrix_vector/matrix.hpp:414:15:[m[K [01;36m[Knote: [m[Kcandidate: ‘[01m[Ktemplate<class T> std::ostream& ACADO::[01;32m[Koperator<<[m[K(std::ostream&, const GenericMatrix<T>&)[m[K’
  414 | std::ostream& [01;36m[Koperator[m[K<<(       std::ostream& _stream,
      |               [01;36m[K^~~~~~~~[m[K
[01m[K/usr/local/include/acado/matrix_vector/matrix.hpp:414:15:[m[K [01;36m[Knote: [m[K  template argument deduction/substitution failed:
[01m[K/home/debraj/Documents/MotionPlanning/controller/src/controller_pkg/src/controller.cpp:52:23:[m[K [01;36m[Knote: [m[K  ‘[01m[KACADO::Expression[m[K’ is not derived from ‘[01m[Kconst ACADO::GenericMatrix<T>[m[K’
   52 |         f << dot(theta[01;36m[K)[m[K == omega;
      |                       [01;36m[K^[m[K
[01m[K/usr/local/include/acado/matrix_vector/t_matrix.hpp:578:1:[m[K [01;36m[Knote: [m[Kcandidate: ‘[01m[Ktemplate<class T> std::ostream& ACADO::[01;32m[Koperator<<[m[K(std::ostream&, const Tmatrix<T>&)[m[K’
  578 | [01;36m[Koperator[m[K<<
      | [01;36m[K^~~~~~~~[m[K
[01m[K/usr/local/include/acado/matrix_vector/t_matrix.hpp:578:1:[m[K [01;36m[Knote: [m[K  template argument deduction/substitution failed:
[01m[K/home/debraj/Documents/MotionPlanning/controller/src/controller_pkg/src/controller.cpp:52:23:[m[K [01;36m[Knote: [m[K  ‘[01m[KACADO::Expression[m[K’ is not derived from ‘[01m[Kconst ACADO::Tmatrix<T>[m[K’
   52 |         f << dot(theta[01;36m[K)[m[K == omega;
      |                       [01;36m[K^[m[K
[01m[K/home/debraj/Documents/MotionPlanning/controller/src/controller_pkg/src/controller.cpp:53:11:[m[K [01;31m[Kerror: [m[Kno match for ‘[01m[Koperator<<[m[K’ (operand types are ‘[01m[KACADO::DifferentialEquation()[m[K’ and ‘[01m[KACADO::Expression[m[K’)
   53 |         [32m[Kf[m[K [01;31m[K<<[m[K [34m[Kdot(vx)[m[K == ax;
      |         [32m[K~[m[K [01;31m[K^~[m[K [34m[K~~~~~~~[m[K
      |         [32m[K|[m[K       [34m[K|[m[K
      |         [32m[K|[m[K       [34m[KACADO::Expression[m[K
      |         [32m[KACADO::DifferentialEquation()[m[K
[01m[K/usr/local/include/acado/symbolic_expression/expression.hpp:148:30:[m[K [01;36m[Knote: [m[Kcandidate: ‘[01m[Kstd::ostream& ACADO::[01;32m[Koperator<<[m[K(std::ostream&, const Expression&)[m[K’
  148 |         friend std::ostream& [01;36m[Koperator[m[K<<( std::ostream& stream, const Expression &arg );
      |                              [01;36m[K^~~~~~~~[m[K
[01m[K/usr/local/include/acado/symbolic_expression/expression.hpp:148:56:[m[K [01;36m[Knote: [m[K  no known conversion for argument 1 from ‘[01m[KACADO::DifferentialEquation()[m[K’ to ‘[01m[Kstd::ostream&[m[K’ {aka ‘[01m[Kstd::basic_ostream<char>&[m[K’}
  148 |         friend std::ostream& operator<<( [01;36m[Kstd::ostream& stream[m[K, const Expression &arg );
      |                                          [01;36m[K~~~~~~~~~~~~~~^~~~~~[m[K
[01m[K/usr/local/include/acado/function/function_.hpp:444:26:[m[K [01;36m[Knote: [m[Kcandidate: ‘[01m[Kstd::ostream& ACADO::[01;32m[Koperator<<[m[K(std::ostream&, const Function&)[m[K’
  444 |     friend std::ostream& [01;36m[Koperator[m[K<<( std::ostream& stream, const Function &arg);
      |                          [01;36m[K^~~~~~~~[m[K
[01m[K/usr/local/include/acado/function/function_.hpp:444:52:[m[K [01;36m[Knote: [m[K  no known conversion for argument 1 from ‘[01m[KACADO::DifferentialEquation()[m[K’ to ‘[01m[Kstd::ostream&[m[K’ {aka ‘[01m[Kstd::basic_ostream<char>&[m[K’}
  444 |     friend std::ostream& operator<<( [01;36m[Kstd::ostream& stream[m[K, const Function &arg);
      |                                      [01;36m[K~~~~~~~~~~~~~~^~~~~~[m[K
[01m[K/usr/local/include/acado/matrix_vector/vector.hpp:306:15:[m[K [01;36m[Knote: [m[Kcandidate: ‘[01m[Ktemplate<class T> std::ostream& ACADO::[01;32m[Koperator<<[m[K(std::ostream&, const GenericVector<T>&)[m[K’
  306 | std::ostream& [01;36m[Koperator[m[K<<(       std::ostream& _stream,
      |               [01;36m[K^~~~~~~~[m[K
[01m[K/usr/local/include/acado/matrix_vector/vector.hpp:306:15:[m[K [01;36m[Knote: [m[K  template argument deduction/substitution failed:
[01m[K/home/debraj/Documents/MotionPlanning/controller/src/controller_pkg/src/controller.cpp:53:20:[m[K [01;36m[Knote: [m[K  ‘[01m[KACADO::Expression[m[K’ is not derived from ‘[01m[Kconst ACADO::GenericVector<T>[m[K’
   53 |         f << dot(vx[01;36m[K)[m[K == ax;
      |                    [01;36m[K^[m[K
[01m[K/usr/local/include/acado/matrix_vector/matrix.hpp:414:15:[m[K [01;36m[Knote: [m[Kcandidate: ‘[01m[Ktemplate<class T> std::ostream& ACADO::[01;32m[Koperator<<[m[K(std::ostream&, const GenericMatrix<T>&)[m[K’
  414 | std::ostream& [01;36m[Koperator[m[K<<(       std::ostream& _stream,
      |               [01;36m[K^~~~~~~~[m[K
[01m[K/usr/local/include/acado/matrix_vector/matrix.hpp:414:15:[m[K [01;36m[Knote: [m[K  template argument deduction/substitution failed:
[01m[K/home/debraj/Documents/MotionPlanning/controller/src/controller_pkg/src/controller.cpp:53:20:[m[K [01;36m[Knote: [m[K  ‘[01m[KACADO::Expression[m[K’ is not derived from ‘[01m[Kconst ACADO::GenericMatrix<T>[m[K’
   53 |         f << dot(vx[01;36m[K)[m[K == ax;
      |                    [01;36m[K^[m[K
[01m[K/usr/local/include/acado/matrix_vector/t_matrix.hpp:578:1:[m[K [01;36m[Knote: [m[Kcandidate: ‘[01m[Ktemplate<class T> std::ostream& ACADO::[01;32m[Koperator<<[m[K(std::ostream&, const Tmatrix<T>&)[m[K’
  578 | [01;36m[Koperator[m[K<<
      | [01;36m[K^~~~~~~~[m[K
[01m[K/usr/local/include/acado/matrix_vector/t_matrix.hpp:578:1:[m[K [01;36m[Knote: [m[K  template argument deduction/substitution failed:
[01m[K/home/debraj/Documents/MotionPlanning/controller/src/controller_pkg/src/controller.cpp:53:20:[m[K [01;36m[Knote: [m[K  ‘[01m[KACADO::Expression[m[K’ is not derived from ‘[01m[Kconst ACADO::Tmatrix<T>[m[K’
   53 |         f << dot(vx[01;36m[K)[m[K == ax;
      |                    [01;36m[K^[m[K
[01m[K/home/debraj/Documents/MotionPlanning/controller/src/controller_pkg/src/controller.cpp:54:11:[m[K [01;31m[Kerror: [m[Kno match for ‘[01m[Koperator<<[m[K’ (operand types are ‘[01m[KACADO::DifferentialEquation()[m[K’ and ‘[01m[KACADO::Expression[m[K’)
   54 |         [32m[Kf[m[K [01;31m[K<<[m[K [34m[Kdot(vy)[m[K == ay;
      |         [32m[K~[m[K [01;31m[K^~[m[K [34m[K~~~~~~~[m[K
      |         [32m[K|[m[K       [34m[K|[m[K
      |         [32m[K|[m[K       [34m[KACADO::Expression[m[K
      |         [32m[KACADO::DifferentialEquation()[m[K
[01m[K/usr/local/include/acado/symbolic_expression/expression.hpp:148:30:[m[K [01;36m[Knote: [m[Kcandidate: ‘[01m[Kstd::ostream& ACADO::[01;32m[Koperator<<[m[K(std::ostream&, const Expression&)[m[K’
  148 |         friend std::ostream& [01;36m[Koperator[m[K<<( std::ostream& stream, const Expression &arg );
      |                              [01;36m[K^~~~~~~~[m[K
[01m[K/usr/local/include/acado/symbolic_expression/expression.hpp:148:56:[m[K [01;36m[Knote: [m[K  no known conversion for argument 1 from ‘[01m[KACADO::DifferentialEquation()[m[K’ to ‘[01m[Kstd::ostream&[m[K’ {aka ‘[01m[Kstd::basic_ostream<char>&[m[K’}
  148 |         friend std::ostream& operator<<( [01;36m[Kstd::ostream& stream[m[K, const Expression &arg );
      |                                          [01;36m[K~~~~~~~~~~~~~~^~~~~~[m[K
[01m[K/usr/local/include/acado/function/function_.hpp:444:26:[m[K [01;36m[Knote: [m[Kcandidate: ‘[01m[Kstd::ostream& ACADO::[01;32m[Koperator<<[m[K(std::ostream&, const Function&)[m[K’
  444 |     friend std::ostream& [01;36m[Koperator[m[K<<( std::ostream& stream, const Function &arg);
      |                          [01;36m[K^~~~~~~~[m[K
[01m[K/usr/local/include/acado/function/function_.hpp:444:52:[m[K [01;36m[Knote: [m[K  no known conversion for argument 1 from ‘[01m[KACADO::DifferentialEquation()[m[K’ to ‘[01m[Kstd::ostream&[m[K’ {aka ‘[01m[Kstd::basic_ostream<char>&[m[K’}
  444 |     friend std::ostream& operator<<( [01;36m[Kstd::ostream& stream[m[K, const Function &arg);
      |                                      [01;36m[K~~~~~~~~~~~~~~^~~~~~[m[K
[01m[K/usr/local/include/acado/matrix_vector/vector.hpp:306:15:[m[K [01;36m[Knote: [m[Kcandidate: ‘[01m[Ktemplate<class T> std::ostream& ACADO::[01;32m[Koperator<<[m[K(std::ostream&, const GenericVector<T>&)[m[K’
  306 | std::ostream& [01;36m[Koperator[m[K<<(       std::ostream& _stream,
      |               [01;36m[K^~~~~~~~[m[K
[01m[K/usr/local/include/acado/matrix_vector/vector.hpp:306:15:[m[K [01;36m[Knote: [m[K  template argument deduction/substitution failed:
[01m[K/home/debraj/Documents/MotionPlanning/controller/src/controller_pkg/src/controller.cpp:54:20:[m[K [01;36m[Knote: [m[K  ‘[01m[KACADO::Expression[m[K’ is not derived from ‘[01m[Kconst ACADO::GenericVector<T>[m[K’
   54 |         f << dot(vy[01;36m[K)[m[K == ay;
      |                    [01;36m[K^[m[K
[01m[K/usr/local/include/acado/matrix_vector/matrix.hpp:414:15:[m[K [01;36m[Knote: [m[Kcandidate: ‘[01m[Ktemplate<class T> std::ostream& ACADO::[01;32m[Koperator<<[m[K(std::ostream&, const GenericMatrix<T>&)[m[K’
  414 | std::ostream& [01;36m[Koperator[m[K<<(       std::ostream& _stream,
      |               [01;36m[K^~~~~~~~[m[K
[01m[K/usr/local/include/acado/matrix_vector/matrix.hpp:414:15:[m[K [01;36m[Knote: [m[K  template argument deduction/substitution failed:
[01m[K/home/debraj/Documents/MotionPlanning/controller/src/controller_pkg/src/controller.cpp:54:20:[m[K [01;36m[Knote: [m[K  ‘[01m[KACADO::Expression[m[K’ is not derived from ‘[01m[Kconst ACADO::GenericMatrix<T>[m[K’
   54 |         f << dot(vy[01;36m[K)[m[K == ay;
      |                    [01;36m[K^[m[K
[01m[K/usr/local/include/acado/matrix_vector/t_matrix.hpp:578:1:[m[K [01;36m[Knote: [m[Kcandidate: ‘[01m[Ktemplate<class T> std::ostream& ACADO::[01;32m[Koperator<<[m[K(std::ostream&, const Tmatrix<T>&)[m[K’
  578 | [01;36m[Koperator[m[K<<
      | [01;36m[K^~~~~~~~[m[K
[01m[K/usr/local/include/acado/matrix_vector/t_matrix.hpp:578:1:[m[K [01;36m[Knote: [m[K  template argument deduction/substitution failed:
[01m[K/home/debraj/Documents/MotionPlanning/controller/src/controller_pkg/src/controller.cpp:54:20:[m[K [01;36m[Knote: [m[K  ‘[01m[KACADO::Expression[m[K’ is not derived from ‘[01m[Kconst ACADO::Tmatrix<T>[m[K’
   54 |         f << dot(vy[01;36m[K)[m[K == ay;
      |                    [01;36m[K^[m[K
[01m[K/home/debraj/Documents/MotionPlanning/controller/src/controller_pkg/src/controller.cpp:55:11:[m[K [01;31m[Kerror: [m[Kno match for ‘[01m[Koperator<<[m[K’ (operand types are ‘[01m[KACADO::DifferentialEquation()[m[K’ and ‘[01m[KACADO::Expression[m[K’)
   55 |         [32m[Kf[m[K [01;31m[K<<[m[K [34m[Kdot(omega)[m[K == alpha;
      |         [32m[K~[m[K [01;31m[K^~[m[K [34m[K~~~~~~~~~~[m[K
      |         [32m[K|[m[K       [34m[K|[m[K
      |         [32m[K|[m[K       [34m[KACADO::Expression[m[K
      |         [32m[KACADO::DifferentialEquation()[m[K
[01m[K/usr/local/include/acado/symbolic_expression/expression.hpp:148:30:[m[K [01;36m[Knote: [m[Kcandidate: ‘[01m[Kstd::ostream& ACADO::[01;32m[Koperator<<[m[K(std::ostream&, const Expression&)[m[K’
  148 |         friend std::ostream& [01;36m[Koperator[m[K<<( std::ostream& stream, const Expression &arg );
      |                              [01;36m[K^~~~~~~~[m[K
[01m[K/usr/local/include/acado/symbolic_expression/expression.hpp:148:56:[m[K [01;36m[Knote: [m[K  no known conversion for argument 1 from ‘[01m[KACADO::DifferentialEquation()[m[K’ to ‘[01m[Kstd::ostream&[m[K’ {aka ‘[01m[Kstd::basic_ostream<char>&[m[K’}
  148 |         friend std::ostream& operator<<( [01;36m[Kstd::ostream& stream[m[K, const Expression &arg );
      |                                          [01;36m[K~~~~~~~~~~~~~~^~~~~~[m[K
[01m[K/usr/local/include/acado/function/function_.hpp:444:26:[m[K [01;36m[Knote: [m[Kcandidate: ‘[01m[Kstd::ostream& ACADO::[01;32m[Koperator<<[m[K(std::ostream&, const Function&)[m[K’
  444 |     friend std::ostream& [01;36m[Koperator[m[K<<( std::ostream& stream, const Function &arg);
      |                          [01;36m[K^~~~~~~~[m[K
[01m[K/usr/local/include/acado/function/function_.hpp:444:52:[m[K [01;36m[Knote: [m[K  no known conversion for argument 1 from ‘[01m[KACADO::DifferentialEquation()[m[K’ to ‘[01m[Kstd::ostream&[m[K’ {aka ‘[01m[Kstd::basic_ostream<char>&[m[K’}
  444 |     friend std::ostream& operator<<( [01;36m[Kstd::ostream& stream[m[K, const Function &arg);
      |                                      [01;36m[K~~~~~~~~~~~~~~^~~~~~[m[K
[01m[K/usr/local/include/acado/matrix_vector/vector.hpp:306:15:[m[K [01;36m[Knote: [m[Kcandidate: ‘[01m[Ktemplate<class T> std::ostream& ACADO::[01;32m[Koperator<<[m[K(std::ostream&, const GenericVector<T>&)[m[K’
  306 | std::ostream& [01;36m[Koperator[m[K<<(       std::ostream& _stream,
      |               [01;36m[K^~~~~~~~[m[K
[01m[K/usr/local/include/acado/matrix_vector/vector.hpp:306:15:[m[K [01;36m[Knote: [m[K  template argument deduction/substitution failed:
[01m[K/home/debraj/Documents/MotionPlanning/controller/src/controller_pkg/src/controller.cpp:55:23:[m[K [01;36m[Knote: [m[K  ‘[01m[KACADO::Expression[m[K’ is not derived from ‘[01m[Kconst ACADO::GenericVector<T>[m[K’
   55 |         f << dot(omega[01;36m[K)[m[K == alpha;
      |                       [01;36m[K^[m[K
[01m[K/usr/local/include/acado/matrix_vector/matrix.hpp:414:15:[m[K [01;36m[Knote: [m[Kcandidate: ‘[01m[Ktemplate<class T> std::ostream& ACADO::[01;32m[Koperator<<[m[K(std::ostream&, const GenericMatrix<T>&)[m[K’
  414 | std::ostream& [01;36m[Koperator[m[K<<(       std::ostream& _stream,
      |               [01;36m[K^~~~~~~~[m[K
[01m[K/usr/local/include/acado/matrix_vector/matrix.hpp:414:15:[m[K [01;36m[Knote: [m[K  template argument deduction/substitution failed:
[01m[K/home/debraj/Documents/MotionPlanning/controller/src/controller_pkg/src/controller.cpp:55:23:[m[K [01;36m[Knote: [m[K  ‘[01m[KACADO::Expression[m[K’ is not derived from ‘[01m[Kconst ACADO::GenericMatrix<T>[m[K’
   55 |         f << dot(omega[01;36m[K)[m[K == alpha;
      |                       [01;36m[K^[m[K
[01m[K/usr/local/include/acado/matrix_vector/t_matrix.hpp:578:1:[m[K [01;36m[Knote: [m[Kcandidate: ‘[01m[Ktemplate<class T> std::ostream& ACADO::[01;32m[Koperator<<[m[K(std::ostream&, const Tmatrix<T>&)[m[K’
  578 | [01;36m[Koperator[m[K<<
      | [01;36m[K^~~~~~~~[m[K
[01m[K/usr/local/include/acado/matrix_vector/t_matrix.hpp:578:1:[m[K [01;36m[Knote: [m[K  template argument deduction/substitution failed:
[01m[K/home/debraj/Documents/MotionPlanning/controller/src/controller_pkg/src/controller.cpp:55:23:[m[K [01;36m[Knote: [m[K  ‘[01m[KACADO::Expression[m[K’ is not derived from ‘[01m[Kconst ACADO::Tmatrix<T>[m[K’
   55 |         f << dot(omega[01;36m[K)[m[K == alpha;
      |                       [01;36m[K^[m[K
[01m[K/home/debraj/Documents/MotionPlanning/controller/src/controller_pkg/src/controller.cpp:[m[K In member function ‘[01m[Kvoid MyRobotNode::[01;32m[Kcallback_1[m[K(std_msgs::msg::Float32MultiArray_<std::allocator<void> >::SharedPtr)[m[K’:
[01m[K/home/debraj/Documents/MotionPlanning/controller/src/controller_pkg/src/controller.cpp:72:22:[m[K [01;31m[Kerror: [m[Kno matching function for call to ‘[01m[KACADO::OCP::subjectTo(ACADO::DifferentialEquation (&)())[m[K’
   72 |         [01;31m[Kocp.subjectTo(f)[m[K;
      |         [01;31m[K~~~~~~~~~~~~~^~~[m[K
In file included from [01m[K/usr/local/include/acado/acado_optimal_control.hpp:42[m[K:
[01m[K/usr/local/include/acado/ocp/ocp.hpp:290:21:[m[K [01;36m[Knote: [m[Kcandidate: ‘[01m[KACADO::returnValue ACADO::OCP::[01;32m[KsubjectTo[m[K(const ACADO::DifferentialEquation&)[m[K’
  290 |         returnValue [01;36m[KsubjectTo[m[K( const DifferentialEquation& differentialEquation_ );
      |                     [01;36m[K^~~~~~~~~[m[K
[01m[K/usr/local/include/acado/ocp/ocp.hpp:290:60:[m[K [01;36m[Knote: [m[K  no known conversion for argument 1 from ‘[01m[KACADO::DifferentialEquation()[m[K’ to ‘[01m[Kconst ACADO::DifferentialEquation&[m[K’
  290 |         returnValue subjectTo( [01;36m[Kconst DifferentialEquation& differentialEquation_[m[K );
      |                                [01;36m[K~~~~~~~~~~~~~~~~~~~~~~~~~~~~^~~~~~~~~~~~~~~~~~~~~[m[K
[01m[K/usr/local/include/acado/ocp/ocp.hpp:297:21:[m[K [01;36m[Knote: [m[Kcandidate: ‘[01m[KACADO::returnValue ACADO::OCP::[01;32m[KsubjectTo[m[K(const ACADO::ConstraintComponent&)[m[K’
  297 |         returnValue [01;36m[KsubjectTo[m[K( const ConstraintComponent& component );
      |                     [01;36m[K^~~~~~~~~[m[K
[01m[K/usr/local/include/acado/ocp/ocp.hpp:297:59:[m[K [01;36m[Knote: [m[K  no known conversion for argument 1 from ‘[01m[KACADO::DifferentialEquation()[m[K’ to ‘[01m[Kconst ACADO::ConstraintComponent&[m[K’
  297 |         returnValue subjectTo( [01;36m[Kconst ConstraintComponent& component[m[K );
      |                                [01;36m[K~~~~~~~~~~~~~~~~~~~~~~~~~~~^~~~~~~~~[m[K
[01m[K/usr/local/include/acado/ocp/ocp.hpp:304:21:[m[K [01;36m[Knote: [m[Kcandidate: ‘[01m[KACADO::returnValue ACADO::OCP::[01;32m[KsubjectTo[m[K(int, const ACADO::ConstraintComponent&)[m[K’
  304 |         returnValue [01;36m[KsubjectTo[m[K( int index_, const ConstraintComponent& component );
      |                     [01;36m[K^~~~~~~~~[m[K
[01m[K/usr/local/include/acado/ocp/ocp.hpp:304:21:[m[K [01;36m[Knote: [m[K  candidate expects 2 arguments, 1 provided
[01m[K/usr/local/include/acado/ocp/ocp.hpp:322:21:[m[K [01;36m[Knote: [m[Kcandidate: ‘[01m[KACADO::returnValue ACADO::OCP::[01;32m[KsubjectTo[m[K(double, const ACADO::Expression&, const ACADO::Expression&, double)[m[K’
  322 |         returnValue [01;36m[KsubjectTo[m[K(  const double lb_,
      |                     [01;36m[K^~~~~~~~~[m[K
[01m[K/usr/local/include/acado/ocp/ocp.hpp:322:21:[m[K [01;36m[Knote: [m[K  candidate expects 4 arguments, 1 provided
[01m[K/usr/local/include/acado/ocp/ocp.hpp:343:21:[m[K [01;36m[Knote: [m[Kcandidate: ‘[01m[KACADO::returnValue ACADO::OCP::[01;32m[KsubjectTo[m[K(double, const ACADO::Expression*, double)[m[K’
  343 |         returnValue [01;36m[KsubjectTo[m[K( const double lb_, const Expression *arguments, const double ub_ );
      |                     [01;36m[K^~~~~~~~~[m[K
[01m[K/usr/local/include/acado/ocp/ocp.hpp:343:21:[m[K [01;36m[Knote: [m[K  candidate expects 3 arguments, 1 provided
[01m[K/usr/local/include/acado/ocp/ocp.hpp:357:21:[m[K [01;36m[Knote: [m[Kcandidate: ‘[01m[KACADO::returnValue ACADO::OCP::[01;32m[KsubjectTo[m[K(const ACADO::DVector&, const ACADO::Expression&, const ACADO::DVector&)[m[K’
  357 |         returnValue [01;36m[KsubjectTo[m[K( const DVector& _lb, const Expression& _expr, const DVector& _ub );
      |                     [01;36m[K^~~~~~~~~[m[K
[01m[K/usr/local/include/acado/ocp/ocp.hpp:357:21:[m[K [01;36m[Knote: [m[K  candidate expects 3 arguments, 1 provided
[01m[K/usr/local/include/acado/ocp/ocp.hpp:359:21:[m[K [01;36m[Knote: [m[Kcandidate: ‘[01m[KACADO::returnValue ACADO::OCP::[01;32m[KsubjectTo[m[K(int, const ACADO::DVector&, const ACADO::Expression&, const ACADO::DVector&)[m[K’
  359 |         returnValue [01;36m[KsubjectTo[m[K( int _index, const DVector& _lb, const Expression& _expr, const DVector& _ub );
      |                     [01;36m[K^~~~~~~~~[m[K
[01m[K/usr/local/include/acado/ocp/ocp.hpp:359:21:[m[K [01;36m[Knote: [m[K  candidate expects 4 arguments, 1 provided
gmake[2]: *** [CMakeFiles/controller.dir/build.make:76: CMakeFiles/controller.dir/src/controller.cpp.o] Error 1
gmake[1]: *** [CMakeFiles/Makefile2:137: CMakeFiles/controller.dir/all] Error 2
gmake: *** [Makefile:146: all] Error 2
