[0.036s] Invoking command in '/home/debraj/Documents/MotionPlanning/path_planner/build/path_planner_pkg': CMAKE_PREFIX_PATH=${CMAKE_PREFIX_PATH}:/opt/ros/jazzy DEBUGINFOD_URLS=https://debuginfod.ubuntu.com /usr/bin/cmake --build /home/debraj/Documents/MotionPlanning/path_planner/build/path_planner_pkg -- -j8 -l8
[0.262s] [100%] Built target main
[0.297s] Invoked command in '/home/debraj/Documents/MotionPlanning/path_planner/build/path_planner_pkg' returned '0': CMAKE_PREFIX_PATH=${CMAKE_PREFIX_PATH}:/opt/ros/jazzy DEBUGINFOD_URLS=https://debuginfod.ubuntu.com /usr/bin/cmake --build /home/debraj/Documents/MotionPlanning/path_planner/build/path_planner_pkg -- -j8 -l8
[0.333s] Invoking command in '/home/debraj/Documents/MotionPlanning/path_planner/build/path_planner_pkg': CMAKE_PREFIX_PATH=${CMAKE_PREFIX_PATH}:/opt/ros/jazzy DEBUGINFOD_URLS=https://debuginfod.ubuntu.com /usr/bin/cmake --install /home/debraj/Documents/MotionPlanning/path_planner/build/path_planner_pkg
[0.354s] -- Install configuration: ""
[0.354s] -- Up-to-date: /home/debraj/Documents/MotionPlanning/path_planner/install/path_planner_pkg/lib/path_planner_pkg/main
[0.354s] -- Up-to-date: /home/debraj/Documents/MotionPlanning/path_planner/install/path_planner_pkg/share/ament_index/resource_index/package_run_dependencies/path_planner_pkg
[0.355s] -- Up-to-date: /home/debraj/Documents/MotionPlanning/path_planner/install/path_planner_pkg/share/ament_index/resource_index/parent_prefix_path/path_planner_pkg
[0.355s] -- Up-to-date: /home/debraj/Documents/MotionPlanning/path_planner/install/path_planner_pkg/share/path_planner_pkg/environment/ament_prefix_path.sh
[0.355s] -- Up-to-date: /home/debraj/Documents/MotionPlanning/path_planner/install/path_planner_pkg/share/path_planner_pkg/environment/ament_prefix_path.dsv
[0.355s] -- Up-to-date: /home/debraj/Documents/MotionPlanning/path_planner/install/path_planner_pkg/share/path_planner_pkg/environment/path.sh
[0.355s] -- Up-to-date: /home/debraj/Documents/MotionPlanning/path_planner/install/path_planner_pkg/share/path_planner_pkg/environment/path.dsv
[0.355s] -- Up-to-date: /home/debraj/Documents/MotionPlanning/path_planner/install/path_planner_pkg/share/path_planner_pkg/local_setup.bash
[0.356s] -- Up-to-date: /home/debraj/Documents/MotionPlanning/path_planner/install/path_planner_pkg/share/path_planner_pkg/local_setup.sh
[0.356s] -- Up-to-date: /home/debraj/Documents/MotionPlanning/path_planner/install/path_planner_pkg/share/path_planner_pkg/local_setup.zsh
[0.356s] -- Up-to-date: /home/debraj/Documents/MotionPlanning/path_planner/install/path_planner_pkg/share/path_planner_pkg/local_setup.dsv
[0.356s] -- Installing: /home/debraj/Documents/MotionPlanning/path_planner/install/path_planner_pkg/share/path_planner_pkg/package.dsv
[0.356s] -- Up-to-date: /home/debraj/Documents/MotionPlanning/path_planner/install/path_planner_pkg/share/ament_index/resource_index/packages/path_planner_pkg
[0.356s] -- Up-to-date: /home/debraj/Documents/MotionPlanning/path_planner/install/path_planner_pkg/share/path_planner_pkg/cmake/path_planner_pkgConfig.cmake
[0.356s] -- Up-to-date: /home/debraj/Documents/MotionPlanning/path_planner/install/path_planner_pkg/share/path_planner_pkg/cmake/path_planner_pkgConfig-version.cmake
[0.357s] -- Up-to-date: /home/debraj/Documents/MotionPlanning/path_planner/install/path_planner_pkg/share/path_planner_pkg/package.xml
[0.361s] Invoked command in '/home/debraj/Documents/MotionPlanning/path_planner/build/path_planner_pkg' returned '0': CMAKE_PREFIX_PATH=${CMAKE_PREFIX_PATH}:/opt/ros/jazzy DEBUGINFOD_URLS=https://debuginfod.ubuntu.com /usr/bin/cmake --install /home/debraj/Documents/MotionPlanning/path_planner/build/path_planner_pkg
