[0.031s] Invoking command in '/home/debraj/Documents/MotionPlanning/controller/build/controller_pkg': CMAKE_PREFIX_PATH=${CMAKE_PREFIX_PATH}:/opt/ros/jazzy DEBUGINFOD_URLS=https://debuginfod.ubuntu.com /usr/bin/cmake --build /home/debraj/Documents/MotionPlanning/controller/build/controller_pkg -- -j8 -l8
[0.241s] [ 50%] [32mBuilding CXX object CMakeFiles/controller.dir/src/controller.cpp.o[0m
[19.551s] [100%] [32m[1mLinking CXX executable controller[0m
[21.906s] [100%] Built target controller
[21.941s] Invoked command in '/home/debraj/Documents/MotionPlanning/controller/build/controller_pkg' returned '0': CMAKE_PREFIX_PATH=${CMAKE_PREFIX_PATH}:/opt/ros/jazzy DEBUGINFOD_URLS=https://debuginfod.ubuntu.com /usr/bin/cmake --build /home/debraj/Documents/MotionPlanning/controller/build/controller_pkg -- -j8 -l8
[21.973s] Invoking command in '/home/debraj/Documents/MotionPlanning/controller/build/controller_pkg': CMAKE_PREFIX_PATH=${CMAKE_PREFIX_PATH}:/opt/ros/jazzy DEBUGINFOD_URLS=https://debuginfod.ubuntu.com /usr/bin/cmake --install /home/debraj/Documents/MotionPlanning/controller/build/controller_pkg
[21.992s] -- Install configuration: ""
[21.993s] -- Installing: /home/debraj/Documents/MotionPlanning/controller/install/controller_pkg/lib/controller_pkg/controller
[22.005s] -- Set non-toolchain portion of runtime path of "/home/debraj/Documents/MotionPlanning/controller/install/controller_pkg/lib/controller_pkg/controller" to ""
[22.005s] -- Up-to-date: /home/debraj/Documents/MotionPlanning/controller/install/controller_pkg/share/ament_index/resource_index/package_run_dependencies/controller_pkg
[22.005s] -- Up-to-date: /home/debraj/Documents/MotionPlanning/controller/install/controller_pkg/share/ament_index/resource_index/parent_prefix_path/controller_pkg
[22.005s] -- Up-to-date: /home/debraj/Documents/MotionPlanning/controller/install/controller_pkg/share/controller_pkg/environment/ament_prefix_path.sh
[22.005s] -- Up-to-date: /home/debraj/Documents/MotionPlanning/controller/install/controller_pkg/share/controller_pkg/environment/ament_prefix_path.dsv
[22.006s] -- Up-to-date: /home/debraj/Documents/MotionPlanning/controller/install/controller_pkg/share/controller_pkg/environment/path.sh
[22.006s] -- Up-to-date: /home/debraj/Documents/MotionPlanning/controller/install/controller_pkg/share/controller_pkg/environment/path.dsv
[22.006s] -- Up-to-date: /home/debraj/Documents/MotionPlanning/controller/install/controller_pkg/share/controller_pkg/local_setup.bash
[22.006s] -- Up-to-date: /home/debraj/Documents/MotionPlanning/controller/install/controller_pkg/share/controller_pkg/local_setup.sh
[22.006s] -- Up-to-date: /home/debraj/Documents/MotionPlanning/controller/install/controller_pkg/share/controller_pkg/local_setup.zsh
[22.006s] -- Up-to-date: /home/debraj/Documents/MotionPlanning/controller/install/controller_pkg/share/controller_pkg/local_setup.dsv
[22.006s] -- Installing: /home/debraj/Documents/MotionPlanning/controller/install/controller_pkg/share/controller_pkg/package.dsv
[22.006s] -- Up-to-date: /home/debraj/Documents/MotionPlanning/controller/install/controller_pkg/share/ament_index/resource_index/packages/controller_pkg
[22.007s] -- Up-to-date: /home/debraj/Documents/MotionPlanning/controller/install/controller_pkg/share/controller_pkg/cmake/controller_pkgConfig.cmake
[22.007s] -- Up-to-date: /home/debraj/Documents/MotionPlanning/controller/install/controller_pkg/share/controller_pkg/cmake/controller_pkgConfig-version.cmake
[22.007s] -- Up-to-date: /home/debraj/Documents/MotionPlanning/controller/install/controller_pkg/share/controller_pkg/package.xml
[22.012s] Invoked command in '/home/debraj/Documents/MotionPlanning/controller/build/controller_pkg' returned '0': CMAKE_PREFIX_PATH=${CMAKE_PREFIX_PATH}:/opt/ros/jazzy DEBUGINFOD_URLS=https://debuginfod.ubuntu.com /usr/bin/cmake --install /home/debraj/Documents/MotionPlanning/controller/build/controller_pkg
