[0.117s] DEBUG:colcon:Command line arguments: ['/usr/bin/colcon', 'build']
[0.117s] DEBUG:colcon:Parsed command line arguments: Namespace(log_base=None, log_level=None, verb_name='build', build_base='build', install_base='install', merge_install=False, symlink_install=False, test_result_base=None, continue_on_error=False, executor='parallel', parallel_workers=8, event_handlers=None, ignore_user_meta=False, metas=['./colcon.meta'], base_paths=['.'], packages_ignore=None, packages_ignore_regex=None, paths=None, packages_up_to=None, packages_up_to_regex=None, packages_above=None, packages_above_and_dependencies=None, packages_above_depth=None, packages_select_by_dep=None, packages_skip_by_dep=None, packages_skip_up_to=None, packages_select_build_failed=False, packages_skip_build_finished=False, packages_select_test_failures=False, packages_skip_test_passed=False, packages_select=None, packages_skip=None, packages_select_regex=None, packages_skip_regex=None, packages_start=None, packages_end=None, allow_overriding=[], cmake_args=None, cmake_target=None, cmake_target_skip_unavailable=False, cmake_clean_cache=False, cmake_clean_first=False, cmake_force_configure=False, ament_cmake_args=None, catkin_cmake_args=None, catkin_skip_building_tests=False, mixin_files=None, mixin=None, verb_parser=<colcon_mixin.mixin.mixin_argument.MixinArgumentDecorator object at 0x7237d7152b10>, verb_extension=<colcon_core.verb.build.BuildVerb object at 0x7237d7152240>, main=<bound method BuildVerb.main of <colcon_core.verb.build.BuildVerb object at 0x7237d7152240>>, mixin_verb=('build',))
[0.184s] Level 1:colcon.colcon_core.package_discovery:discover_packages(colcon_meta) check parameters
[0.184s] Level 1:colcon.colcon_core.package_discovery:discover_packages(recursive) check parameters
[0.184s] Level 1:colcon.colcon_core.package_discovery:discover_packages(ignore) check parameters
[0.184s] Level 1:colcon.colcon_core.package_discovery:discover_packages(path) check parameters
[0.184s] Level 1:colcon.colcon_core.package_discovery:discover_packages(colcon_meta) discover
[0.184s] Level 1:colcon.colcon_core.package_discovery:discover_packages(recursive) discover
[0.184s] INFO:colcon.colcon_core.package_discovery:Crawling recursively for packages in '/home/debraj/Documents/MotionPlanning/path_planner'
[0.184s] Level 1:colcon.colcon_core.package_identification:_identify(.) by extensions ['ignore', 'ignore_ament_install']
[0.185s] Level 1:colcon.colcon_core.package_identification:_identify(.) by extension 'ignore'
[0.185s] Level 1:colcon.colcon_core.package_identification:_identify(.) by extension 'ignore_ament_install'
[0.185s] Level 1:colcon.colcon_core.package_identification:_identify(.) by extensions ['colcon_pkg']
[0.185s] Level 1:colcon.colcon_core.package_identification:_identify(.) by extension 'colcon_pkg'
[0.185s] Level 1:colcon.colcon_core.package_identification:_identify(.) by extensions ['colcon_meta']
[0.185s] Level 1:colcon.colcon_core.package_identification:_identify(.) by extension 'colcon_meta'
[0.185s] Level 1:colcon.colcon_core.package_identification:_identify(.) by extensions ['ros']
[0.185s] Level 1:colcon.colcon_core.package_identification:_identify(.) by extension 'ros'
[0.220s] Level 1:colcon.colcon_core.package_identification:_identify(.) by extensions ['cmake', 'python']
[0.220s] Level 1:colcon.colcon_core.package_identification:_identify(.) by extension 'cmake'
[0.220s] Level 1:colcon.colcon_core.package_identification:_identify(.) by extension 'python'
[0.220s] Level 1:colcon.colcon_core.package_identification:_identify(.) by extensions ['python_setup_py']
[0.220s] Level 1:colcon.colcon_core.package_identification:_identify(.) by extension 'python_setup_py'
[0.220s] Level 1:colcon.colcon_core.package_identification:_identify(build) by extensions ['ignore', 'ignore_ament_install']
[0.220s] Level 1:colcon.colcon_core.package_identification:_identify(build) by extension 'ignore'
[0.220s] Level 1:colcon.colcon_core.package_identification:_identify(build) ignored
[0.221s] Level 1:colcon.colcon_core.package_identification:_identify(install) by extensions ['ignore', 'ignore_ament_install']
[0.221s] Level 1:colcon.colcon_core.package_identification:_identify(install) by extension 'ignore'
[0.221s] Level 1:colcon.colcon_core.package_identification:_identify(install) ignored
[0.221s] Level 1:colcon.colcon_core.package_identification:_identify(log) by extensions ['ignore', 'ignore_ament_install']
[0.221s] Level 1:colcon.colcon_core.package_identification:_identify(log) by extension 'ignore'
[0.221s] Level 1:colcon.colcon_core.package_identification:_identify(log) ignored
[0.221s] Level 1:colcon.colcon_core.package_identification:_identify(src) by extensions ['ignore', 'ignore_ament_install']
[0.221s] Level 1:colcon.colcon_core.package_identification:_identify(src) by extension 'ignore'
[0.221s] Level 1:colcon.colcon_core.package_identification:_identify(src) by extension 'ignore_ament_install'
[0.221s] Level 1:colcon.colcon_core.package_identification:_identify(src) by extensions ['colcon_pkg']
[0.221s] Level 1:colcon.colcon_core.package_identification:_identify(src) by extension 'colcon_pkg'
[0.221s] Level 1:colcon.colcon_core.package_identification:_identify(src) by extensions ['colcon_meta']
[0.221s] Level 1:colcon.colcon_core.package_identification:_identify(src) by extension 'colcon_meta'
[0.221s] Level 1:colcon.colcon_core.package_identification:_identify(src) by extensions ['ros']
[0.222s] Level 1:colcon.colcon_core.package_identification:_identify(src) by extension 'ros'
[0.222s] Level 1:colcon.colcon_core.package_identification:_identify(src) by extensions ['cmake', 'python']
[0.222s] Level 1:colcon.colcon_core.package_identification:_identify(src) by extension 'cmake'
[0.222s] Level 1:colcon.colcon_core.package_identification:_identify(src) by extension 'python'
[0.222s] Level 1:colcon.colcon_core.package_identification:_identify(src) by extensions ['python_setup_py']
[0.222s] Level 1:colcon.colcon_core.package_identification:_identify(src) by extension 'python_setup_py'
[0.222s] Level 1:colcon.colcon_core.package_identification:_identify(src/path_planner_pkg) by extensions ['ignore', 'ignore_ament_install']
[0.222s] Level 1:colcon.colcon_core.package_identification:_identify(src/path_planner_pkg) by extension 'ignore'
[0.222s] Level 1:colcon.colcon_core.package_identification:_identify(src/path_planner_pkg) by extension 'ignore_ament_install'
[0.222s] Level 1:colcon.colcon_core.package_identification:_identify(src/path_planner_pkg) by extensions ['colcon_pkg']
[0.222s] Level 1:colcon.colcon_core.package_identification:_identify(src/path_planner_pkg) by extension 'colcon_pkg'
[0.222s] Level 1:colcon.colcon_core.package_identification:_identify(src/path_planner_pkg) by extensions ['colcon_meta']
[0.222s] Level 1:colcon.colcon_core.package_identification:_identify(src/path_planner_pkg) by extension 'colcon_meta'
[0.222s] Level 1:colcon.colcon_core.package_identification:_identify(src/path_planner_pkg) by extensions ['ros']
[0.222s] Level 1:colcon.colcon_core.package_identification:_identify(src/path_planner_pkg) by extension 'ros'
[0.227s] DEBUG:colcon.colcon_core.package_identification:Package 'src/path_planner_pkg' with type 'ros.ament_cmake' and name 'path_planner_pkg'
[0.227s] Level 1:colcon.colcon_core.package_discovery:discover_packages(recursive) using defaults
[0.227s] Level 1:colcon.colcon_core.package_discovery:discover_packages(ignore) discover
[0.227s] Level 1:colcon.colcon_core.package_discovery:discover_packages(ignore) using defaults
[0.227s] Level 1:colcon.colcon_core.package_discovery:discover_packages(path) discover
[0.227s] Level 1:colcon.colcon_core.package_discovery:discover_packages(path) using defaults
[0.253s] Level 1:colcon.colcon_core.package_discovery:discover_packages(prefix_path) check parameters
[0.253s] Level 1:colcon.colcon_core.package_discovery:discover_packages(prefix_path) discover
[0.259s] DEBUG:colcon.colcon_installed_package_information.package_discovery:Found 388 installed packages in /opt/ros/jazzy
[0.261s] Level 1:colcon.colcon_core.package_discovery:discover_packages(prefix_path) using defaults
[0.351s] Level 5:colcon.colcon_core.verb:set package 'path_planner_pkg' build argument 'cmake_args' from command line to 'None'
[0.351s] Level 5:colcon.colcon_core.verb:set package 'path_planner_pkg' build argument 'cmake_target' from command line to 'None'
[0.351s] Level 5:colcon.colcon_core.verb:set package 'path_planner_pkg' build argument 'cmake_target_skip_unavailable' from command line to 'False'
[0.351s] Level 5:colcon.colcon_core.verb:set package 'path_planner_pkg' build argument 'cmake_clean_cache' from command line to 'False'
[0.351s] Level 5:colcon.colcon_core.verb:set package 'path_planner_pkg' build argument 'cmake_clean_first' from command line to 'False'
[0.351s] Level 5:colcon.colcon_core.verb:set package 'path_planner_pkg' build argument 'cmake_force_configure' from command line to 'False'
[0.351s] Level 5:colcon.colcon_core.verb:set package 'path_planner_pkg' build argument 'ament_cmake_args' from command line to 'None'
[0.351s] Level 5:colcon.colcon_core.verb:set package 'path_planner_pkg' build argument 'catkin_cmake_args' from command line to 'None'
[0.351s] Level 5:colcon.colcon_core.verb:set package 'path_planner_pkg' build argument 'catkin_skip_building_tests' from command line to 'False'
[0.351s] DEBUG:colcon.colcon_core.verb:Building package 'path_planner_pkg' with the following arguments: {'ament_cmake_args': None, 'build_base': '/home/debraj/Documents/MotionPlanning/path_planner/build/path_planner_pkg', 'catkin_cmake_args': None, 'catkin_skip_building_tests': False, 'cmake_args': None, 'cmake_clean_cache': False, 'cmake_clean_first': False, 'cmake_force_configure': False, 'cmake_target': None, 'cmake_target_skip_unavailable': False, 'install_base': '/home/debraj/Documents/MotionPlanning/path_planner/install/path_planner_pkg', 'merge_install': False, 'path': '/home/debraj/Documents/MotionPlanning/path_planner/src/path_planner_pkg', 'symlink_install': False, 'test_result_base': None}
[0.351s] INFO:colcon.colcon_core.executor:Executing jobs using 'parallel' executor
[0.353s] DEBUG:colcon.colcon_parallel_executor.executor.parallel:run_until_complete
[0.353s] INFO:colcon.colcon_ros.task.ament_cmake.build:Building ROS package in '/home/debraj/Documents/MotionPlanning/path_planner/src/path_planner_pkg' with build type 'ament_cmake'
[0.353s] INFO:colcon.colcon_cmake.task.cmake.build:Building CMake package in '/home/debraj/Documents/MotionPlanning/path_planner/src/path_planner_pkg'
[0.362s] INFO:colcon.colcon_core.plugin_system:Skipping extension 'colcon_core.shell.bat': Not used on non-Windows systems
[0.362s] INFO:colcon.colcon_core.shell:Skip shell extension 'powershell' for command environment: Not usable outside of PowerShell
[0.362s] DEBUG:colcon.colcon_core.shell:Skip shell extension 'dsv' for command environment
[0.377s] DEBUG:colcon.colcon_core.event_handler.log_command:Invoking command in '/home/debraj/Documents/MotionPlanning/path_planner/build/path_planner_pkg': CMAKE_PREFIX_PATH=${CMAKE_PREFIX_PATH}:/opt/ros/jazzy DEBUGINFOD_URLS=https://debuginfod.ubuntu.com /usr/bin/cmake /home/debraj/Documents/MotionPlanning/path_planner/src/path_planner_pkg -DCMAKE_INSTALL_PREFIX=/home/debraj/Documents/MotionPlanning/path_planner/install/path_planner_pkg
[2.185s] DEBUG:colcon.colcon_core.event_handler.log_command:Invoked command in '/home/debraj/Documents/MotionPlanning/path_planner/build/path_planner_pkg' returned '0': CMAKE_PREFIX_PATH=${CMAKE_PREFIX_PATH}:/opt/ros/jazzy DEBUGINFOD_URLS=https://debuginfod.ubuntu.com /usr/bin/cmake /home/debraj/Documents/MotionPlanning/path_planner/src/path_planner_pkg -DCMAKE_INSTALL_PREFIX=/home/debraj/Documents/MotionPlanning/path_planner/install/path_planner_pkg
[2.186s] DEBUG:colcon.colcon_core.event_handler.log_command:Invoking command in '/home/debraj/Documents/MotionPlanning/path_planner/build/path_planner_pkg': CMAKE_PREFIX_PATH=${CMAKE_PREFIX_PATH}:/opt/ros/jazzy DEBUGINFOD_URLS=https://debuginfod.ubuntu.com /usr/bin/cmake --build /home/debraj/Documents/MotionPlanning/path_planner/build/path_planner_pkg -- -j8 -l8
[17.116s] DEBUG:colcon.colcon_core.event_handler.log_command:Invoked command in '/home/debraj/Documents/MotionPlanning/path_planner/build/path_planner_pkg' returned '0': CMAKE_PREFIX_PATH=${CMAKE_PREFIX_PATH}:/opt/ros/jazzy DEBUGINFOD_URLS=https://debuginfod.ubuntu.com /usr/bin/cmake --build /home/debraj/Documents/MotionPlanning/path_planner/build/path_planner_pkg -- -j8 -l8
[17.129s] DEBUG:colcon.colcon_core.event_handler.log_command:Invoking command in '/home/debraj/Documents/MotionPlanning/path_planner/build/path_planner_pkg': CMAKE_PREFIX_PATH=${CMAKE_PREFIX_PATH}:/opt/ros/jazzy DEBUGINFOD_URLS=https://debuginfod.ubuntu.com /usr/bin/cmake --install /home/debraj/Documents/MotionPlanning/path_planner/build/path_planner_pkg
[17.152s] Level 1:colcon.colcon_core.environment:create_environment_scripts_only(path_planner_pkg)
[17.152s] DEBUG:colcon.colcon_core.event_handler.log_command:Invoked command in '/home/debraj/Documents/MotionPlanning/path_planner/build/path_planner_pkg' returned '0': CMAKE_PREFIX_PATH=${CMAKE_PREFIX_PATH}:/opt/ros/jazzy DEBUGINFOD_URLS=https://debuginfod.ubuntu.com /usr/bin/cmake --install /home/debraj/Documents/MotionPlanning/path_planner/build/path_planner_pkg
[17.154s] Level 1:colcon.colcon_core.environment:checking '/home/debraj/Documents/MotionPlanning/path_planner/install/path_planner_pkg' for CMake module files
[17.155s] Level 1:colcon.colcon_core.environment:checking '/home/debraj/Documents/MotionPlanning/path_planner/install/path_planner_pkg' for CMake config files
[17.155s] Level 1:colcon.colcon_core.shell:create_environment_hook('path_planner_pkg', 'cmake_prefix_path')
[17.155s] INFO:colcon.colcon_core.shell:Creating environment hook '/home/debraj/Documents/MotionPlanning/path_planner/install/path_planner_pkg/share/path_planner_pkg/hook/cmake_prefix_path.ps1'
[17.156s] INFO:colcon.colcon_core.shell:Creating environment descriptor '/home/debraj/Documents/MotionPlanning/path_planner/install/path_planner_pkg/share/path_planner_pkg/hook/cmake_prefix_path.dsv'
[17.156s] INFO:colcon.colcon_core.shell:Creating environment hook '/home/debraj/Documents/MotionPlanning/path_planner/install/path_planner_pkg/share/path_planner_pkg/hook/cmake_prefix_path.sh'
[17.157s] Level 1:colcon.colcon_core.environment:checking '/home/debraj/Documents/MotionPlanning/path_planner/install/path_planner_pkg/lib'
[17.157s] Level 1:colcon.colcon_core.environment:checking '/home/debraj/Documents/MotionPlanning/path_planner/install/path_planner_pkg/bin'
[17.157s] Level 1:colcon.colcon_core.environment:checking '/home/debraj/Documents/MotionPlanning/path_planner/install/path_planner_pkg/lib/pkgconfig/path_planner_pkg.pc'
[17.157s] Level 1:colcon.colcon_core.environment:checking '/home/debraj/Documents/MotionPlanning/path_planner/install/path_planner_pkg/lib/python3.12/site-packages'
[17.157s] Level 1:colcon.colcon_core.environment:checking '/home/debraj/Documents/MotionPlanning/path_planner/install/path_planner_pkg/bin'
[17.157s] INFO:colcon.colcon_core.shell:Creating package script '/home/debraj/Documents/MotionPlanning/path_planner/install/path_planner_pkg/share/path_planner_pkg/package.ps1'
[17.158s] INFO:colcon.colcon_core.shell:Creating package descriptor '/home/debraj/Documents/MotionPlanning/path_planner/install/path_planner_pkg/share/path_planner_pkg/package.dsv'
[17.158s] INFO:colcon.colcon_core.shell:Creating package script '/home/debraj/Documents/MotionPlanning/path_planner/install/path_planner_pkg/share/path_planner_pkg/package.sh'
[17.159s] INFO:colcon.colcon_core.shell:Creating package script '/home/debraj/Documents/MotionPlanning/path_planner/install/path_planner_pkg/share/path_planner_pkg/package.bash'
[17.159s] INFO:colcon.colcon_core.shell:Creating package script '/home/debraj/Documents/MotionPlanning/path_planner/install/path_planner_pkg/share/path_planner_pkg/package.zsh'
[17.160s] Level 1:colcon.colcon_core.environment:create_file_with_runtime_dependencies(/home/debraj/Documents/MotionPlanning/path_planner/install/path_planner_pkg/share/colcon-core/packages/path_planner_pkg)
[17.160s] Level 1:colcon.colcon_core.environment:create_environment_scripts_only(path_planner_pkg)
[17.160s] Level 1:colcon.colcon_core.environment:checking '/home/debraj/Documents/MotionPlanning/path_planner/install/path_planner_pkg' for CMake module files
[17.161s] Level 1:colcon.colcon_core.environment:checking '/home/debraj/Documents/MotionPlanning/path_planner/install/path_planner_pkg' for CMake config files
[17.161s] Level 1:colcon.colcon_core.shell:create_environment_hook('path_planner_pkg', 'cmake_prefix_path')
[17.161s] INFO:colcon.colcon_core.shell:Creating environment hook '/home/debraj/Documents/MotionPlanning/path_planner/install/path_planner_pkg/share/path_planner_pkg/hook/cmake_prefix_path.ps1'
[17.161s] INFO:colcon.colcon_core.shell:Creating environment descriptor '/home/debraj/Documents/MotionPlanning/path_planner/install/path_planner_pkg/share/path_planner_pkg/hook/cmake_prefix_path.dsv'
[17.162s] INFO:colcon.colcon_core.shell:Creating environment hook '/home/debraj/Documents/MotionPlanning/path_planner/install/path_planner_pkg/share/path_planner_pkg/hook/cmake_prefix_path.sh'
[17.162s] Level 1:colcon.colcon_core.environment:checking '/home/debraj/Documents/MotionPlanning/path_planner/install/path_planner_pkg/lib'
[17.162s] Level 1:colcon.colcon_core.environment:checking '/home/debraj/Documents/MotionPlanning/path_planner/install/path_planner_pkg/bin'
[17.162s] Level 1:colcon.colcon_core.environment:checking '/home/debraj/Documents/MotionPlanning/path_planner/install/path_planner_pkg/lib/pkgconfig/path_planner_pkg.pc'
[17.163s] Level 1:colcon.colcon_core.environment:checking '/home/debraj/Documents/MotionPlanning/path_planner/install/path_planner_pkg/lib/python3.12/site-packages'
[17.163s] Level 1:colcon.colcon_core.environment:checking '/home/debraj/Documents/MotionPlanning/path_planner/install/path_planner_pkg/bin'
[17.163s] INFO:colcon.colcon_core.shell:Creating package script '/home/debraj/Documents/MotionPlanning/path_planner/install/path_planner_pkg/share/path_planner_pkg/package.ps1'
[17.163s] INFO:colcon.colcon_core.shell:Creating package descriptor '/home/debraj/Documents/MotionPlanning/path_planner/install/path_planner_pkg/share/path_planner_pkg/package.dsv'
[17.164s] INFO:colcon.colcon_core.shell:Creating package script '/home/debraj/Documents/MotionPlanning/path_planner/install/path_planner_pkg/share/path_planner_pkg/package.sh'
[17.164s] INFO:colcon.colcon_core.shell:Creating package script '/home/debraj/Documents/MotionPlanning/path_planner/install/path_planner_pkg/share/path_planner_pkg/package.bash'
[17.164s] INFO:colcon.colcon_core.shell:Creating package script '/home/debraj/Documents/MotionPlanning/path_planner/install/path_planner_pkg/share/path_planner_pkg/package.zsh'
[17.165s] Level 1:colcon.colcon_core.environment:create_file_with_runtime_dependencies(/home/debraj/Documents/MotionPlanning/path_planner/install/path_planner_pkg/share/colcon-core/packages/path_planner_pkg)
[17.165s] DEBUG:colcon.colcon_parallel_executor.executor.parallel:closing loop
[17.165s] DEBUG:colcon.colcon_parallel_executor.executor.parallel:loop closed
[17.166s] DEBUG:colcon.colcon_parallel_executor.executor.parallel:run_until_complete finished with '0'
[17.166s] DEBUG:colcon.colcon_core.event_reactor:joining thread
[17.171s] INFO:colcon.colcon_core.plugin_system:Skipping extension 'colcon_notification.desktop_notification.terminal_notifier': Not used on non-Darwin systems
[17.171s] INFO:colcon.colcon_core.plugin_system:Skipping extension 'colcon_notification.desktop_notification.win32': Not used on non-Windows systems
[17.171s] INFO:colcon.colcon_notification.desktop_notification:Sending desktop notification using 'notify2'
[17.195s] DEBUG:colcon.colcon_core.event_reactor:joined thread
[17.196s] INFO:colcon.colcon_core.shell:Creating prefix script '/home/debraj/Documents/MotionPlanning/path_planner/install/local_setup.ps1'
[17.197s] INFO:colcon.colcon_core.shell:Creating prefix util module '/home/debraj/Documents/MotionPlanning/path_planner/install/_local_setup_util_ps1.py'
[17.199s] INFO:colcon.colcon_core.shell:Creating prefix chain script '/home/debraj/Documents/MotionPlanning/path_planner/install/setup.ps1'
[17.200s] INFO:colcon.colcon_core.shell:Creating prefix script '/home/debraj/Documents/MotionPlanning/path_planner/install/local_setup.sh'
[17.200s] INFO:colcon.colcon_core.shell:Creating prefix util module '/home/debraj/Documents/MotionPlanning/path_planner/install/_local_setup_util_sh.py'
[17.201s] INFO:colcon.colcon_core.shell:Creating prefix chain script '/home/debraj/Documents/MotionPlanning/path_planner/install/setup.sh'
[17.202s] INFO:colcon.colcon_core.shell:Creating prefix script '/home/debraj/Documents/MotionPlanning/path_planner/install/local_setup.bash'
[17.202s] INFO:colcon.colcon_core.shell:Creating prefix chain script '/home/debraj/Documents/MotionPlanning/path_planner/install/setup.bash'
[17.204s] INFO:colcon.colcon_core.shell:Creating prefix script '/home/debraj/Documents/MotionPlanning/path_planner/install/local_setup.zsh'
[17.204s] INFO:colcon.colcon_core.shell:Creating prefix chain script '/home/debraj/Documents/MotionPlanning/path_planner/install/setup.zsh'
