[0.215s] DEBUG:colcon:Command line arguments: ['/usr/bin/colcon', 'build']
[0.216s] DEBUG:colcon:Parsed command line arguments: Namespace(log_base=None, log_level=None, verb_name='build', build_base='build', install_base='install', merge_install=False, symlink_install=False, test_result_base=None, continue_on_error=False, executor='parallel', parallel_workers=8, event_handlers=None, ignore_user_meta=False, metas=['./colcon.meta'], base_paths=['.'], packages_ignore=None, packages_ignore_regex=None, paths=None, packages_up_to=None, packages_up_to_regex=None, packages_above=None, packages_above_and_dependencies=None, packages_above_depth=None, packages_select_by_dep=None, packages_skip_by_dep=None, packages_skip_up_to=None, packages_select_build_failed=False, packages_skip_build_finished=False, packages_select_test_failures=False, packages_skip_test_passed=False, packages_select=None, packages_skip=None, packages_select_regex=None, packages_skip_regex=None, packages_start=None, packages_end=None, allow_overriding=[], cmake_args=None, cmake_target=None, cmake_target_skip_unavailable=False, cmake_clean_cache=False, cmake_clean_first=False, cmake_force_configure=False, ament_cmake_args=None, catkin_cmake_args=None, catkin_skip_building_tests=False, mixin_files=None, mixin=None, verb_parser=<colcon_mixin.mixin.mixin_argument.MixinArgumentDecorator object at 0x79bd4b177d40>, verb_extension=<colcon_core.verb.build.BuildVerb object at 0x79bd4b177a10>, main=<bound method BuildVerb.main of <colcon_core.verb.build.BuildVerb object at 0x79bd4b177a10>>, mixin_verb=('build',))
[0.286s] Level 1:colcon.colcon_core.package_discovery:discover_packages(colcon_meta) check parameters
[0.287s] Level 1:colcon.colcon_core.package_discovery:discover_packages(recursive) check parameters
[0.287s] Level 1:colcon.colcon_core.package_discovery:discover_packages(ignore) check parameters
[0.287s] Level 1:colcon.colcon_core.package_discovery:discover_packages(path) check parameters
[0.287s] Level 1:colcon.colcon_core.package_discovery:discover_packages(colcon_meta) discover
[0.287s] Level 1:colcon.colcon_core.package_discovery:discover_packages(recursive) discover
[0.287s] INFO:colcon.colcon_core.package_discovery:Crawling recursively for packages in '/home/debraj/Documents/MotionPlanning/ros_ws'
[0.287s] Level 1:colcon.colcon_core.package_identification:_identify(.) by extensions ['ignore', 'ignore_ament_install']
[0.287s] Level 1:colcon.colcon_core.package_identification:_identify(.) by extension 'ignore'
[0.287s] Level 1:colcon.colcon_core.package_identification:_identify(.) by extension 'ignore_ament_install'
[0.288s] Level 1:colcon.colcon_core.package_identification:_identify(.) by extensions ['colcon_pkg']
[0.288s] Level 1:colcon.colcon_core.package_identification:_identify(.) by extension 'colcon_pkg'
[0.288s] Level 1:colcon.colcon_core.package_identification:_identify(.) by extensions ['colcon_meta']
[0.288s] Level 1:colcon.colcon_core.package_identification:_identify(.) by extension 'colcon_meta'
[0.288s] Level 1:colcon.colcon_core.package_identification:_identify(.) by extensions ['ros']
[0.288s] Level 1:colcon.colcon_core.package_identification:_identify(.) by extension 'ros'
[0.342s] Level 1:colcon.colcon_core.package_identification:_identify(.) by extensions ['cmake', 'python']
[0.342s] Level 1:colcon.colcon_core.package_identification:_identify(.) by extension 'cmake'
[0.342s] Level 1:colcon.colcon_core.package_identification:_identify(.) by extension 'python'
[0.342s] Level 1:colcon.colcon_core.package_identification:_identify(.) by extensions ['python_setup_py']
[0.342s] Level 1:colcon.colcon_core.package_identification:_identify(.) by extension 'python_setup_py'
[0.342s] Level 1:colcon.colcon_core.package_identification:_identify(build) by extensions ['ignore', 'ignore_ament_install']
[0.342s] Level 1:colcon.colcon_core.package_identification:_identify(build) by extension 'ignore'
[0.342s] Level 1:colcon.colcon_core.package_identification:_identify(build) ignored
[0.343s] Level 1:colcon.colcon_core.package_identification:_identify(install) by extensions ['ignore', 'ignore_ament_install']
[0.343s] Level 1:colcon.colcon_core.package_identification:_identify(install) by extension 'ignore'
[0.343s] Level 1:colcon.colcon_core.package_identification:_identify(install) ignored
[0.343s] Level 1:colcon.colcon_core.package_identification:_identify(log) by extensions ['ignore', 'ignore_ament_install']
[0.343s] Level 1:colcon.colcon_core.package_identification:_identify(log) by extension 'ignore'
[0.343s] Level 1:colcon.colcon_core.package_identification:_identify(log) ignored
[0.343s] Level 1:colcon.colcon_core.package_identification:_identify(src) by extensions ['ignore', 'ignore_ament_install']
[0.344s] Level 1:colcon.colcon_core.package_identification:_identify(src) by extension 'ignore'
[0.344s] Level 1:colcon.colcon_core.package_identification:_identify(src) by extension 'ignore_ament_install'
[0.344s] Level 1:colcon.colcon_core.package_identification:_identify(src) by extensions ['colcon_pkg']
[0.344s] Level 1:colcon.colcon_core.package_identification:_identify(src) by extension 'colcon_pkg'
[0.344s] Level 1:colcon.colcon_core.package_identification:_identify(src) by extensions ['colcon_meta']
[0.344s] Level 1:colcon.colcon_core.package_identification:_identify(src) by extension 'colcon_meta'
[0.344s] Level 1:colcon.colcon_core.package_identification:_identify(src) by extensions ['ros']
[0.344s] Level 1:colcon.colcon_core.package_identification:_identify(src) by extension 'ros'
[0.344s] Level 1:colcon.colcon_core.package_identification:_identify(src) by extensions ['cmake', 'python']
[0.344s] Level 1:colcon.colcon_core.package_identification:_identify(src) by extension 'cmake'
[0.344s] Level 1:colcon.colcon_core.package_identification:_identify(src) by extension 'python'
[0.344s] Level 1:colcon.colcon_core.package_identification:_identify(src) by extensions ['python_setup_py']
[0.344s] Level 1:colcon.colcon_core.package_identification:_identify(src) by extension 'python_setup_py'
[0.345s] Level 1:colcon.colcon_core.package_identification:_identify(src/subscriber_package) by extensions ['ignore', 'ignore_ament_install']
[0.345s] Level 1:colcon.colcon_core.package_identification:_identify(src/subscriber_package) by extension 'ignore'
[0.345s] Level 1:colcon.colcon_core.package_identification:_identify(src/subscriber_package) by extension 'ignore_ament_install'
[0.345s] Level 1:colcon.colcon_core.package_identification:_identify(src/subscriber_package) by extensions ['colcon_pkg']
[0.345s] Level 1:colcon.colcon_core.package_identification:_identify(src/subscriber_package) by extension 'colcon_pkg'
[0.345s] Level 1:colcon.colcon_core.package_identification:_identify(src/subscriber_package) by extensions ['colcon_meta']
[0.345s] Level 1:colcon.colcon_core.package_identification:_identify(src/subscriber_package) by extension 'colcon_meta'
[0.345s] Level 1:colcon.colcon_core.package_identification:_identify(src/subscriber_package) by extensions ['ros']
[0.345s] Level 1:colcon.colcon_core.package_identification:_identify(src/subscriber_package) by extension 'ros'
[0.349s] DEBUG:colcon.colcon_core.package_identification:Package 'src/subscriber_package' with type 'ros.ament_cmake' and name 'subscriber_package'
[0.349s] Level 1:colcon.colcon_core.package_discovery:discover_packages(recursive) using defaults
[0.349s] Level 1:colcon.colcon_core.package_discovery:discover_packages(ignore) discover
[0.349s] Level 1:colcon.colcon_core.package_discovery:discover_packages(ignore) using defaults
[0.350s] Level 1:colcon.colcon_core.package_discovery:discover_packages(path) discover
[0.350s] Level 1:colcon.colcon_core.package_discovery:discover_packages(path) using defaults
[0.380s] Level 1:colcon.colcon_core.package_discovery:discover_packages(prefix_path) check parameters
[0.381s] Level 1:colcon.colcon_core.package_discovery:discover_packages(prefix_path) discover
[0.384s] DEBUG:colcon.colcon_installed_package_information.package_discovery:Found 1 installed packages in /home/debraj/Documents/MotionPlanning/ros_ws/install
[0.388s] DEBUG:colcon.colcon_installed_package_information.package_discovery:Found 318 installed packages in /opt/ros/jazzy
[0.390s] Level 1:colcon.colcon_core.package_discovery:discover_packages(prefix_path) using defaults
[0.481s] Level 5:colcon.colcon_core.verb:set package 'subscriber_package' build argument 'cmake_args' from command line to 'None'
[0.481s] Level 5:colcon.colcon_core.verb:set package 'subscriber_package' build argument 'cmake_target' from command line to 'None'
[0.481s] Level 5:colcon.colcon_core.verb:set package 'subscriber_package' build argument 'cmake_target_skip_unavailable' from command line to 'False'
[0.482s] Level 5:colcon.colcon_core.verb:set package 'subscriber_package' build argument 'cmake_clean_cache' from command line to 'False'
[0.482s] Level 5:colcon.colcon_core.verb:set package 'subscriber_package' build argument 'cmake_clean_first' from command line to 'False'
[0.482s] Level 5:colcon.colcon_core.verb:set package 'subscriber_package' build argument 'cmake_force_configure' from command line to 'False'
[0.482s] Level 5:colcon.colcon_core.verb:set package 'subscriber_package' build argument 'ament_cmake_args' from command line to 'None'
[0.482s] Level 5:colcon.colcon_core.verb:set package 'subscriber_package' build argument 'catkin_cmake_args' from command line to 'None'
[0.482s] Level 5:colcon.colcon_core.verb:set package 'subscriber_package' build argument 'catkin_skip_building_tests' from command line to 'False'
[0.482s] DEBUG:colcon.colcon_core.verb:Building package 'subscriber_package' with the following arguments: {'ament_cmake_args': None, 'build_base': '/home/debraj/Documents/MotionPlanning/ros_ws/build/subscriber_package', 'catkin_cmake_args': None, 'catkin_skip_building_tests': False, 'cmake_args': None, 'cmake_clean_cache': False, 'cmake_clean_first': False, 'cmake_force_configure': False, 'cmake_target': None, 'cmake_target_skip_unavailable': False, 'install_base': '/home/debraj/Documents/MotionPlanning/ros_ws/install/subscriber_package', 'merge_install': False, 'path': '/home/debraj/Documents/MotionPlanning/ros_ws/src/subscriber_package', 'symlink_install': False, 'test_result_base': None}
[0.483s] INFO:colcon.colcon_core.executor:Executing jobs using 'parallel' executor
[0.486s] DEBUG:colcon.colcon_parallel_executor.executor.parallel:run_until_complete
[0.486s] INFO:colcon.colcon_ros.task.ament_cmake.build:Building ROS package in '/home/debraj/Documents/MotionPlanning/ros_ws/src/subscriber_package' with build type 'ament_cmake'
[0.486s] INFO:colcon.colcon_cmake.task.cmake.build:Building CMake package in '/home/debraj/Documents/MotionPlanning/ros_ws/src/subscriber_package'
[0.490s] INFO:colcon.colcon_core.plugin_system:Skipping extension 'colcon_core.shell.bat': Not used on non-Windows systems
[0.491s] INFO:colcon.colcon_core.shell:Skip shell extension 'powershell' for command environment: Not usable outside of PowerShell
[0.491s] DEBUG:colcon.colcon_core.shell:Skip shell extension 'dsv' for command environment
[0.515s] DEBUG:colcon.colcon_core.event_handler.log_command:Invoking command in '/home/debraj/Documents/MotionPlanning/ros_ws/build/subscriber_package': CMAKE_PREFIX_PATH=${CMAKE_PREFIX_PATH}:/opt/ros/jazzy DEBUGINFOD_URLS=https://debuginfod.ubuntu.com /usr/bin/cmake --build /home/debraj/Documents/MotionPlanning/ros_ws/build/subscriber_package -- -j8 -l8
[23.114s] DEBUG:colcon.colcon_core.event_handler.log_command:Invoked command in '/home/debraj/Documents/MotionPlanning/ros_ws/build/subscriber_package' returned '0': CMAKE_PREFIX_PATH=${CMAKE_PREFIX_PATH}:/opt/ros/jazzy DEBUGINFOD_URLS=https://debuginfod.ubuntu.com /usr/bin/cmake --build /home/debraj/Documents/MotionPlanning/ros_ws/build/subscriber_package -- -j8 -l8
[23.175s] DEBUG:colcon.colcon_core.event_handler.log_command:Invoking command in '/home/debraj/Documents/MotionPlanning/ros_ws/build/subscriber_package': CMAKE_PREFIX_PATH=${CMAKE_PREFIX_PATH}:/opt/ros/jazzy DEBUGINFOD_URLS=https://debuginfod.ubuntu.com /usr/bin/cmake --install /home/debraj/Documents/MotionPlanning/ros_ws/build/subscriber_package
[23.197s] Level 1:colcon.colcon_core.environment:create_environment_scripts_only(subscriber_package)
[23.198s] DEBUG:colcon.colcon_core.event_handler.log_command:Invoked command in '/home/debraj/Documents/MotionPlanning/ros_ws/build/subscriber_package' returned '0': CMAKE_PREFIX_PATH=${CMAKE_PREFIX_PATH}:/opt/ros/jazzy DEBUGINFOD_URLS=https://debuginfod.ubuntu.com /usr/bin/cmake --install /home/debraj/Documents/MotionPlanning/ros_ws/build/subscriber_package
[23.200s] Level 1:colcon.colcon_core.environment:checking '/home/debraj/Documents/MotionPlanning/ros_ws/install/subscriber_package' for CMake module files
[23.201s] Level 1:colcon.colcon_core.environment:checking '/home/debraj/Documents/MotionPlanning/ros_ws/install/subscriber_package' for CMake config files
[23.201s] Level 1:colcon.colcon_core.shell:create_environment_hook('subscriber_package', 'cmake_prefix_path')
[23.202s] INFO:colcon.colcon_core.shell:Creating environment hook '/home/debraj/Documents/MotionPlanning/ros_ws/install/subscriber_package/share/subscriber_package/hook/cmake_prefix_path.ps1'
[23.203s] INFO:colcon.colcon_core.shell:Creating environment descriptor '/home/debraj/Documents/MotionPlanning/ros_ws/install/subscriber_package/share/subscriber_package/hook/cmake_prefix_path.dsv'
[23.203s] INFO:colcon.colcon_core.shell:Creating environment hook '/home/debraj/Documents/MotionPlanning/ros_ws/install/subscriber_package/share/subscriber_package/hook/cmake_prefix_path.sh'
[23.204s] Level 1:colcon.colcon_core.environment:checking '/home/debraj/Documents/MotionPlanning/ros_ws/install/subscriber_package/lib'
[23.204s] Level 1:colcon.colcon_core.environment:checking '/home/debraj/Documents/MotionPlanning/ros_ws/install/subscriber_package/bin'
[23.204s] Level 1:colcon.colcon_core.environment:checking '/home/debraj/Documents/MotionPlanning/ros_ws/install/subscriber_package/lib/pkgconfig/subscriber_package.pc'
[23.205s] Level 1:colcon.colcon_core.environment:checking '/home/debraj/Documents/MotionPlanning/ros_ws/install/subscriber_package/lib/python3.12/site-packages'
[23.205s] Level 1:colcon.colcon_core.environment:checking '/home/debraj/Documents/MotionPlanning/ros_ws/install/subscriber_package/bin'
[23.205s] INFO:colcon.colcon_core.shell:Creating package script '/home/debraj/Documents/MotionPlanning/ros_ws/install/subscriber_package/share/subscriber_package/package.ps1'
[23.206s] INFO:colcon.colcon_core.shell:Creating package descriptor '/home/debraj/Documents/MotionPlanning/ros_ws/install/subscriber_package/share/subscriber_package/package.dsv'
[23.206s] INFO:colcon.colcon_core.shell:Creating package script '/home/debraj/Documents/MotionPlanning/ros_ws/install/subscriber_package/share/subscriber_package/package.sh'
[23.207s] INFO:colcon.colcon_core.shell:Creating package script '/home/debraj/Documents/MotionPlanning/ros_ws/install/subscriber_package/share/subscriber_package/package.bash'
[23.208s] INFO:colcon.colcon_core.shell:Creating package script '/home/debraj/Documents/MotionPlanning/ros_ws/install/subscriber_package/share/subscriber_package/package.zsh'
[23.209s] Level 1:colcon.colcon_core.environment:create_file_with_runtime_dependencies(/home/debraj/Documents/MotionPlanning/ros_ws/install/subscriber_package/share/colcon-core/packages/subscriber_package)
[23.254s] Level 1:colcon.colcon_core.environment:create_environment_scripts_only(subscriber_package)
[23.254s] Level 1:colcon.colcon_core.environment:checking '/home/debraj/Documents/MotionPlanning/ros_ws/install/subscriber_package' for CMake module files
[23.255s] Level 1:colcon.colcon_core.environment:checking '/home/debraj/Documents/MotionPlanning/ros_ws/install/subscriber_package' for CMake config files
[23.255s] Level 1:colcon.colcon_core.shell:create_environment_hook('subscriber_package', 'cmake_prefix_path')
[23.255s] INFO:colcon.colcon_core.shell:Creating environment hook '/home/debraj/Documents/MotionPlanning/ros_ws/install/subscriber_package/share/subscriber_package/hook/cmake_prefix_path.ps1'
[23.256s] INFO:colcon.colcon_core.shell:Creating environment descriptor '/home/debraj/Documents/MotionPlanning/ros_ws/install/subscriber_package/share/subscriber_package/hook/cmake_prefix_path.dsv'
[23.257s] INFO:colcon.colcon_core.shell:Creating environment hook '/home/debraj/Documents/MotionPlanning/ros_ws/install/subscriber_package/share/subscriber_package/hook/cmake_prefix_path.sh'
[23.259s] Level 1:colcon.colcon_core.environment:checking '/home/debraj/Documents/MotionPlanning/ros_ws/install/subscriber_package/lib'
[23.260s] Level 1:colcon.colcon_core.environment:checking '/home/debraj/Documents/MotionPlanning/ros_ws/install/subscriber_package/bin'
[23.260s] Level 1:colcon.colcon_core.environment:checking '/home/debraj/Documents/MotionPlanning/ros_ws/install/subscriber_package/lib/pkgconfig/subscriber_package.pc'
[23.260s] Level 1:colcon.colcon_core.environment:checking '/home/debraj/Documents/MotionPlanning/ros_ws/install/subscriber_package/lib/python3.12/site-packages'
[23.260s] Level 1:colcon.colcon_core.environment:checking '/home/debraj/Documents/MotionPlanning/ros_ws/install/subscriber_package/bin'
[23.261s] INFO:colcon.colcon_core.shell:Creating package script '/home/debraj/Documents/MotionPlanning/ros_ws/install/subscriber_package/share/subscriber_package/package.ps1'
[23.262s] INFO:colcon.colcon_core.shell:Creating package descriptor '/home/debraj/Documents/MotionPlanning/ros_ws/install/subscriber_package/share/subscriber_package/package.dsv'
[23.263s] INFO:colcon.colcon_core.shell:Creating package script '/home/debraj/Documents/MotionPlanning/ros_ws/install/subscriber_package/share/subscriber_package/package.sh'
[23.264s] INFO:colcon.colcon_core.shell:Creating package script '/home/debraj/Documents/MotionPlanning/ros_ws/install/subscriber_package/share/subscriber_package/package.bash'
[23.265s] INFO:colcon.colcon_core.shell:Creating package script '/home/debraj/Documents/MotionPlanning/ros_ws/install/subscriber_package/share/subscriber_package/package.zsh'
[23.266s] Level 1:colcon.colcon_core.environment:create_file_with_runtime_dependencies(/home/debraj/Documents/MotionPlanning/ros_ws/install/subscriber_package/share/colcon-core/packages/subscriber_package)
[23.266s] DEBUG:colcon.colcon_parallel_executor.executor.parallel:closing loop
[23.266s] DEBUG:colcon.colcon_parallel_executor.executor.parallel:loop closed
[23.267s] DEBUG:colcon.colcon_parallel_executor.executor.parallel:run_until_complete finished with '0'
[23.267s] DEBUG:colcon.colcon_core.event_reactor:joining thread
[23.275s] INFO:colcon.colcon_core.plugin_system:Skipping extension 'colcon_notification.desktop_notification.terminal_notifier': Not used on non-Darwin systems
[23.275s] INFO:colcon.colcon_core.plugin_system:Skipping extension 'colcon_notification.desktop_notification.win32': Not used on non-Windows systems
[23.275s] INFO:colcon.colcon_notification.desktop_notification:Sending desktop notification using 'notify2'
[23.320s] DEBUG:colcon.colcon_core.event_reactor:joined thread
[23.321s] INFO:colcon.colcon_core.shell:Creating prefix script '/home/debraj/Documents/MotionPlanning/ros_ws/install/local_setup.ps1'
[23.323s] INFO:colcon.colcon_core.shell:Creating prefix util module '/home/debraj/Documents/MotionPlanning/ros_ws/install/_local_setup_util_ps1.py'
[23.327s] INFO:colcon.colcon_core.shell:Creating prefix chain script '/home/debraj/Documents/MotionPlanning/ros_ws/install/setup.ps1'
[23.331s] INFO:colcon.colcon_core.shell:Creating prefix script '/home/debraj/Documents/MotionPlanning/ros_ws/install/local_setup.sh'
[23.333s] INFO:colcon.colcon_core.shell:Creating prefix util module '/home/debraj/Documents/MotionPlanning/ros_ws/install/_local_setup_util_sh.py'
[23.334s] INFO:colcon.colcon_core.shell:Creating prefix chain script '/home/debraj/Documents/MotionPlanning/ros_ws/install/setup.sh'
[23.338s] INFO:colcon.colcon_core.shell:Creating prefix script '/home/debraj/Documents/MotionPlanning/ros_ws/install/local_setup.bash'
[23.341s] INFO:colcon.colcon_core.shell:Creating prefix chain script '/home/debraj/Documents/MotionPlanning/ros_ws/install/setup.bash'
[23.349s] INFO:colcon.colcon_core.shell:Creating prefix script '/home/debraj/Documents/MotionPlanning/ros_ws/install/local_setup.zsh'
[23.351s] INFO:colcon.colcon_core.shell:Creating prefix chain script '/home/debraj/Documents/MotionPlanning/ros_ws/install/setup.zsh'
