[0.294s] DEBUG:colcon:Command line arguments: ['/usr/bin/colcon', 'build']
[0.294s] DEBUG:colcon:Parsed command line arguments: Namespace(log_base=None, log_level=None, verb_name='build', build_base='build', install_base='install', merge_install=False, symlink_install=False, test_result_base=None, continue_on_error=False, executor='parallel', parallel_workers=8, event_handlers=None, ignore_user_meta=False, metas=['./colcon.meta'], base_paths=['.'], packages_ignore=None, packages_ignore_regex=None, paths=None, packages_up_to=None, packages_up_to_regex=None, packages_above=None, packages_above_and_dependencies=None, packages_above_depth=None, packages_select_by_dep=None, packages_skip_by_dep=None, packages_skip_up_to=None, packages_select_build_failed=False, packages_skip_build_finished=False, packages_select_test_failures=False, packages_skip_test_passed=False, packages_select=None, packages_skip=None, packages_select_regex=None, packages_skip_regex=None, packages_start=None, packages_end=None, allow_overriding=[], cmake_args=None, cmake_target=None, cmake_target_skip_unavailable=False, cmake_clean_cache=False, cmake_clean_first=False, cmake_force_configure=False, ament_cmake_args=None, catkin_cmake_args=None, catkin_skip_building_tests=False, mixin_files=None, mixin=None, verb_parser=<colcon_mixin.mixin.mixin_argument.MixinArgumentDecorator object at 0x735b06e98110>, verb_extension=<colcon_core.verb.build.BuildVerb object at 0x735b06e6bdd0>, main=<bound method BuildVerb.main of <colcon_core.verb.build.BuildVerb object at 0x735b06e6bdd0>>, mixin_verb=('build',))
[0.398s] Level 1:colcon.colcon_core.package_discovery:discover_packages(colcon_meta) check parameters
[0.399s] Level 1:colcon.colcon_core.package_discovery:discover_packages(recursive) check parameters
[0.399s] Level 1:colcon.colcon_core.package_discovery:discover_packages(ignore) check parameters
[0.399s] Level 1:colcon.colcon_core.package_discovery:discover_packages(path) check parameters
[0.399s] Level 1:colcon.colcon_core.package_discovery:discover_packages(colcon_meta) discover
[0.399s] Level 1:colcon.colcon_core.package_discovery:discover_packages(recursive) discover
[0.399s] INFO:colcon.colcon_core.package_discovery:Crawling recursively for packages in '/home/debraj/Documents/MotionPlanning/ros_ws'
[0.400s] Level 1:colcon.colcon_core.package_identification:_identify(.) by extensions ['ignore', 'ignore_ament_install']
[0.400s] Level 1:colcon.colcon_core.package_identification:_identify(.) by extension 'ignore'
[0.400s] Level 1:colcon.colcon_core.package_identification:_identify(.) by extension 'ignore_ament_install'
[0.400s] Level 1:colcon.colcon_core.package_identification:_identify(.) by extensions ['colcon_pkg']
[0.400s] Level 1:colcon.colcon_core.package_identification:_identify(.) by extension 'colcon_pkg'
[0.400s] Level 1:colcon.colcon_core.package_identification:_identify(.) by extensions ['colcon_meta']
[0.401s] Level 1:colcon.colcon_core.package_identification:_identify(.) by extension 'colcon_meta'
[0.401s] Level 1:colcon.colcon_core.package_identification:_identify(.) by extensions ['ros']
[0.401s] Level 1:colcon.colcon_core.package_identification:_identify(.) by extension 'ros'
[0.472s] Level 1:colcon.colcon_core.package_identification:_identify(.) by extensions ['cmake', 'python']
[0.472s] Level 1:colcon.colcon_core.package_identification:_identify(.) by extension 'cmake'
[0.472s] Level 1:colcon.colcon_core.package_identification:_identify(.) by extension 'python'
[0.473s] Level 1:colcon.colcon_core.package_identification:_identify(.) by extensions ['python_setup_py']
[0.473s] Level 1:colcon.colcon_core.package_identification:_identify(.) by extension 'python_setup_py'
[0.473s] Level 1:colcon.colcon_core.package_identification:_identify(build) by extensions ['ignore', 'ignore_ament_install']
[0.473s] Level 1:colcon.colcon_core.package_identification:_identify(build) by extension 'ignore'
[0.474s] Level 1:colcon.colcon_core.package_identification:_identify(build) ignored
[0.474s] Level 1:colcon.colcon_core.package_identification:_identify(install) by extensions ['ignore', 'ignore_ament_install']
[0.474s] Level 1:colcon.colcon_core.package_identification:_identify(install) by extension 'ignore'
[0.475s] Level 1:colcon.colcon_core.package_identification:_identify(install) ignored
[0.475s] Level 1:colcon.colcon_core.package_identification:_identify(log) by extensions ['ignore', 'ignore_ament_install']
[0.475s] Level 1:colcon.colcon_core.package_identification:_identify(log) by extension 'ignore'
[0.475s] Level 1:colcon.colcon_core.package_identification:_identify(log) ignored
[0.476s] Level 1:colcon.colcon_core.package_identification:_identify(src) by extensions ['ignore', 'ignore_ament_install']
[0.476s] Level 1:colcon.colcon_core.package_identification:_identify(src) by extension 'ignore'
[0.476s] Level 1:colcon.colcon_core.package_identification:_identify(src) by extension 'ignore_ament_install'
[0.476s] Level 1:colcon.colcon_core.package_identification:_identify(src) by extensions ['colcon_pkg']
[0.476s] Level 1:colcon.colcon_core.package_identification:_identify(src) by extension 'colcon_pkg'
[0.477s] Level 1:colcon.colcon_core.package_identification:_identify(src) by extensions ['colcon_meta']
[0.477s] Level 1:colcon.colcon_core.package_identification:_identify(src) by extension 'colcon_meta'
[0.477s] Level 1:colcon.colcon_core.package_identification:_identify(src) by extensions ['ros']
[0.477s] Level 1:colcon.colcon_core.package_identification:_identify(src) by extension 'ros'
[0.477s] Level 1:colcon.colcon_core.package_identification:_identify(src) by extensions ['cmake', 'python']
[0.477s] Level 1:colcon.colcon_core.package_identification:_identify(src) by extension 'cmake'
[0.477s] Level 1:colcon.colcon_core.package_identification:_identify(src) by extension 'python'
[0.478s] Level 1:colcon.colcon_core.package_identification:_identify(src) by extensions ['python_setup_py']
[0.478s] Level 1:colcon.colcon_core.package_identification:_identify(src) by extension 'python_setup_py'
[0.478s] Level 1:colcon.colcon_core.package_identification:_identify(src/subscriber_package) by extensions ['ignore', 'ignore_ament_install']
[0.478s] Level 1:colcon.colcon_core.package_identification:_identify(src/subscriber_package) by extension 'ignore'
[0.478s] Level 1:colcon.colcon_core.package_identification:_identify(src/subscriber_package) by extension 'ignore_ament_install'
[0.479s] Level 1:colcon.colcon_core.package_identification:_identify(src/subscriber_package) by extensions ['colcon_pkg']
[0.479s] Level 1:colcon.colcon_core.package_identification:_identify(src/subscriber_package) by extension 'colcon_pkg'
[0.479s] Level 1:colcon.colcon_core.package_identification:_identify(src/subscriber_package) by extensions ['colcon_meta']
[0.479s] Level 1:colcon.colcon_core.package_identification:_identify(src/subscriber_package) by extension 'colcon_meta'
[0.479s] Level 1:colcon.colcon_core.package_identification:_identify(src/subscriber_package) by extensions ['ros']
[0.479s] Level 1:colcon.colcon_core.package_identification:_identify(src/subscriber_package) by extension 'ros'
[0.485s] DEBUG:colcon.colcon_core.package_identification:Package 'src/subscriber_package' with type 'ros.ament_cmake' and name 'subscriber_package'
[0.486s] Level 1:colcon.colcon_core.package_discovery:discover_packages(recursive) using defaults
[0.486s] Level 1:colcon.colcon_core.package_discovery:discover_packages(ignore) discover
[0.486s] Level 1:colcon.colcon_core.package_discovery:discover_packages(ignore) using defaults
[0.486s] Level 1:colcon.colcon_core.package_discovery:discover_packages(path) discover
[0.486s] Level 1:colcon.colcon_core.package_discovery:discover_packages(path) using defaults
[0.531s] Level 1:colcon.colcon_core.package_discovery:discover_packages(prefix_path) check parameters
[0.532s] Level 1:colcon.colcon_core.package_discovery:discover_packages(prefix_path) discover
[0.536s] DEBUG:colcon.colcon_installed_package_information.package_discovery:Found 1 installed packages in /home/debraj/Documents/MotionPlanning/ros_ws/install
[0.541s] DEBUG:colcon.colcon_installed_package_information.package_discovery:Found 318 installed packages in /opt/ros/jazzy
[0.545s] Level 1:colcon.colcon_core.package_discovery:discover_packages(prefix_path) using defaults
[0.666s] Level 5:colcon.colcon_core.verb:set package 'subscriber_package' build argument 'cmake_args' from command line to 'None'
[0.667s] Level 5:colcon.colcon_core.verb:set package 'subscriber_package' build argument 'cmake_target' from command line to 'None'
[0.667s] Level 5:colcon.colcon_core.verb:set package 'subscriber_package' build argument 'cmake_target_skip_unavailable' from command line to 'False'
[0.667s] Level 5:colcon.colcon_core.verb:set package 'subscriber_package' build argument 'cmake_clean_cache' from command line to 'False'
[0.667s] Level 5:colcon.colcon_core.verb:set package 'subscriber_package' build argument 'cmake_clean_first' from command line to 'False'
[0.667s] Level 5:colcon.colcon_core.verb:set package 'subscriber_package' build argument 'cmake_force_configure' from command line to 'False'
[0.667s] Level 5:colcon.colcon_core.verb:set package 'subscriber_package' build argument 'ament_cmake_args' from command line to 'None'
[0.667s] Level 5:colcon.colcon_core.verb:set package 'subscriber_package' build argument 'catkin_cmake_args' from command line to 'None'
[0.667s] Level 5:colcon.colcon_core.verb:set package 'subscriber_package' build argument 'catkin_skip_building_tests' from command line to 'False'
[0.667s] DEBUG:colcon.colcon_core.verb:Building package 'subscriber_package' with the following arguments: {'ament_cmake_args': None, 'build_base': '/home/debraj/Documents/MotionPlanning/ros_ws/build/subscriber_package', 'catkin_cmake_args': None, 'catkin_skip_building_tests': False, 'cmake_args': None, 'cmake_clean_cache': False, 'cmake_clean_first': False, 'cmake_force_configure': False, 'cmake_target': None, 'cmake_target_skip_unavailable': False, 'install_base': '/home/debraj/Documents/MotionPlanning/ros_ws/install/subscriber_package', 'merge_install': False, 'path': '/home/debraj/Documents/MotionPlanning/ros_ws/src/subscriber_package', 'symlink_install': False, 'test_result_base': None}
[0.668s] INFO:colcon.colcon_core.executor:Executing jobs using 'parallel' executor
[0.670s] DEBUG:colcon.colcon_parallel_executor.executor.parallel:run_until_complete
[0.671s] INFO:colcon.colcon_ros.task.ament_cmake.build:Building ROS package in '/home/debraj/Documents/MotionPlanning/ros_ws/src/subscriber_package' with build type 'ament_cmake'
[0.671s] INFO:colcon.colcon_cmake.task.cmake.build:Building CMake package in '/home/debraj/Documents/MotionPlanning/ros_ws/src/subscriber_package'
[0.677s] INFO:colcon.colcon_core.plugin_system:Skipping extension 'colcon_core.shell.bat': Not used on non-Windows systems
[0.677s] INFO:colcon.colcon_core.shell:Skip shell extension 'powershell' for command environment: Not usable outside of PowerShell
[0.677s] DEBUG:colcon.colcon_core.shell:Skip shell extension 'dsv' for command environment
[0.709s] DEBUG:colcon.colcon_core.event_handler.log_command:Invoking command in '/home/debraj/Documents/MotionPlanning/ros_ws/build/subscriber_package': CMAKE_PREFIX_PATH=${CMAKE_PREFIX_PATH}:/opt/ros/jazzy DEBUGINFOD_URLS=https://debuginfod.ubuntu.com /usr/bin/cmake --build /home/debraj/Documents/MotionPlanning/ros_ws/build/subscriber_package -- -j8 -l8
[29.283s] DEBUG:colcon.colcon_core.event_handler.log_command:Invoked command in '/home/debraj/Documents/MotionPlanning/ros_ws/build/subscriber_package' returned '0': CMAKE_PREFIX_PATH=${CMAKE_PREFIX_PATH}:/opt/ros/jazzy DEBUGINFOD_URLS=https://debuginfod.ubuntu.com /usr/bin/cmake --build /home/debraj/Documents/MotionPlanning/ros_ws/build/subscriber_package -- -j8 -l8
[29.345s] DEBUG:colcon.colcon_core.event_handler.log_command:Invoking command in '/home/debraj/Documents/MotionPlanning/ros_ws/build/subscriber_package': CMAKE_PREFIX_PATH=${CMAKE_PREFIX_PATH}:/opt/ros/jazzy DEBUGINFOD_URLS=https://debuginfod.ubuntu.com /usr/bin/cmake --install /home/debraj/Documents/MotionPlanning/ros_ws/build/subscriber_package
[29.388s] Level 1:colcon.colcon_core.environment:create_environment_scripts_only(subscriber_package)
[29.389s] DEBUG:colcon.colcon_core.event_handler.log_command:Invoked command in '/home/debraj/Documents/MotionPlanning/ros_ws/build/subscriber_package' returned '0': CMAKE_PREFIX_PATH=${CMAKE_PREFIX_PATH}:/opt/ros/jazzy DEBUGINFOD_URLS=https://debuginfod.ubuntu.com /usr/bin/cmake --install /home/debraj/Documents/MotionPlanning/ros_ws/build/subscriber_package
[29.393s] Level 1:colcon.colcon_core.environment:checking '/home/debraj/Documents/MotionPlanning/ros_ws/install/subscriber_package' for CMake module files
[29.394s] Level 1:colcon.colcon_core.environment:checking '/home/debraj/Documents/MotionPlanning/ros_ws/install/subscriber_package' for CMake config files
[29.394s] Level 1:colcon.colcon_core.shell:create_environment_hook('subscriber_package', 'cmake_prefix_path')
[29.394s] INFO:colcon.colcon_core.shell:Creating environment hook '/home/debraj/Documents/MotionPlanning/ros_ws/install/subscriber_package/share/subscriber_package/hook/cmake_prefix_path.ps1'
[29.396s] INFO:colcon.colcon_core.shell:Creating environment descriptor '/home/debraj/Documents/MotionPlanning/ros_ws/install/subscriber_package/share/subscriber_package/hook/cmake_prefix_path.dsv'
[29.396s] INFO:colcon.colcon_core.shell:Creating environment hook '/home/debraj/Documents/MotionPlanning/ros_ws/install/subscriber_package/share/subscriber_package/hook/cmake_prefix_path.sh'
[29.397s] Level 1:colcon.colcon_core.environment:checking '/home/debraj/Documents/MotionPlanning/ros_ws/install/subscriber_package/lib'
[29.397s] Level 1:colcon.colcon_core.environment:checking '/home/debraj/Documents/MotionPlanning/ros_ws/install/subscriber_package/bin'
[29.397s] Level 1:colcon.colcon_core.environment:checking '/home/debraj/Documents/MotionPlanning/ros_ws/install/subscriber_package/lib/pkgconfig/subscriber_package.pc'
[29.397s] Level 1:colcon.colcon_core.environment:checking '/home/debraj/Documents/MotionPlanning/ros_ws/install/subscriber_package/lib/python3.12/site-packages'
[29.397s] Level 1:colcon.colcon_core.environment:checking '/home/debraj/Documents/MotionPlanning/ros_ws/install/subscriber_package/bin'
[29.398s] INFO:colcon.colcon_core.shell:Creating package script '/home/debraj/Documents/MotionPlanning/ros_ws/install/subscriber_package/share/subscriber_package/package.ps1'
[29.398s] INFO:colcon.colcon_core.shell:Creating package descriptor '/home/debraj/Documents/MotionPlanning/ros_ws/install/subscriber_package/share/subscriber_package/package.dsv'
[29.399s] INFO:colcon.colcon_core.shell:Creating package script '/home/debraj/Documents/MotionPlanning/ros_ws/install/subscriber_package/share/subscriber_package/package.sh'
[29.400s] INFO:colcon.colcon_core.shell:Creating package script '/home/debraj/Documents/MotionPlanning/ros_ws/install/subscriber_package/share/subscriber_package/package.bash'
[29.401s] INFO:colcon.colcon_core.shell:Creating package script '/home/debraj/Documents/MotionPlanning/ros_ws/install/subscriber_package/share/subscriber_package/package.zsh'
[29.401s] Level 1:colcon.colcon_core.environment:create_file_with_runtime_dependencies(/home/debraj/Documents/MotionPlanning/ros_ws/install/subscriber_package/share/colcon-core/packages/subscriber_package)
[29.442s] Level 1:colcon.colcon_core.environment:create_environment_scripts_only(subscriber_package)
[29.442s] Level 1:colcon.colcon_core.environment:checking '/home/debraj/Documents/MotionPlanning/ros_ws/install/subscriber_package' for CMake module files
[29.443s] Level 1:colcon.colcon_core.environment:checking '/home/debraj/Documents/MotionPlanning/ros_ws/install/subscriber_package' for CMake config files
[29.443s] Level 1:colcon.colcon_core.shell:create_environment_hook('subscriber_package', 'cmake_prefix_path')
[29.443s] INFO:colcon.colcon_core.shell:Creating environment hook '/home/debraj/Documents/MotionPlanning/ros_ws/install/subscriber_package/share/subscriber_package/hook/cmake_prefix_path.ps1'
[29.444s] INFO:colcon.colcon_core.shell:Creating environment descriptor '/home/debraj/Documents/MotionPlanning/ros_ws/install/subscriber_package/share/subscriber_package/hook/cmake_prefix_path.dsv'
[29.444s] INFO:colcon.colcon_core.shell:Creating environment hook '/home/debraj/Documents/MotionPlanning/ros_ws/install/subscriber_package/share/subscriber_package/hook/cmake_prefix_path.sh'
[29.445s] Level 1:colcon.colcon_core.environment:checking '/home/debraj/Documents/MotionPlanning/ros_ws/install/subscriber_package/lib'
[29.445s] Level 1:colcon.colcon_core.environment:checking '/home/debraj/Documents/MotionPlanning/ros_ws/install/subscriber_package/bin'
[29.445s] Level 1:colcon.colcon_core.environment:checking '/home/debraj/Documents/MotionPlanning/ros_ws/install/subscriber_package/lib/pkgconfig/subscriber_package.pc'
[29.445s] Level 1:colcon.colcon_core.environment:checking '/home/debraj/Documents/MotionPlanning/ros_ws/install/subscriber_package/lib/python3.12/site-packages'
[29.445s] Level 1:colcon.colcon_core.environment:checking '/home/debraj/Documents/MotionPlanning/ros_ws/install/subscriber_package/bin'
[29.446s] INFO:colcon.colcon_core.shell:Creating package script '/home/debraj/Documents/MotionPlanning/ros_ws/install/subscriber_package/share/subscriber_package/package.ps1'
[29.446s] INFO:colcon.colcon_core.shell:Creating package descriptor '/home/debraj/Documents/MotionPlanning/ros_ws/install/subscriber_package/share/subscriber_package/package.dsv'
[29.447s] INFO:colcon.colcon_core.shell:Creating package script '/home/debraj/Documents/MotionPlanning/ros_ws/install/subscriber_package/share/subscriber_package/package.sh'
[29.447s] INFO:colcon.colcon_core.shell:Creating package script '/home/debraj/Documents/MotionPlanning/ros_ws/install/subscriber_package/share/subscriber_package/package.bash'
[29.448s] INFO:colcon.colcon_core.shell:Creating package script '/home/debraj/Documents/MotionPlanning/ros_ws/install/subscriber_package/share/subscriber_package/package.zsh'
[29.449s] Level 1:colcon.colcon_core.environment:create_file_with_runtime_dependencies(/home/debraj/Documents/MotionPlanning/ros_ws/install/subscriber_package/share/colcon-core/packages/subscriber_package)
[29.449s] DEBUG:colcon.colcon_parallel_executor.executor.parallel:closing loop
[29.450s] DEBUG:colcon.colcon_parallel_executor.executor.parallel:loop closed
[29.450s] DEBUG:colcon.colcon_parallel_executor.executor.parallel:run_until_complete finished with '0'
[29.450s] DEBUG:colcon.colcon_core.event_reactor:joining thread
[29.458s] INFO:colcon.colcon_core.plugin_system:Skipping extension 'colcon_notification.desktop_notification.terminal_notifier': Not used on non-Darwin systems
[29.458s] INFO:colcon.colcon_core.plugin_system:Skipping extension 'colcon_notification.desktop_notification.win32': Not used on non-Windows systems
[29.458s] INFO:colcon.colcon_notification.desktop_notification:Sending desktop notification using 'notify2'
[29.479s] DEBUG:colcon.colcon_core.event_reactor:joined thread
[29.480s] INFO:colcon.colcon_core.shell:Creating prefix script '/home/debraj/Documents/MotionPlanning/ros_ws/install/local_setup.ps1'
[29.482s] INFO:colcon.colcon_core.shell:Creating prefix util module '/home/debraj/Documents/MotionPlanning/ros_ws/install/_local_setup_util_ps1.py'
[29.483s] INFO:colcon.colcon_core.shell:Creating prefix chain script '/home/debraj/Documents/MotionPlanning/ros_ws/install/setup.ps1'
[29.485s] INFO:colcon.colcon_core.shell:Creating prefix script '/home/debraj/Documents/MotionPlanning/ros_ws/install/local_setup.sh'
[29.486s] INFO:colcon.colcon_core.shell:Creating prefix util module '/home/debraj/Documents/MotionPlanning/ros_ws/install/_local_setup_util_sh.py'
[29.487s] INFO:colcon.colcon_core.shell:Creating prefix chain script '/home/debraj/Documents/MotionPlanning/ros_ws/install/setup.sh'
[29.489s] INFO:colcon.colcon_core.shell:Creating prefix script '/home/debraj/Documents/MotionPlanning/ros_ws/install/local_setup.bash'
[29.489s] INFO:colcon.colcon_core.shell:Creating prefix chain script '/home/debraj/Documents/MotionPlanning/ros_ws/install/setup.bash'
[29.491s] INFO:colcon.colcon_core.shell:Creating prefix script '/home/debraj/Documents/MotionPlanning/ros_ws/install/local_setup.zsh'
[29.493s] INFO:colcon.colcon_core.shell:Creating prefix chain script '/home/debraj/Documents/MotionPlanning/ros_ws/install/setup.zsh'
