[0.190s] DEBUG:colcon:Command line arguments: ['/usr/bin/colcon', 'build']
[0.191s] DEBUG:colcon:Parsed command line arguments: Namespace(log_base=None, log_level=None, verb_name='build', build_base='build', install_base='install', merge_install=False, symlink_install=False, test_result_base=None, continue_on_error=False, executor='parallel', parallel_workers=8, event_handlers=None, ignore_user_meta=False, metas=['./colcon.meta'], base_paths=['.'], packages_ignore=None, packages_ignore_regex=None, paths=None, packages_up_to=None, packages_up_to_regex=None, packages_above=None, packages_above_and_dependencies=None, packages_above_depth=None, packages_select_by_dep=None, packages_skip_by_dep=None, packages_skip_up_to=None, packages_select_build_failed=False, packages_skip_build_finished=False, packages_select_test_failures=False, packages_skip_test_passed=False, packages_select=None, packages_skip=None, packages_select_regex=None, packages_skip_regex=None, packages_start=None, packages_end=None, allow_overriding=[], cmake_args=None, cmake_target=None, cmake_target_skip_unavailable=False, cmake_clean_cache=False, cmake_clean_first=False, cmake_force_configure=False, ament_cmake_args=None, catkin_cmake_args=None, catkin_skip_building_tests=False, mixin_files=None, mixin=None, verb_parser=<colcon_mixin.mixin.mixin_argument.MixinArgumentDecorator object at 0x77dedc881430>, verb_extension=<colcon_core.verb.build.BuildVerb object at 0x77dedc880bc0>, main=<bound method BuildVerb.main of <colcon_core.verb.build.BuildVerb object at 0x77dedc880bc0>>, mixin_verb=('build',))
[0.258s] Level 1:colcon.colcon_core.package_discovery:discover_packages(colcon_meta) check parameters
[0.258s] Level 1:colcon.colcon_core.package_discovery:discover_packages(recursive) check parameters
[0.258s] Level 1:colcon.colcon_core.package_discovery:discover_packages(ignore) check parameters
[0.258s] Level 1:colcon.colcon_core.package_discovery:discover_packages(path) check parameters
[0.258s] Level 1:colcon.colcon_core.package_discovery:discover_packages(colcon_meta) discover
[0.259s] Level 1:colcon.colcon_core.package_discovery:discover_packages(recursive) discover
[0.259s] INFO:colcon.colcon_core.package_discovery:Crawling recursively for packages in '/home/debraj/Documents/MotionPlanning/ros_ws'
[0.259s] Level 1:colcon.colcon_core.package_identification:_identify(.) by extensions ['ignore', 'ignore_ament_install']
[0.259s] Level 1:colcon.colcon_core.package_identification:_identify(.) by extension 'ignore'
[0.260s] Level 1:colcon.colcon_core.package_identification:_identify(.) by extension 'ignore_ament_install'
[0.260s] Level 1:colcon.colcon_core.package_identification:_identify(.) by extensions ['colcon_pkg']
[0.260s] Level 1:colcon.colcon_core.package_identification:_identify(.) by extension 'colcon_pkg'
[0.260s] Level 1:colcon.colcon_core.package_identification:_identify(.) by extensions ['colcon_meta']
[0.260s] Level 1:colcon.colcon_core.package_identification:_identify(.) by extension 'colcon_meta'
[0.260s] Level 1:colcon.colcon_core.package_identification:_identify(.) by extensions ['ros']
[0.260s] Level 1:colcon.colcon_core.package_identification:_identify(.) by extension 'ros'
[0.308s] Level 1:colcon.colcon_core.package_identification:_identify(.) by extensions ['cmake', 'python']
[0.308s] Level 1:colcon.colcon_core.package_identification:_identify(.) by extension 'cmake'
[0.308s] Level 1:colcon.colcon_core.package_identification:_identify(.) by extension 'python'
[0.309s] Level 1:colcon.colcon_core.package_identification:_identify(.) by extensions ['python_setup_py']
[0.309s] Level 1:colcon.colcon_core.package_identification:_identify(.) by extension 'python_setup_py'
[0.309s] Level 1:colcon.colcon_core.package_identification:_identify(build) by extensions ['ignore', 'ignore_ament_install']
[0.309s] Level 1:colcon.colcon_core.package_identification:_identify(build) by extension 'ignore'
[0.309s] Level 1:colcon.colcon_core.package_identification:_identify(build) ignored
[0.310s] Level 1:colcon.colcon_core.package_identification:_identify(install) by extensions ['ignore', 'ignore_ament_install']
[0.310s] Level 1:colcon.colcon_core.package_identification:_identify(install) by extension 'ignore'
[0.310s] Level 1:colcon.colcon_core.package_identification:_identify(install) ignored
[0.310s] Level 1:colcon.colcon_core.package_identification:_identify(log) by extensions ['ignore', 'ignore_ament_install']
[0.310s] Level 1:colcon.colcon_core.package_identification:_identify(log) by extension 'ignore'
[0.310s] Level 1:colcon.colcon_core.package_identification:_identify(log) ignored
[0.310s] Level 1:colcon.colcon_core.package_identification:_identify(src) by extensions ['ignore', 'ignore_ament_install']
[0.310s] Level 1:colcon.colcon_core.package_identification:_identify(src) by extension 'ignore'
[0.310s] Level 1:colcon.colcon_core.package_identification:_identify(src) by extension 'ignore_ament_install'
[0.311s] Level 1:colcon.colcon_core.package_identification:_identify(src) by extensions ['colcon_pkg']
[0.311s] Level 1:colcon.colcon_core.package_identification:_identify(src) by extension 'colcon_pkg'
[0.311s] Level 1:colcon.colcon_core.package_identification:_identify(src) by extensions ['colcon_meta']
[0.311s] Level 1:colcon.colcon_core.package_identification:_identify(src) by extension 'colcon_meta'
[0.311s] Level 1:colcon.colcon_core.package_identification:_identify(src) by extensions ['ros']
[0.311s] Level 1:colcon.colcon_core.package_identification:_identify(src) by extension 'ros'
[0.311s] Level 1:colcon.colcon_core.package_identification:_identify(src) by extensions ['cmake', 'python']
[0.311s] Level 1:colcon.colcon_core.package_identification:_identify(src) by extension 'cmake'
[0.311s] Level 1:colcon.colcon_core.package_identification:_identify(src) by extension 'python'
[0.311s] Level 1:colcon.colcon_core.package_identification:_identify(src) by extensions ['python_setup_py']
[0.311s] Level 1:colcon.colcon_core.package_identification:_identify(src) by extension 'python_setup_py'
[0.311s] Level 1:colcon.colcon_core.package_identification:_identify(src/subscriber_package) by extensions ['ignore', 'ignore_ament_install']
[0.311s] Level 1:colcon.colcon_core.package_identification:_identify(src/subscriber_package) by extension 'ignore'
[0.312s] Level 1:colcon.colcon_core.package_identification:_identify(src/subscriber_package) by extension 'ignore_ament_install'
[0.312s] Level 1:colcon.colcon_core.package_identification:_identify(src/subscriber_package) by extensions ['colcon_pkg']
[0.312s] Level 1:colcon.colcon_core.package_identification:_identify(src/subscriber_package) by extension 'colcon_pkg'
[0.312s] Level 1:colcon.colcon_core.package_identification:_identify(src/subscriber_package) by extensions ['colcon_meta']
[0.312s] Level 1:colcon.colcon_core.package_identification:_identify(src/subscriber_package) by extension 'colcon_meta'
[0.312s] Level 1:colcon.colcon_core.package_identification:_identify(src/subscriber_package) by extensions ['ros']
[0.312s] Level 1:colcon.colcon_core.package_identification:_identify(src/subscriber_package) by extension 'ros'
[0.315s] DEBUG:colcon.colcon_core.package_identification:Package 'src/subscriber_package' with type 'ros.ament_cmake' and name 'subscriber_package'
[0.315s] Level 1:colcon.colcon_core.package_discovery:discover_packages(recursive) using defaults
[0.315s] Level 1:colcon.colcon_core.package_discovery:discover_packages(ignore) discover
[0.315s] Level 1:colcon.colcon_core.package_discovery:discover_packages(ignore) using defaults
[0.315s] Level 1:colcon.colcon_core.package_discovery:discover_packages(path) discover
[0.315s] Level 1:colcon.colcon_core.package_discovery:discover_packages(path) using defaults
[0.349s] Level 1:colcon.colcon_core.package_discovery:discover_packages(prefix_path) check parameters
[0.349s] Level 1:colcon.colcon_core.package_discovery:discover_packages(prefix_path) discover
[0.351s] DEBUG:colcon.colcon_installed_package_information.package_discovery:Found 1 installed packages in /home/debraj/Documents/MotionPlanning/ros_ws/install
[0.355s] DEBUG:colcon.colcon_installed_package_information.package_discovery:Found 378 installed packages in /opt/ros/jazzy
[0.359s] Level 1:colcon.colcon_core.package_discovery:discover_packages(prefix_path) using defaults
[0.446s] Level 5:colcon.colcon_core.verb:set package 'subscriber_package' build argument 'cmake_args' from command line to 'None'
[0.446s] Level 5:colcon.colcon_core.verb:set package 'subscriber_package' build argument 'cmake_target' from command line to 'None'
[0.446s] Level 5:colcon.colcon_core.verb:set package 'subscriber_package' build argument 'cmake_target_skip_unavailable' from command line to 'False'
[0.446s] Level 5:colcon.colcon_core.verb:set package 'subscriber_package' build argument 'cmake_clean_cache' from command line to 'False'
[0.447s] Level 5:colcon.colcon_core.verb:set package 'subscriber_package' build argument 'cmake_clean_first' from command line to 'False'
[0.447s] Level 5:colcon.colcon_core.verb:set package 'subscriber_package' build argument 'cmake_force_configure' from command line to 'False'
[0.447s] Level 5:colcon.colcon_core.verb:set package 'subscriber_package' build argument 'ament_cmake_args' from command line to 'None'
[0.447s] Level 5:colcon.colcon_core.verb:set package 'subscriber_package' build argument 'catkin_cmake_args' from command line to 'None'
[0.447s] Level 5:colcon.colcon_core.verb:set package 'subscriber_package' build argument 'catkin_skip_building_tests' from command line to 'False'
[0.447s] DEBUG:colcon.colcon_core.verb:Building package 'subscriber_package' with the following arguments: {'ament_cmake_args': None, 'build_base': '/home/debraj/Documents/MotionPlanning/ros_ws/build/subscriber_package', 'catkin_cmake_args': None, 'catkin_skip_building_tests': False, 'cmake_args': None, 'cmake_clean_cache': False, 'cmake_clean_first': False, 'cmake_force_configure': False, 'cmake_target': None, 'cmake_target_skip_unavailable': False, 'install_base': '/home/debraj/Documents/MotionPlanning/ros_ws/install/subscriber_package', 'merge_install': False, 'path': '/home/debraj/Documents/MotionPlanning/ros_ws/src/subscriber_package', 'symlink_install': False, 'test_result_base': None}
[0.447s] INFO:colcon.colcon_core.executor:Executing jobs using 'parallel' executor
[0.449s] DEBUG:colcon.colcon_parallel_executor.executor.parallel:run_until_complete
[0.450s] INFO:colcon.colcon_ros.task.ament_cmake.build:Building ROS package in '/home/debraj/Documents/MotionPlanning/ros_ws/src/subscriber_package' with build type 'ament_cmake'
[0.450s] INFO:colcon.colcon_cmake.task.cmake.build:Building CMake package in '/home/debraj/Documents/MotionPlanning/ros_ws/src/subscriber_package'
[0.456s] INFO:colcon.colcon_core.plugin_system:Skipping extension 'colcon_core.shell.bat': Not used on non-Windows systems
[0.457s] INFO:colcon.colcon_core.shell:Skip shell extension 'powershell' for command environment: Not usable outside of PowerShell
[0.457s] DEBUG:colcon.colcon_core.shell:Skip shell extension 'dsv' for command environment
[0.483s] DEBUG:colcon.colcon_core.event_handler.log_command:Invoking command in '/home/debraj/Documents/MotionPlanning/ros_ws/build/subscriber_package': CMAKE_PREFIX_PATH=${CMAKE_PREFIX_PATH}:/opt/ros/jazzy DEBUGINFOD_URLS=https://debuginfod.ubuntu.com /usr/bin/cmake --build /home/debraj/Documents/MotionPlanning/ros_ws/build/subscriber_package -- -j8 -l8
[35.665s] DEBUG:colcon.colcon_core.event_handler.log_command:Invoked command in '/home/debraj/Documents/MotionPlanning/ros_ws/build/subscriber_package' returned '0': CMAKE_PREFIX_PATH=${CMAKE_PREFIX_PATH}:/opt/ros/jazzy DEBUGINFOD_URLS=https://debuginfod.ubuntu.com /usr/bin/cmake --build /home/debraj/Documents/MotionPlanning/ros_ws/build/subscriber_package -- -j8 -l8
[35.772s] DEBUG:colcon.colcon_core.event_handler.log_command:Invoking command in '/home/debraj/Documents/MotionPlanning/ros_ws/build/subscriber_package': CMAKE_PREFIX_PATH=${CMAKE_PREFIX_PATH}:/opt/ros/jazzy DEBUGINFOD_URLS=https://debuginfod.ubuntu.com /usr/bin/cmake --install /home/debraj/Documents/MotionPlanning/ros_ws/build/subscriber_package
[35.813s] Level 1:colcon.colcon_core.environment:create_environment_scripts_only(subscriber_package)
[35.814s] DEBUG:colcon.colcon_core.event_handler.log_command:Invoked command in '/home/debraj/Documents/MotionPlanning/ros_ws/build/subscriber_package' returned '0': CMAKE_PREFIX_PATH=${CMAKE_PREFIX_PATH}:/opt/ros/jazzy DEBUGINFOD_URLS=https://debuginfod.ubuntu.com /usr/bin/cmake --install /home/debraj/Documents/MotionPlanning/ros_ws/build/subscriber_package
[35.817s] Level 1:colcon.colcon_core.environment:checking '/home/debraj/Documents/MotionPlanning/ros_ws/install/subscriber_package' for CMake module files
[35.818s] Level 1:colcon.colcon_core.environment:checking '/home/debraj/Documents/MotionPlanning/ros_ws/install/subscriber_package' for CMake config files
[35.818s] Level 1:colcon.colcon_core.shell:create_environment_hook('subscriber_package', 'cmake_prefix_path')
[35.819s] INFO:colcon.colcon_core.shell:Creating environment hook '/home/debraj/Documents/MotionPlanning/ros_ws/install/subscriber_package/share/subscriber_package/hook/cmake_prefix_path.ps1'
[35.820s] INFO:colcon.colcon_core.shell:Creating environment descriptor '/home/debraj/Documents/MotionPlanning/ros_ws/install/subscriber_package/share/subscriber_package/hook/cmake_prefix_path.dsv'
[35.821s] INFO:colcon.colcon_core.shell:Creating environment hook '/home/debraj/Documents/MotionPlanning/ros_ws/install/subscriber_package/share/subscriber_package/hook/cmake_prefix_path.sh'
[35.822s] Level 1:colcon.colcon_core.environment:checking '/home/debraj/Documents/MotionPlanning/ros_ws/install/subscriber_package/lib'
[35.823s] Level 1:colcon.colcon_core.environment:checking '/home/debraj/Documents/MotionPlanning/ros_ws/install/subscriber_package/bin'
[35.823s] Level 1:colcon.colcon_core.environment:checking '/home/debraj/Documents/MotionPlanning/ros_ws/install/subscriber_package/lib/pkgconfig/subscriber_package.pc'
[35.823s] Level 1:colcon.colcon_core.environment:checking '/home/debraj/Documents/MotionPlanning/ros_ws/install/subscriber_package/lib/python3.12/site-packages'
[35.823s] Level 1:colcon.colcon_core.environment:checking '/home/debraj/Documents/MotionPlanning/ros_ws/install/subscriber_package/bin'
[35.823s] INFO:colcon.colcon_core.shell:Creating package script '/home/debraj/Documents/MotionPlanning/ros_ws/install/subscriber_package/share/subscriber_package/package.ps1'
[35.825s] INFO:colcon.colcon_core.shell:Creating package descriptor '/home/debraj/Documents/MotionPlanning/ros_ws/install/subscriber_package/share/subscriber_package/package.dsv'
[35.825s] INFO:colcon.colcon_core.shell:Creating package script '/home/debraj/Documents/MotionPlanning/ros_ws/install/subscriber_package/share/subscriber_package/package.sh'
[35.826s] INFO:colcon.colcon_core.shell:Creating package script '/home/debraj/Documents/MotionPlanning/ros_ws/install/subscriber_package/share/subscriber_package/package.bash'
[35.827s] INFO:colcon.colcon_core.shell:Creating package script '/home/debraj/Documents/MotionPlanning/ros_ws/install/subscriber_package/share/subscriber_package/package.zsh'
[35.827s] Level 1:colcon.colcon_core.environment:create_file_with_runtime_dependencies(/home/debraj/Documents/MotionPlanning/ros_ws/install/subscriber_package/share/colcon-core/packages/subscriber_package)
[35.904s] Level 1:colcon.colcon_core.environment:create_environment_scripts_only(subscriber_package)
[35.905s] Level 1:colcon.colcon_core.environment:checking '/home/debraj/Documents/MotionPlanning/ros_ws/install/subscriber_package' for CMake module files
[35.906s] Level 1:colcon.colcon_core.environment:checking '/home/debraj/Documents/MotionPlanning/ros_ws/install/subscriber_package' for CMake config files
[35.906s] Level 1:colcon.colcon_core.shell:create_environment_hook('subscriber_package', 'cmake_prefix_path')
[35.906s] INFO:colcon.colcon_core.shell:Creating environment hook '/home/debraj/Documents/MotionPlanning/ros_ws/install/subscriber_package/share/subscriber_package/hook/cmake_prefix_path.ps1'
[35.907s] INFO:colcon.colcon_core.shell:Creating environment descriptor '/home/debraj/Documents/MotionPlanning/ros_ws/install/subscriber_package/share/subscriber_package/hook/cmake_prefix_path.dsv'
[35.908s] INFO:colcon.colcon_core.shell:Creating environment hook '/home/debraj/Documents/MotionPlanning/ros_ws/install/subscriber_package/share/subscriber_package/hook/cmake_prefix_path.sh'
[35.909s] Level 1:colcon.colcon_core.environment:checking '/home/debraj/Documents/MotionPlanning/ros_ws/install/subscriber_package/lib'
[35.909s] Level 1:colcon.colcon_core.environment:checking '/home/debraj/Documents/MotionPlanning/ros_ws/install/subscriber_package/bin'
[35.909s] Level 1:colcon.colcon_core.environment:checking '/home/debraj/Documents/MotionPlanning/ros_ws/install/subscriber_package/lib/pkgconfig/subscriber_package.pc'
[35.909s] Level 1:colcon.colcon_core.environment:checking '/home/debraj/Documents/MotionPlanning/ros_ws/install/subscriber_package/lib/python3.12/site-packages'
[35.910s] Level 1:colcon.colcon_core.environment:checking '/home/debraj/Documents/MotionPlanning/ros_ws/install/subscriber_package/bin'
[35.910s] INFO:colcon.colcon_core.shell:Creating package script '/home/debraj/Documents/MotionPlanning/ros_ws/install/subscriber_package/share/subscriber_package/package.ps1'
[35.912s] INFO:colcon.colcon_core.shell:Creating package descriptor '/home/debraj/Documents/MotionPlanning/ros_ws/install/subscriber_package/share/subscriber_package/package.dsv'
[35.913s] INFO:colcon.colcon_core.shell:Creating package script '/home/debraj/Documents/MotionPlanning/ros_ws/install/subscriber_package/share/subscriber_package/package.sh'
[35.915s] INFO:colcon.colcon_core.shell:Creating package script '/home/debraj/Documents/MotionPlanning/ros_ws/install/subscriber_package/share/subscriber_package/package.bash'
[35.916s] INFO:colcon.colcon_core.shell:Creating package script '/home/debraj/Documents/MotionPlanning/ros_ws/install/subscriber_package/share/subscriber_package/package.zsh'
[35.918s] Level 1:colcon.colcon_core.environment:create_file_with_runtime_dependencies(/home/debraj/Documents/MotionPlanning/ros_ws/install/subscriber_package/share/colcon-core/packages/subscriber_package)
[35.919s] DEBUG:colcon.colcon_parallel_executor.executor.parallel:closing loop
[35.921s] DEBUG:colcon.colcon_parallel_executor.executor.parallel:loop closed
[35.921s] DEBUG:colcon.colcon_parallel_executor.executor.parallel:run_until_complete finished with '0'
[35.924s] DEBUG:colcon.colcon_core.event_reactor:joining thread
[35.941s] INFO:colcon.colcon_core.plugin_system:Skipping extension 'colcon_notification.desktop_notification.terminal_notifier': Not used on non-Darwin systems
[35.941s] INFO:colcon.colcon_core.plugin_system:Skipping extension 'colcon_notification.desktop_notification.win32': Not used on non-Windows systems
[35.941s] INFO:colcon.colcon_notification.desktop_notification:Sending desktop notification using 'notify2'
[35.986s] DEBUG:colcon.colcon_core.event_reactor:joined thread
[35.987s] INFO:colcon.colcon_core.shell:Creating prefix script '/home/debraj/Documents/MotionPlanning/ros_ws/install/local_setup.ps1'
[35.991s] INFO:colcon.colcon_core.shell:Creating prefix util module '/home/debraj/Documents/MotionPlanning/ros_ws/install/_local_setup_util_ps1.py'
[35.994s] INFO:colcon.colcon_core.shell:Creating prefix chain script '/home/debraj/Documents/MotionPlanning/ros_ws/install/setup.ps1'
[35.998s] INFO:colcon.colcon_core.shell:Creating prefix script '/home/debraj/Documents/MotionPlanning/ros_ws/install/local_setup.sh'
[36.000s] INFO:colcon.colcon_core.shell:Creating prefix util module '/home/debraj/Documents/MotionPlanning/ros_ws/install/_local_setup_util_sh.py'
[36.004s] INFO:colcon.colcon_core.shell:Creating prefix chain script '/home/debraj/Documents/MotionPlanning/ros_ws/install/setup.sh'
[36.008s] INFO:colcon.colcon_core.shell:Creating prefix script '/home/debraj/Documents/MotionPlanning/ros_ws/install/local_setup.bash'
[36.010s] INFO:colcon.colcon_core.shell:Creating prefix chain script '/home/debraj/Documents/MotionPlanning/ros_ws/install/setup.bash'
[36.013s] INFO:colcon.colcon_core.shell:Creating prefix script '/home/debraj/Documents/MotionPlanning/ros_ws/install/local_setup.zsh'
[36.017s] INFO:colcon.colcon_core.shell:Creating prefix chain script '/home/debraj/Documents/MotionPlanning/ros_ws/install/setup.zsh'
